 Process in group number            0
 A PDF is used, so alpha_s(MZ) is going to be modified
 Old value of alpha_s from param_card:   0.11799999999999999     
  ****************************************
 
       NNPDFDriver version 1.0.3
   Grid: NNPDF23_lo_as_0130_qed_mem0.grid
  ****************************************
 New value of alpha_s from PDF nn23lo1:  0.13000000000000000     
 Warning! ptj set to xqcut=   62.000000000000000       to improve integration efficiency
 Note that this might affect non-radiated jets,
 e.g. from decays. Use cut_decays=F in run_card.
 Warning! mmjj set to xqcut=   62.000000000000000       to improve integration efficiency
 Note that this might affect non-radiated jets,
 e.g. from decays. Use cut_decays=F in run_card.
 Define smin to   15376.000000000000     
 Define smin to   15376.000000000000     
 Define smin to   15376.000000000000     
 Define smin to   15376.000000000000     
 Define smin to   15376.000000000000     
 Define smin to   15376.000000000000     
 Define smin to   15376.000000000000     
 Define smin to   15376.000000000000     
 Define smin to   15376.000000000000     
 Define smin to   15376.000000000000     
 Define smin to   15376.000000000000     
 Define smin to   15376.000000000000     
 Define smin to   15376.000000000000     
 Define smin to   15376.000000000000     
 Define smin to   15376.000000000000     
 Define smin to   15376.000000000000     
 *****************************************************
 *               MadGraph/MadEvent                   *
 *        --------------------------------           *
 *          http://madgraph.hep.uiuc.edu             *
 *          http://madgraph.phys.ucl.ac.be           *
 *          http://madgraph.roma2.infn.it            *
 *        --------------------------------           *
 *                                                   *
 *          PARAMETER AND COUPLING VALUES            *
 *                                                   *
 *****************************************************

  External Params
  ---------------------------------
  
 mdl_RRd1x1 =    1.0000000000000000     
 mdl_RRd2x2 =    1.0000000000000000     
 mdl_RRd3x3 =   0.93873790000000001     
 mdl_RRd3x6 =   0.34463189999999999     
 mdl_RRd4x4 =    1.0000000000000000     
 mdl_RRd5x5 =    1.0000000000000000     
 mdl_RRd6x3 =  -0.34463189999999999     
 mdl_RRd6x6 =   0.93873790000000001     
 mdl_alp =  -0.11382520000000000     
 mdl_RMUH =    357.68099999999998     
 mdl_tb =    9.7486239999999995     
 mdl_MA2 =    166439.10000000001     
 mdl_RmD21x1 =    273684.70000000001     
 mdl_RmD23x3 =    270262.00000000000     
 mdl_RmE21x1 =    18630.639999999999     
 mdl_RmE23x3 =    17967.630000000001     
 mdl_RmL21x1 =    38155.680000000000     
 mdl_RmL23x3 =    37828.690000000002     
 mdl_RMx1 =    101.39650000000000     
 mdl_RMx2 =    191.50420000000000     
 mdl_RMx3 =    588.26300000000003     
 mdl_mHd2 =    32337.490000000002     
 mdl_mHu2 =   -128800.10000000001     
 mdl_RmQ21x1 =    299836.70000000001     
 mdl_RmQ23x3 =    248765.39999999999     
 mdl_RmU21x1 =    280382.09999999998     
 mdl_RmU23x3 =    179137.10000000001     
 mdl_RNN1x1 =   0.98636440000000003     
 mdl_RNN1x2 =   -5.3110360000000002E-002
 mdl_RNN1x3 =   0.14643400000000001     
 mdl_RNN1x4 =   -5.3118609999999997E-002
 mdl_RNN2x1 =    9.9350540000000001E-002
 mdl_RNN2x2 =   0.94494929999999999     
 mdl_RNN2x3 =  -0.26984669999999999     
 mdl_RNN2x4 =   0.15615070000000000     
 mdl_RNN3x1 =   -6.0338799999999998E-002
 mdl_RNN3x2 =    8.7700490000000006E-002
 mdl_RNN3x3 =   0.69587750000000004     
 mdl_RNN3x4 =   0.71022700000000005     
 mdl_RNN4x1 =  -0.11650710000000000     
 mdl_RNN4x2 =   0.31073899999999999     
 mdl_RNN4x3 =   0.64922599999999997     
 mdl_RNN4x4 =  -0.68437780000000004     
 mdl_RRl1x1 =    1.0000000000000000     
 mdl_RRl2x2 =    1.0000000000000000     
 mdl_RRl3x3 =   0.28248719999999999     
 mdl_RRl3x6 =   0.95927110000000004     
 mdl_RRl4x4 =    1.0000000000000000     
 mdl_RRl5x5 =    1.0000000000000000     
 mdl_RRl6x3 =   0.95927110000000004     
 mdl_RRl6x6 =  -0.28248719999999999     
 aEWM1 =    127.93400000000000     
 aS =   0.11799999999999999     
 mdl_RRn1x1 =    1.0000000000000000     
 mdl_RRn2x2 =    1.0000000000000000     
 mdl_RRn3x3 =    1.0000000000000000     
 mdl_Rtd3x3 =   -110.69370000000001     
 mdl_Rte3x3 =   -25.401969999999999     
 mdl_Rtu3x3 =   -444.75250000000000     
 mdl_RUU1x1 =   0.91683490000000001     
 mdl_RUU1x2 =  -0.39926660000000003     
 mdl_RUU2x1 =   0.39926660000000003     
 mdl_RUU2x2 =   0.91683490000000001     
 mdl_RMNS1x1 =    1.0000000000000000     
 mdl_RMNS2x2 =    1.0000000000000000     
 mdl_RMNS3x3 =    1.0000000000000000     
 mdl_RRu1x1 =    1.0000000000000000     
 mdl_RRu2x2 =    1.0000000000000000     
 mdl_RRu3x3 =   0.55364500000000005     
 mdl_RRu3x6 =   0.83275279999999996     
 mdl_RRu4x4 =    1.0000000000000000     
 mdl_RRu5x5 =    1.0000000000000000     
 mdl_RRu6x3 =   0.83275279999999996     
 mdl_RRu6x6 =  -0.55364500000000005     
 mdl_RCKM1x1 =    1.0000000000000000     
 mdl_RCKM2x2 =    1.0000000000000000     
 mdl_RCKM3x3 =    1.0000000000000000     
 mdl_RVV1x1 =   0.97255780000000003     
 mdl_RVV1x2 =  -0.23266120000000001     
 mdl_RVV2x1 =   0.23266120000000001     
 mdl_RVV2x2 =   0.97255780000000003     
 mdl_Ryd3x3 =   0.13884020000000000     
 mdl_Rye3x3 =   0.10089080000000000     
 mdl_Ryu3x3 =   0.89284450000000004     
 mdl_MZ =    91.187600000000003     
 mdl_MW =    79.829009999999997     
 mdl_Mneu1 =    100000.00000000000     
 mdl_Mneu2 =    100000.00000000000     
 mdl_Mneu3 =    100000.00000000000     
 mdl_Mneu4 =    100000.00000000000     
 mdl_Mch1 =    100000.00000000000     
 mdl_Mch2 =    100000.00000000000     
 mdl_Mgo =    100000.00000000000     
 mdl_MH01 =    110.89910000000000     
 mdl_MH02 =    399.96010000000001     
 mdl_MA0 =    399.58390000000003     
 mdl_MH =    407.87900000000002     
 mdl_Mta =    1.7769999999999999     
 mdl_MT =    175.00000000000000     
 mdl_MB =    4.8899169999999996     
 mdl_Msn1 =    100000.00000000000     
 mdl_Msn3 =    100000.00000000000     
 mdl_Msl1 =    100000.00000000000     
 mdl_Msl3 =    100000.00000000000     
 mdl_Msl4 =    100000.00000000000     
 mdl_Msl6 =    100000.00000000000     
 mdl_Msu1 =    100000.00000000000     
 mdl_Msu3 =    100000.00000000000     
 mdl_Msu4 =    100000.00000000000     
 mdl_Msu6 =    100000.00000000000     
 mdl_Msd1 =    100000.00000000000     
 mdl_Msd3 =    375.00000000000000     
 mdl_Msd4 =    100000.00000000000     
 mdl_Msd6 =    100000.00000000000     
 mdl_WZ =    2.4114330000000002     
 mdl_WW =    2.0028220000000001     
 mdl_Wneu2 =    0.0000000000000000     
 mdl_Wneu3 =    0.0000000000000000     
 mdl_Wneu4 =    0.0000000000000000     
 mdl_Wch1 =    0.0000000000000000     
 mdl_Wch2 =    0.0000000000000000     
 mdl_Wgo =    0.0000000000000000     
 mdl_WH01 =    1.9861079999999999E-003
 mdl_WH02 =   0.57480140000000002     
 mdl_WA0 =   0.63217849999999998     
 mdl_WH =   0.54696279999999997     
 mdl_WT =    1.5619499999999999     
 mdl_Wsn1 =    0.0000000000000000     
 mdl_Wsn2 =    0.0000000000000000     
 mdl_Wsn3 =    0.0000000000000000     
 mdl_Wsl1 =    0.0000000000000000     
 mdl_Wsl2 =    0.0000000000000000     
 mdl_Wsl3 =    0.0000000000000000     
 mdl_Wsl4 =    0.0000000000000000     
 mdl_Wsl5 =    0.0000000000000000     
 mdl_Wsl6 =    0.0000000000000000     
 mdl_Wsu1 =    0.0000000000000000     
 mdl_Wsu2 =    0.0000000000000000     
 mdl_Wsu3 =    0.0000000000000000     
 mdl_Wsu4 =    0.0000000000000000     
 mdl_Wsu5 =    0.0000000000000000     
 mdl_Wsu6 =    0.0000000000000000     
 mdl_Wsd1 =    0.0000000000000000     
 mdl_Wsd2 =    0.0000000000000000     
 mdl_Wsd3 =    0.0000000000000000     
 mdl_Wsd4 =    0.0000000000000000     
 mdl_Wsd5 =    0.0000000000000000     
 mdl_Wsd6 =    0.0000000000000000     
  Internal Params
  ---------------------------------
  
 mdl_Msu5 =    100000.00000000000     
 mdl_Msu2 =    100000.00000000000     
 mdl_RmD22x2 =    273684.70000000001     
 mdl_Msl2 =    100000.00000000000     
 mdl_Msl5 =    100000.00000000000     
 mdl_RmL22x2 =    38155.680000000000     
 mdl_Msd2 =    100000.00000000000     
 mdl_RmQ22x2 =    299836.70000000001     
 mdl_Msd5 =    100000.00000000000     
 mdl_RmU22x2 =    280382.09999999998     
 mdl_Msn2 =    100000.00000000000     
 mdl_RmE22x2 =    18630.639999999999     
 mdl_conjg__CKM3x3 =    1.0000000000000000     
 mdl_I93x22 =    1.0000000000000000     
 mdl_I97x11 =    1.0000000000000000     
 mdl_I43x22 =    1.0000000000000000     
 mdl_I51x11 =    1.0000000000000000     
 mdl_I75x55 =    1.0000000000000000     
 mdl_I92x22 =    1.0000000000000000     
 mdl_I96x11 =    1.0000000000000000     
 mdl_I5x11 =    1.0000000000000000     
 mdl_I100x44 =    1.0000000000000000     
 mdl_conjg__Rn3x3 =    1.0000000000000000     
 mdl_I45x11 =    1.0000000000000000     
 mdl_I75x44 =    1.0000000000000000     
 mdl_I25x22 =    1.0000000000000000     
 mdl_I52x44 =    1.0000000000000000     
 mdl_conjg__Ru1x1 =    1.0000000000000000     
 mdl_I32x44 =    1.0000000000000000     
 mdl_conjg__Ru4x4 =    1.0000000000000000     
 mdl_I6x44 =    1.0000000000000000     
 mdl_I53x11 =    1.0000000000000000     
 mdl_conjg__Rd5x5 =    1.0000000000000000     
 mdl_conjg__Rl1x1 =    1.0000000000000000     
 mdl_I5x22 =    1.0000000000000000     
 mdl_I101x55 =    1.0000000000000000     
 mdl_I102x44 =    1.0000000000000000     
 mdl_I52x55 =    1.0000000000000000     
 mdl_I26x44 =    1.0000000000000000     
 mdl_conjg__Ru2x2 =    1.0000000000000000     
 mdl_I26x55 =    1.0000000000000000     
 mdl_I96x22 =    1.0000000000000000     
 mdl_I13x44 =    1.0000000000000000     
 mdl_I51x22 =    1.0000000000000000     
 mdl_I89x11 =    1.0000000000000000     
 mdl_I98x11 =    1.0000000000000000     
 mdl_I100x55 =    1.0000000000000000     
 mdl_Ru5x5 =    1.0000000000000000     
 mdl_Rl1x1 =    1.0000000000000000     
 mdl_conjg__Rl4x4 =    1.0000000000000000     
 mdl_Ru2x2 =    1.0000000000000000     
 mdl_Ru4x4 =    1.0000000000000000     
 mdl_conjg__Rd4x4 =    1.0000000000000000     
 mdl_Rd1x1 =    1.0000000000000000     
 mdl_I7x22 =    1.0000000000000000     
 mdl_I25x11 =    1.0000000000000000     
 mdl_I6x55 =    1.0000000000000000     
 mdl_CKM3x3 =    1.0000000000000000     
 mdl_Rn3x3 =    1.0000000000000000     
 mdl_conjg__Rd1x1 =    1.0000000000000000     
 mdl_I85x22 =    1.0000000000000000     
 mdl_conjg__Rn2x2 =    1.0000000000000000     
 mdl_I39x11 =    1.0000000000000000     
 mdl_I101x44 =    1.0000000000000000     
 mdl_I102x55 =    1.0000000000000000     
 mdl_atan__tb =    1.4685752826790794     
 mdl_beta =    1.4685752826790794     
 mdl_cw =   0.87543712083660485     
 mdl_mD21x1 =  (  273684.70000000001     ,  0.0000000000000000     )
 mdl_mD22x2 =  (  273684.70000000001     ,  0.0000000000000000     )
 mdl_mD23x3 =  (  270262.00000000000     ,  0.0000000000000000     )
 mdl_mE21x1 =  (  18630.639999999999     ,  0.0000000000000000     )
 mdl_mE22x2 =  (  18630.639999999999     ,  0.0000000000000000     )
 mdl_mE23x3 =  (  17967.630000000001     ,  0.0000000000000000     )
 mdl_mL21x1 =  (  38155.680000000000     ,  0.0000000000000000     )
 mdl_mL22x2 =  (  38155.680000000000     ,  0.0000000000000000     )
 mdl_mL23x3 =  (  37828.690000000002     ,  0.0000000000000000     )
 mdl_mQ21x1 =  (  299836.70000000001     ,  0.0000000000000000     )
 mdl_mQ22x2 =  (  299836.70000000001     ,  0.0000000000000000     )
 mdl_mQ23x3 =  (  248765.39999999999     ,  0.0000000000000000     )
 mdl_mU21x1 =  (  280382.09999999998     ,  0.0000000000000000     )
 mdl_mU22x2 =  (  280382.09999999998     ,  0.0000000000000000     )
 mdl_mU23x3 =  (  179137.10000000001     ,  0.0000000000000000     )
 mdl_MUH =  (  357.68099999999998     ,  0.0000000000000000     )
 mdl_Mx1 =  (  101.39650000000000     ,  0.0000000000000000     )
 mdl_Mx2 =  (  191.50420000000000     ,  0.0000000000000000     )
 mdl_Mx3 =  (  588.26300000000003     ,  0.0000000000000000     )
 mdl_NN1x1 =  ( 0.98636440000000003     ,  0.0000000000000000     )
 mdl_NN1x2 =  ( -5.3110360000000002E-002,  0.0000000000000000     )
 mdl_NN1x3 =  ( 0.14643400000000001     ,  0.0000000000000000     )
 mdl_NN1x4 =  ( -5.3118609999999997E-002,  0.0000000000000000     )
 mdl_NN2x1 =  (  9.9350540000000001E-002,  0.0000000000000000     )
 mdl_NN2x2 =  ( 0.94494929999999999     ,  0.0000000000000000     )
 mdl_NN2x3 =  (-0.26984669999999999     ,  0.0000000000000000     )
 mdl_NN2x4 =  ( 0.15615070000000000     ,  0.0000000000000000     )
 mdl_NN3x1 =  ( -6.0338799999999998E-002,  0.0000000000000000     )
 mdl_NN3x2 =  (  8.7700490000000006E-002,  0.0000000000000000     )
 mdl_NN3x3 =  ( 0.69587750000000004     ,  0.0000000000000000     )
 mdl_NN3x4 =  ( 0.71022700000000005     ,  0.0000000000000000     )
 mdl_NN4x1 =  (-0.11650710000000000     ,  0.0000000000000000     )
 mdl_NN4x2 =  ( 0.31073899999999999     ,  0.0000000000000000     )
 mdl_NN4x3 =  ( 0.64922599999999997     ,  0.0000000000000000     )
 mdl_NN4x4 =  (-0.68437780000000004     ,  0.0000000000000000     )
 mdl_Rd3x3 =  ( 0.93873790000000001     ,  0.0000000000000000     )
 mdl_Rd3x6 =  ( 0.34463189999999999     ,  0.0000000000000000     )
 mdl_Rd6x3 =  (-0.34463189999999999     ,  0.0000000000000000     )
 mdl_Rd6x6 =  ( 0.93873790000000001     ,  0.0000000000000000     )
 mdl_Rl3x3 =  ( 0.28248719999999999     ,  0.0000000000000000     )
 mdl_Rl3x6 =  ( 0.95927110000000004     ,  0.0000000000000000     )
 mdl_Rl6x3 =  ( 0.95927110000000004     ,  0.0000000000000000     )
 mdl_Rl6x6 =  (-0.28248719999999999     ,  0.0000000000000000     )
 mdl_Ru3x3 =  ( 0.55364500000000005     ,  0.0000000000000000     )
 mdl_Ru3x6 =  ( 0.83275279999999996     ,  0.0000000000000000     )
 mdl_Ru6x3 =  ( 0.83275279999999996     ,  0.0000000000000000     )
 mdl_Ru6x6 =  (-0.55364500000000005     ,  0.0000000000000000     )
 mdl_UU1x1 =  ( 0.91683490000000001     ,  0.0000000000000000     )
 mdl_UU1x2 =  (-0.39926660000000003     ,  0.0000000000000000     )
 mdl_UU2x1 =  ( 0.39926660000000003     ,  0.0000000000000000     )
 mdl_UU2x2 =  ( 0.91683490000000001     ,  0.0000000000000000     )
 mdl_VV1x1 =  ( 0.97255780000000003     ,  0.0000000000000000     )
 mdl_VV1x2 =  (-0.23266120000000001     ,  0.0000000000000000     )
 mdl_VV2x1 =  ( 0.23266120000000001     ,  0.0000000000000000     )
 mdl_VV2x2 =  ( 0.97255780000000003     ,  0.0000000000000000     )
 mdl_td3x3 =  ( -110.69370000000001     ,  0.0000000000000000     )
 mdl_te3x3 =  ( -25.401969999999999     ,  0.0000000000000000     )
 mdl_tu3x3 =  ( -444.75250000000000     ,  0.0000000000000000     )
 mdl_yd3x3 =  ( 0.13884020000000000     ,  0.0000000000000000     )
 mdl_ye3x3 =  ( 0.10089080000000000     ,  0.0000000000000000     )
 mdl_yu3x3 =  ( 0.89284450000000004     ,  0.0000000000000000     )
 mdl_MZ__exp__2 =    8315.1783937600012     
 mdl_bb =  (  15860.964102273132     ,  0.0000000000000000     )
 mdl_cw__exp__2 =   0.76639015253868426     
 mdl_sw =   0.48333202610763931     
 mdl_cos__beta =   0.10204311673550755     
 mdl_sin__beta =   0.99477997684256969     
 mdl_conjg__yu3x3 =  ( 0.89284450000000004     , -0.0000000000000000     )
 mdl_I1x33 =  ( 0.89284450000000004     ,  0.0000000000000000     )
 mdl_conjg__yd3x3 =  ( 0.13884020000000000     , -0.0000000000000000     )
 mdl_I10x33 =  ( 0.13033455778358000     ,  0.0000000000000000     )
 mdl_I10x36 =  ( -4.7848761922379995E-002,  0.0000000000000000     )
 mdl_conjg__Rd3x6 =  ( 0.34463189999999999     , -0.0000000000000000     )
 mdl_I100x33 =  ( 0.11877114649760999     ,  0.0000000000000000     )
 mdl_I100x36 =  ( 0.32351902607901001     ,  0.0000000000000000     )
 mdl_conjg__Rd6x6 =  ( 0.93873790000000001     , -0.0000000000000000     )
 mdl_I100x63 =  ( 0.32351902607901001     ,  0.0000000000000000     )
 mdl_I100x66 =  ( 0.88122884489641007     ,  0.0000000000000000     )
 mdl_conjg__Rl3x6 =  ( 0.95927110000000004     , -0.0000000000000000     )
 mdl_I101x33 =  ( 0.92020104329521013     ,  0.0000000000000000     )
 mdl_I101x36 =  (-0.27098180707992003     ,  0.0000000000000000     )
 mdl_conjg__Rl6x6 =  (-0.28248719999999999     , -0.0000000000000000     )
 mdl_I101x63 =  (-0.27098180707992003     , -0.0000000000000000     )
 mdl_I101x66 =  (  7.9799018163839996E-002,  0.0000000000000000     )
 mdl_conjg__Ru3x6 =  ( 0.83275279999999996     , -0.0000000000000000     )
 mdl_I102x33 =  ( 0.69347722590783989     ,  0.0000000000000000     )
 mdl_I102x36 =  (-0.46104942395600002     ,  0.0000000000000000     )
 mdl_conjg__Ru6x6 =  (-0.55364500000000005     , -0.0000000000000000     )
 mdl_I102x63 =  (-0.46104942395600002     , -0.0000000000000000     )
 mdl_I102x66 =  ( 0.30652278602500005     ,  0.0000000000000000     )
 mdl_I11x33 =  (  4.7848761922379995E-002,  0.0000000000000000     )
 mdl_I11x36 =  ( 0.13033455778358000     ,  0.0000000000000000     )
 mdl_conjg__Rd3x3 =  ( 0.93873790000000001     , -0.0000000000000000     )
 mdl_I12x33 =  ( 0.88122884489641007     ,  0.0000000000000000     )
 mdl_I12x36 =  (-0.32351902607901001     ,  0.0000000000000000     )
 mdl_conjg__Rd6x3 =  (-0.34463189999999999     , -0.0000000000000000     )
 mdl_I12x63 =  (-0.32351902607901001     , -0.0000000000000000     )
 mdl_I12x66 =  ( 0.11877114649760999     ,  0.0000000000000000     )
 mdl_I13x33 =  ( 0.11877114649760999     ,  0.0000000000000000     )
 mdl_I13x36 =  ( 0.32351902607901001     ,  0.0000000000000000     )
 mdl_I13x63 =  ( 0.32351902607901001     ,  0.0000000000000000     )
 mdl_I13x66 =  ( 0.88122884489641007     ,  0.0000000000000000     )
 mdl_conjg__td3x3 =  ( -110.69370000000001     , -0.0000000000000000     )
 mdl_I14x33 =  ( -35.811518017082115     , -0.0000000000000000     )
 mdl_I14x36 =  (  13.147217659062491     ,  0.0000000000000000     )
 mdl_I14x63 =  ( -97.546481388309758     , -0.0000000000000000     )
 mdl_I14x66 =  (  35.811518017082115     ,  0.0000000000000000     )
 mdl_I15x33 =  (  4.4917446284614963E-002,  0.0000000000000000     )
 mdl_I15x36 =  ( -1.6490209733957470E-002,  0.0000000000000000     )
 mdl_I15x63 =  ( 0.12234998907118655     ,  0.0000000000000000     )
 mdl_I15x66 =  ( -4.4917446284614963E-002,  0.0000000000000000     )
 mdl_I16x33 =  ( -35.811518017082115     ,  0.0000000000000000     )
 mdl_I16x36 =  ( -97.546481388309758     ,  0.0000000000000000     )
 mdl_I16x63 =  (  13.147217659062493     ,  0.0000000000000000     )
 mdl_I16x66 =  (  35.811518017082115     ,  0.0000000000000000     )
 mdl_I17x33 =  (  1.6987096952641351E-002,  0.0000000000000000     )
 mdl_I17x36 =  ( -6.2363472256451984E-003,  0.0000000000000000     )
 mdl_I17x63 =  ( -6.2363472256451984E-003,  0.0000000000000000     )
 mdl_I17x66 =  (  2.2895040175046019E-003,  0.0000000000000000     )
 mdl_I18x33 =  (  4.4917446284614963E-002,  0.0000000000000000     )
 mdl_I18x36 =  ( 0.12234998907118654     ,  0.0000000000000000     )
 mdl_I18x63 =  ( -1.6490209733957470E-002, -0.0000000000000000     )
 mdl_I18x66 =  ( -4.4917446284614963E-002, -0.0000000000000000     )
 mdl_I19x33 =  (  2.2895040175046019E-003,  0.0000000000000000     )
 mdl_I19x36 =  (  6.2363472256451984E-003,  0.0000000000000000     )
 mdl_I19x63 =  (  6.2363472256451984E-003,  0.0000000000000000     )
 mdl_I19x66 =  (  1.6987096952641351E-002,  0.0000000000000000     )
 mdl_I2x33 =  ( 0.13884020000000000     ,  0.0000000000000000     )
 mdl_I20x33 =  ( 0.13884020000000000     ,  0.0000000000000000     )
 mdl_I21x33 =  ( 0.89284450000000004     ,  0.0000000000000000     )
 mdl_conjg__ye3x3 =  ( 0.10089080000000000     , -0.0000000000000000     )
 mdl_I22x33 =  ( 0.10089080000000000     , -0.0000000000000000     )
 mdl_I23x33 =  (  9.6781628695880001E-002, -0.0000000000000000     )
 mdl_I23x36 =  ( -2.8500359597760001E-002,  0.0000000000000000     )
 mdl_conjg__Rl3x3 =  ( 0.28248719999999999     , -0.0000000000000000     )
 mdl_I24x33 =  (  2.8500359597760001E-002,  0.0000000000000000     )
 mdl_conjg__Rl6x3 =  ( 0.95927110000000004     , -0.0000000000000000     )
 mdl_I24x36 =  (  9.6781628695880001E-002,  0.0000000000000000     )
 mdl_I25x33 =  (  7.9799018163839996E-002,  0.0000000000000000     )
 mdl_I25x36 =  ( 0.27098180707992003     ,  0.0000000000000000     )
 mdl_I25x63 =  ( 0.27098180707992003     ,  0.0000000000000000     )
 mdl_I25x66 =  ( 0.92020104329521013     ,  0.0000000000000000     )
 mdl_I26x33 =  ( 0.92020104329521013     ,  0.0000000000000000     )
 mdl_I26x36 =  (-0.27098180707992003     ,  0.0000000000000000     )
 mdl_I26x63 =  (-0.27098180707992003     , -0.0000000000000000     )
 mdl_I26x66 =  (  7.9799018163839996E-002,  0.0000000000000000     )
 mdl_I27x33 =  (  2.8500359597760001E-002,  0.0000000000000000     )
 mdl_I27x36 =  (  9.6781628695880001E-002,  0.0000000000000000     )
 mdl_I28x33 =  (  9.6781628695880001E-002,  0.0000000000000000     )
 mdl_I28x36 =  ( -2.8500359597760001E-002,  0.0000000000000000     )
 mdl_I29x33 =  ( 0.28248719999999999     ,  0.0000000000000000     )
 mdl_I29x36 =  ( 0.95927110000000004     ,  0.0000000000000000     )
 mdl_I3x33 =  (  4.7848761922379995E-002, -0.0000000000000000     )
 mdl_I3x36 =  ( 0.13033455778358000     , -0.0000000000000000     )
 mdl_I30x33 =  (  9.6781628695880001E-002,  0.0000000000000000     )
 mdl_I30x36 =  ( -2.8500359597760001E-002,  0.0000000000000000     )
 mdl_I31x33 =  (  7.9799018163839996E-002,  0.0000000000000000     )
 mdl_I31x36 =  ( 0.27098180707992003     ,  0.0000000000000000     )
 mdl_I31x63 =  ( 0.27098180707992003     ,  0.0000000000000000     )
 mdl_I31x66 =  ( 0.92020104329521013     ,  0.0000000000000000     )
 mdl_I32x33 =  ( 0.92020104329521013     ,  0.0000000000000000     )
 mdl_I32x36 =  (-0.27098180707992003     ,  0.0000000000000000     )
 mdl_I32x63 =  (-0.27098180707992003     , -0.0000000000000000     )
 mdl_I32x66 =  (  7.9799018163839996E-002,  0.0000000000000000     )
 mdl_conjg__te3x3 =  ( -25.401969999999999     , -0.0000000000000000     )
 mdl_I33x33 =  ( -6.8834717339899161     , -0.0000000000000000     )
 mdl_I33x36 =  ( -23.374919295753628     , -0.0000000000000000     )
 mdl_I33x63 =  (  2.0270522654273186     ,  0.0000000000000000     )
 mdl_I33x66 =  (  6.8834717339899161     ,  0.0000000000000000     )
 mdl_I34x33 =  (  2.7339571301738797E-002,  0.0000000000000000     )
 mdl_I34x36 =  (  9.2839819418888386E-002,  0.0000000000000000     )
 mdl_I34x63 =  ( -8.0509867817643490E-003,  0.0000000000000000     )
 mdl_I34x66 =  ( -2.7339571301738797E-002,  0.0000000000000000     )
 mdl_I35x33 =  ( -6.8834717339899152     ,  0.0000000000000000     )
 mdl_I35x36 =  (  2.0270522654273186     , -0.0000000000000000     )
 mdl_I35x63 =  ( -23.374919295753628     ,  0.0000000000000000     )
 mdl_I35x66 =  (  6.8834717339899152     , -0.0000000000000000     )
 mdl_I36x33 =  (  8.1227049720163059E-004,  0.0000000000000000     )
 mdl_I36x36 =  (  2.7583112202894684E-003,  0.0000000000000000     )
 mdl_I36x63 =  (  2.7583112202894684E-003,  0.0000000000000000     )
 mdl_I36x66 =  (  9.3666836530271833E-003,  0.0000000000000000     )
 mdl_I37x33 =  (  2.7339571301738794E-002,  0.0000000000000000     )
 mdl_I37x36 =  ( -8.0509867817643490E-003,  0.0000000000000000     )
 mdl_I37x63 =  (  9.2839819418888372E-002,  0.0000000000000000     )
 mdl_I37x66 =  ( -2.7339571301738794E-002,  0.0000000000000000     )
 mdl_I38x33 =  (  9.3666836530271833E-003,  0.0000000000000000     )
 mdl_I38x36 =  ( -2.7583112202894684E-003,  0.0000000000000000     )
 mdl_I38x63 =  ( -2.7583112202894684E-003,  0.0000000000000000     )
 mdl_I38x66 =  (  8.1227049720163059E-004,  0.0000000000000000     )
 mdl_I39x33 =  ( 0.28248719999999999     ,  0.0000000000000000     )
 mdl_I39x36 =  ( 0.95927110000000004     ,  0.0000000000000000     )
 mdl_I4x33 =  ( 0.13033455778358000     ,  0.0000000000000000     )
 mdl_I4x36 =  ( -4.7848761922379995E-002, -0.0000000000000000     )
 mdl_I40x33 =  ( -24.367375704067001     ,  0.0000000000000000     )
 mdl_I40x36 =  (  7.1757313797839997     ,  0.0000000000000000     )
 mdl_I41x33 =  (  2.8754240801056848E-003,  0.0000000000000000     )
 mdl_I41x36 =  (  9.7643759444302897E-003,  0.0000000000000000     )
 mdl_I42x33 =  (  9.6781628695880001E-002,  0.0000000000000000     )
 mdl_I42x36 =  ( -2.8500359597760001E-002,  0.0000000000000000     )
 mdl_I44x33 =  ( 0.10089080000000000     ,  0.0000000000000000     )
 mdl_I45x33 =  ( 0.28248719999999999     ,  0.0000000000000000     )
 mdl_I45x36 =  ( 0.95927110000000004     ,  0.0000000000000000     )
 mdl_I46x33 =  (  9.6781628695880001E-002,  0.0000000000000000     )
 mdl_I46x36 =  ( -2.8500359597760001E-002,  0.0000000000000000     )
 mdl_I47x33 =  ( -24.367375704067001     , -0.0000000000000000     )
 mdl_I47x36 =  (  7.1757313797839997     ,  0.0000000000000000     )
 mdl_I48x33 =  (  2.8754240801056848E-003,  0.0000000000000000     )
 mdl_I48x36 =  (  9.7643759444302897E-003,  0.0000000000000000     )
 mdl_I49x33 =  ( 0.74351875733960004     , -0.0000000000000000     )
 mdl_I49x36 =  (-0.49431889320250005     ,  0.0000000000000000     )
 mdl_I5x33 =  ( 0.88122884489641007     ,  0.0000000000000000     )
 mdl_I5x36 =  (-0.32351902607901001     ,  0.0000000000000000     )
 mdl_I5x63 =  (-0.32351902607901001     , -0.0000000000000000     )
 mdl_I5x66 =  ( 0.11877114649760999     ,  0.0000000000000000     )
 mdl_conjg__Ru3x3 =  ( 0.55364500000000005     , -0.0000000000000000     )
 mdl_I50x33 =  ( 0.49431889320250005     ,  0.0000000000000000     )
 mdl_conjg__Ru6x3 =  ( 0.83275279999999996     , -0.0000000000000000     )
 mdl_I50x36 =  ( 0.74351875733960004     ,  0.0000000000000000     )
 mdl_I51x33 =  ( 0.30652278602500005     ,  0.0000000000000000     )
 mdl_I51x36 =  ( 0.46104942395600002     ,  0.0000000000000000     )
 mdl_I51x63 =  ( 0.46104942395600002     ,  0.0000000000000000     )
 mdl_I51x66 =  ( 0.69347722590783989     ,  0.0000000000000000     )
 mdl_I52x33 =  ( 0.69347722590783989     ,  0.0000000000000000     )
 mdl_I52x36 =  (-0.46104942395600002     ,  0.0000000000000000     )
 mdl_I52x63 =  (-0.46104942395600002     , -0.0000000000000000     )
 mdl_I52x66 =  ( 0.30652278602500005     ,  0.0000000000000000     )
 mdl_I53x33 =  ( 0.51972754464550008     ,  0.0000000000000000     )
 mdl_I53x36 =  ( 0.78173661469111999     ,  0.0000000000000000     )
 mdl_I53x63 =  (-0.19080372827550002     ,  0.0000000000000000     )
 mdl_I53x66 =  (-0.28699317969431998     ,  0.0000000000000000     )
 mdl_conjg__tu3x3 =  ( -444.75250000000000     , -0.0000000000000000     )
 mdl_I54x33 =  ( -347.67931372541233     , -0.0000000000000000     )
 mdl_I54x36 =  (  231.15012479994778     ,  0.0000000000000000     )
 mdl_I54x63 =  (  127.64093415199804     ,  0.0000000000000000     )
 mdl_I54x66 =  ( -84.860435159849317     , -0.0000000000000000     )
 mdl_I55x33 =  ( 0.69796923687558576     ,  0.0000000000000000     )
 mdl_I55x36 =  (-0.46403587973523924     ,  0.0000000000000000     )
 mdl_I55x63 =  (-0.25624028202758531     ,  0.0000000000000000     )
 mdl_I55x66 =  ( 0.17035805937027468     ,  0.0000000000000000     )
 mdl_I56x33 =  ( -21.120770656609718     ,  0.0000000000000000     )
 mdl_I56x36 =  ( -31.768336935129152     ,  0.0000000000000000     )
 mdl_I56x63 =  ( -57.530564908725594     ,  0.0000000000000000     )
 mdl_I56x66 =  ( -86.533318305634438     ,  0.0000000000000000     )
 mdl_I57x33 =  (  2.6491227794516074E-002,  0.0000000000000000     )
 mdl_I57x36 =  (  3.9846190467395320E-002,  0.0000000000000000     )
 mdl_I57x63 =  (  7.2159076244090153E-002,  0.0000000000000000     )
 mdl_I57x66 =  ( 0.10853646793103804     ,  0.0000000000000000     )
 mdl_I58x33 =  (  1.0018580577544725E-002,  0.0000000000000000     )
 mdl_I58x36 =  (  1.5069224914838907E-002,  0.0000000000000000     )
 mdl_I58x63 =  ( -3.6780473652361706E-003,  0.0000000000000000     )
 mdl_I58x66 =  ( -5.5322530537312599E-003,  0.0000000000000000     )
 mdl_I59x33 =  (  3.5576452004766342E-002,  0.0000000000000000     )
 mdl_I59x36 =  ( -2.3652547034580806E-002,  0.0000000000000000     )
 mdl_I59x63 =  (  9.6906188441653690E-002,  0.0000000000000000     )
 mdl_I59x66 =  ( -6.4426834349616560E-002,  0.0000000000000000     )
 mdl_I6x33 =  ( 0.11877114649760999     ,  0.0000000000000000     )
 mdl_I6x36 =  ( 0.32351902607901001     ,  0.0000000000000000     )
 mdl_I6x63 =  ( 0.32351902607901001     ,  0.0000000000000000     )
 mdl_I6x66 =  ( 0.88122884489641007     ,  0.0000000000000000     )
 mdl_I60x33 =  ( 0.41431188302426980     ,  0.0000000000000000     )
 mdl_I60x36 =  ( 0.62317799431356391     ,  0.0000000000000000     )
 mdl_I60x63 =  (-0.15210325633942320     ,  0.0000000000000000     )
 mdl_I60x66 =  (-0.22878272648677841     ,  0.0000000000000000     )
 mdl_I61x33 =  ( 0.49431889320250005     ,  0.0000000000000000     )
 mdl_I61x36 =  ( 0.74351875733960004     ,  0.0000000000000000     )
 mdl_I62x33 =  ( 0.74351875733960004     ,  0.0000000000000000     )
 mdl_I62x36 =  (-0.49431889320250005     ,  0.0000000000000000     )
 mdl_I63x33 =  ( 0.55364500000000005     ,  0.0000000000000000     )
 mdl_I63x36 =  ( 0.83275279999999996     ,  0.0000000000000000     )
 mdl_I64x33 =  (  7.6868182529000004E-002,  0.0000000000000000     )
 mdl_I64x36 =  ( 0.11561956530256000     ,  0.0000000000000000     )
 mdl_I65x33 =  ( 0.74351875733960004     ,  0.0000000000000000     )
 mdl_I65x36 =  (-0.49431889320250005     ,  0.0000000000000000     )
 mdl_I66x33 =  ( 0.51972754464550008     ,  0.0000000000000000     )
 mdl_I66x36 =  ( 0.78173661469111999     ,  0.0000000000000000     )
 mdl_I66x63 =  (-0.19080372827550002     , -0.0000000000000000     )
 mdl_I66x66 =  (-0.28699317969431998     , -0.0000000000000000     )
 mdl_I67x33 =  (  2.6491227794516077E-002,  0.0000000000000000     )
 mdl_I67x36 =  (  3.9846190467395320E-002,  0.0000000000000000     )
 mdl_I67x63 =  (  7.2159076244090153E-002,  0.0000000000000000     )
 mdl_I67x66 =  ( 0.10853646793103804     ,  0.0000000000000000     )
 mdl_I68x33 =  ( -21.120770656609718     , -0.0000000000000000     )
 mdl_I68x36 =  ( -31.768336935129149     , -0.0000000000000000     )
 mdl_I68x63 =  ( -57.530564908725594     , -0.0000000000000000     )
 mdl_I68x66 =  ( -86.533318305634438     , -0.0000000000000000     )
 mdl_I69x33 =  ( -347.67931372541233     ,  0.0000000000000000     )
 mdl_I69x36 =  (  231.15012479994778     , -0.0000000000000000     )
 mdl_I69x63 =  (  127.64093415199804     ,  0.0000000000000000     )
 mdl_I69x66 =  ( -84.860435159849317     ,  0.0000000000000000     )
 mdl_I7x33 =  ( 0.93873790000000001     ,  0.0000000000000000     )
 mdl_I7x36 =  (-0.34463189999999999     ,  0.0000000000000000     )
 mdl_I70x33 =  (  1.0018580577544725E-002,  0.0000000000000000     )
 mdl_I70x36 =  (  1.5069224914838907E-002,  0.0000000000000000     )
 mdl_I70x63 =  ( -3.6780473652361710E-003,  0.0000000000000000     )
 mdl_I70x66 =  ( -5.5322530537312608E-003,  0.0000000000000000     )
 mdl_I71x33 =  ( 0.41431188302426980     ,  0.0000000000000000     )
 mdl_I71x36 =  ( 0.62317799431356391     ,  0.0000000000000000     )
 mdl_I71x63 =  (-0.15210325633942320     ,  0.0000000000000000     )
 mdl_I71x66 =  (-0.22878272648677841     ,  0.0000000000000000     )
 mdl_I72x33 =  ( 0.69796923687558576     ,  0.0000000000000000     )
 mdl_I72x36 =  (-0.46403587973523919     ,  0.0000000000000000     )
 mdl_I72x63 =  (-0.25624028202758531     , -0.0000000000000000     )
 mdl_I72x66 =  ( 0.17035805937027468     ,  0.0000000000000000     )
 mdl_I73x33 =  (  3.5576452004766349E-002,  0.0000000000000000     )
 mdl_I73x36 =  ( -2.3652547034580810E-002,  0.0000000000000000     )
 mdl_I73x63 =  (  9.6906188441653704E-002,  0.0000000000000000     )
 mdl_I73x66 =  ( -6.4426834349616560E-002,  0.0000000000000000     )
 mdl_I74x33 =  ( 0.30652278602500005     ,  0.0000000000000000     )
 mdl_I74x36 =  ( 0.46104942395600002     ,  0.0000000000000000     )
 mdl_I74x63 =  ( 0.46104942395600002     ,  0.0000000000000000     )
 mdl_I74x66 =  ( 0.69347722590783989     ,  0.0000000000000000     )
 mdl_I75x33 =  ( 0.69347722590783989     ,  0.0000000000000000     )
 mdl_I75x36 =  (-0.46104942395600002     ,  0.0000000000000000     )
 mdl_I75x63 =  (-0.46104942395600002     , -0.0000000000000000     )
 mdl_I75x66 =  ( 0.30652278602500005     ,  0.0000000000000000     )
 mdl_I76x33 =  ( 0.41164544240728285     ,  0.0000000000000000     )
 mdl_I76x36 =  ( 0.61916732702707233     ,  0.0000000000000000     )
 mdl_I76x63 =  (-0.27367718362709814     ,  0.0000000000000000     )
 mdl_I76x66 =  (-0.41164544240728285     ,  0.0000000000000000     )
 mdl_I77x33 =  ( -205.05288392799091     , -0.0000000000000000     )
 mdl_I77x36 =  ( -308.42572991557654     , -0.0000000000000000     )
 mdl_I77x63 =  (  136.32677539158382     ,  0.0000000000000000     )
 mdl_I77x66 =  (  205.05288392799091     ,  0.0000000000000000     )
 mdl_I78x33 =  ( -205.05288392799091     ,  0.0000000000000000     )
 mdl_I78x36 =  (  136.32677539158385     , -0.0000000000000000     )
 mdl_I78x63 =  ( -308.42572991557660     ,  0.0000000000000000     )
 mdl_I78x66 =  (  205.05288392799091     , -0.0000000000000000     )
 mdl_I79x33 =  ( 0.41164544240728290     ,  0.0000000000000000     )
 mdl_I79x36 =  (-0.27367718362709814     ,  0.0000000000000000     )
 mdl_I79x63 =  ( 0.61916732702707244     ,  0.0000000000000000     )
 mdl_I79x66 =  (-0.41164544240728285     ,  0.0000000000000000     )
 mdl_I8x33 =  ( 0.83814697095655000     ,  0.0000000000000000     )
 mdl_I8x36 =  (-0.30770269643955001     ,  0.0000000000000000     )
 mdl_I80x33 =  ( 0.24435116817694463     ,  0.0000000000000000     )
 mdl_I80x36 =  ( 0.36753536920340929     ,  0.0000000000000000     )
 mdl_I80x63 =  ( 0.36753536920340929     ,  0.0000000000000000     )
 mdl_I80x66 =  ( 0.55282014251582301     ,  0.0000000000000000     )
 mdl_I81x33 =  ( 0.55282014251582301     ,  0.0000000000000000     )
 mdl_I81x36 =  (-0.36753536920340929     ,  0.0000000000000000     )
 mdl_I81x63 =  (-0.36753536920340929     ,  0.0000000000000000     )
 mdl_I81x66 =  ( 0.24435116817694463     ,  0.0000000000000000     )
 mdl_I82x33 =  ( 0.93873790000000001     ,  0.0000000000000000     )
 mdl_I82x36 =  (-0.34463189999999999     , -0.0000000000000000     )
 mdl_I83x33 =  (  4.7848761922379995E-002,  0.0000000000000000     )
 mdl_I83x36 =  ( 0.13033455778358000     ,  0.0000000000000000     )
 mdl_I84x33 =  ( 0.83814697095655000     ,  0.0000000000000000     )
 mdl_I84x36 =  (-0.30770269643955001     , -0.0000000000000000     )
 mdl_I85x33 =  ( 0.28248719999999999     , -0.0000000000000000     )
 mdl_I85x36 =  ( 0.95927110000000004     , -0.0000000000000000     )
 mdl_I86x33 =  (  9.6781628695880001E-002, -0.0000000000000000     )
 mdl_I86x36 =  ( -2.8500359597760001E-002,  0.0000000000000000     )
 mdl_I88x33 =  ( 0.10089080000000000     ,  0.0000000000000000     )
 mdl_I89x33 =  ( 0.55364500000000005     ,  0.0000000000000000     )
 mdl_I89x36 =  ( 0.83275279999999996     ,  0.0000000000000000     )
 mdl_I9x33 =  (  4.7848761922379995E-002,  0.0000000000000000     )
 mdl_I9x36 =  ( 0.13033455778358000     ,  0.0000000000000000     )
 mdl_I90x33 =  ( 0.74351875733960004     ,  0.0000000000000000     )
 mdl_I90x36 =  (-0.49431889320250005     ,  0.0000000000000000     )
 mdl_I91x33 =  (  7.6868182529000004E-002,  0.0000000000000000     )
 mdl_I91x36 =  ( 0.11561956530256000     ,  0.0000000000000000     )
 mdl_I92x33 =  ( 0.51972754464550008     ,  0.0000000000000000     )
 mdl_I92x36 =  ( 0.78173661469111999     ,  0.0000000000000000     )
 mdl_I92x63 =  (-0.19080372827550002     , -0.0000000000000000     )
 mdl_I92x66 =  (-0.28699317969431998     , -0.0000000000000000     )
 mdl_I93x33 =  ( 0.28248719999999999     ,  0.0000000000000000     )
 mdl_I93x36 =  ( 0.95927110000000004     ,  0.0000000000000000     )
 mdl_I94x33 =  ( 0.51972754464550008     ,  0.0000000000000000     )
 mdl_I94x36 =  ( 0.78173661469111999     ,  0.0000000000000000     )
 mdl_I94x63 =  (-0.19080372827550002     ,  0.0000000000000000     )
 mdl_I94x66 =  (-0.28699317969431998     ,  0.0000000000000000     )
 mdl_I95x33 =  ( 0.28248719999999999     ,  0.0000000000000000     )
 mdl_I95x36 =  ( 0.95927110000000004     ,  0.0000000000000000     )
 mdl_I96x33 =  ( 0.88122884489641007     ,  0.0000000000000000     )
 mdl_I96x36 =  (-0.32351902607901001     ,  0.0000000000000000     )
 mdl_I96x63 =  (-0.32351902607901001     , -0.0000000000000000     )
 mdl_I96x66 =  ( 0.11877114649760999     ,  0.0000000000000000     )
 mdl_I97x33 =  (  7.9799018163839996E-002,  0.0000000000000000     )
 mdl_I97x36 =  ( 0.27098180707992003     ,  0.0000000000000000     )
 mdl_I97x63 =  ( 0.27098180707992003     ,  0.0000000000000000     )
 mdl_I97x66 =  ( 0.92020104329521013     ,  0.0000000000000000     )
 mdl_I98x33 =  ( 0.30652278602500005     ,  0.0000000000000000     )
 mdl_I98x36 =  ( 0.46104942395600002     ,  0.0000000000000000     )
 mdl_I98x63 =  ( 0.46104942395600002     ,  0.0000000000000000     )
 mdl_I98x66 =  ( 0.69347722590783989     ,  0.0000000000000000     )
 mdl_I99x33 =  ( 0.10089080000000000     ,  0.0000000000000000     )
 mdl_complexi =  (  0.0000000000000000     ,  1.0000000000000000     )
 mdl_sqrt__2 =    1.4142135623730951     
 mdl_sw__exp__2 =   0.23360984746131572     
 mdl_conjg__NN1x1 =  ( 0.98636440000000003     , -0.0000000000000000     )
 mdl_conjg__NN1x2 =  ( -5.3110360000000002E-002, -0.0000000000000000     )
 mdl_conjg__NN1x3 =  ( 0.14643400000000001     , -0.0000000000000000     )
 mdl_conjg__NN1x4 =  ( -5.3118609999999997E-002, -0.0000000000000000     )
 mdl_conjg__NN2x1 =  (  9.9350540000000001E-002, -0.0000000000000000     )
 mdl_conjg__NN2x2 =  ( 0.94494929999999999     , -0.0000000000000000     )
 mdl_conjg__NN2x3 =  (-0.26984669999999999     , -0.0000000000000000     )
 mdl_conjg__NN2x4 =  ( 0.15615070000000000     , -0.0000000000000000     )
 mdl_conjg__NN3x1 =  ( -6.0338799999999998E-002, -0.0000000000000000     )
 mdl_conjg__NN3x2 =  (  8.7700490000000006E-002, -0.0000000000000000     )
 mdl_conjg__NN3x3 =  ( 0.69587750000000004     , -0.0000000000000000     )
 mdl_conjg__NN3x4 =  ( 0.71022700000000005     , -0.0000000000000000     )
 mdl_conjg__NN4x1 =  (-0.11650710000000000     , -0.0000000000000000     )
 mdl_conjg__NN4x2 =  ( 0.31073899999999999     , -0.0000000000000000     )
 mdl_conjg__NN4x3 =  ( 0.64922599999999997     , -0.0000000000000000     )
 mdl_conjg__NN4x4 =  (-0.68437780000000004     , -0.0000000000000000     )
 mdl_conjg__UU1x1 =  ( 0.91683490000000001     , -0.0000000000000000     )
 mdl_conjg__UU1x2 =  (-0.39926660000000003     , -0.0000000000000000     )
 mdl_conjg__UU2x1 =  ( 0.39926660000000003     , -0.0000000000000000     )
 mdl_conjg__UU2x2 =  ( 0.91683490000000001     , -0.0000000000000000     )
 mdl_conjg__VV1x1 =  ( 0.97255780000000003     , -0.0000000000000000     )
 mdl_conjg__VV1x2 =  (-0.23266120000000001     , -0.0000000000000000     )
 mdl_conjg__VV2x1 =  ( 0.23266120000000001     , -0.0000000000000000     )
 mdl_conjg__VV2x2 =  ( 0.97255780000000003     , -0.0000000000000000     )
 mdl_cos__alp =   0.99352890317340192     
 mdl_sin__alp =  -0.11357956928539981     
 mdl_conjg__MUH =  (  357.68099999999998     , -0.0000000000000000     )
 mdl_ee =   0.31340934559420641     
 mdl_gp =   0.35800326275255401     
 mdl_gw =   0.64843488257574999     
 mdl_vev =    246.22059098023431     
 mdl_vd =    25.125116508081707     
 mdl_vu =    244.93531379348130     
 mdl_ee__exp__2 =    9.8225417905788703E-002
  Internal Params evaluated point by point
  ----------------------------------------
  
 mdl_sqrt__aS =   0.34351128074635334     
 mdl_G__exp__2 =  (  1.4828317324943823     ,  0.0000000000000000     )
  Couplings of mssm
  ---------------------------------
  
         GC_6 =  -0.12177E+01   0.00000E+00
         GC_7 =   0.00000E+00   0.12177E+01
         GC_8 =   0.12177E+01   0.00000E+00
        GC_18 =   0.00000E+00   0.14828E+01
        GC_21 =   0.00000E+00   0.00000E+00
        GC_33 =   0.00000E+00   0.14828E+01
        GC_71 =  -0.00000E+00  -0.12177E+01
        GC_73 =   0.00000E+00   0.00000E+00
        GC_79 =   0.00000E+00   0.00000E+00
        GC_81 =  -0.00000E+00  -0.12177E+01
        GC_96 =   0.00000E+00   0.14828E+01
       GC_108 =  -0.00000E+00  -0.16166E+01
       GC_513 =   0.00000E+00   0.59349E+00
       GC_518 =   0.00000E+00   0.17221E+01
       GC_528 =  -0.00000E+00   0.59349E+00
       GC_533 =   0.00000E+00   0.16166E+01
       GC_587 =  -0.00000E+00  -0.17221E+01

 Collider parameters:
 --------------------

 Running at P P   machine @    13000.000000000000       GeV
 PDF set = nn23lo1
 alpha_s(Mz)= 0.1300 running at 2 loops.
 alpha_s(Mz)= 0.1300 running at 2 loops.
 Renormalization scale set on event-by-event basis
 Factorization   scale set on event-by-event basis


 getting user params
Enter number of events and max and min iterations: 
 Number of events and iterations         2000           8           3
Enter desired fractional accuracy: 
 Desired fractional accuracy:    1.0000000000000000E-002
Enter 0 for fixed, 2 for adjustable grid: 
Suppress amplitude (0 no, 1 yes)? 
 Using suppressed amplitude.
Exact helicity sum (0 yes, n = number/event)? 
 Explicitly summing over helicities
Enter Configuration Number: 
Running Configuration Number:    1
 Not subdividing B.W.
 Attempting mappinvarients           1           6
 Completed mapping           6
 about to integrate           10        2000           8           3          10           1
 Using non-zero grid deformation.
 10 dimensions   2000 events 10 invarients  8 iterations  1 config(s),  (0.99)
 Using h-tuple random number sequence.
 fail to read data
 Error opening grid
 Using Uniform Grid!          24
 Using uniform alpha   1.0000000000000000     
 Grid defined OK
 Set CM energy to      13000.00
 Mapping Graph           1  to config           1
Setting grid   1    0.33284E-02   1
Setting grid   2    0.22746E-04   1
Setting grid   3    0.22746E-04   1
 Transforming s_hat 1/s            9   4.5199763313609476E-003   15376.000000000000        168999999.99999997     
 Masses: 0.000E+00 0.489E+01 0.375E+03 0.375E+03 0.000E+00 0.489E+01
   1   1   2   3   4   5   6   7   8   9  10
Using random seed offsets     1 :     11
  with seed                   24
 Ranmar initialization seeds       31059        9408
 
 ********************************************
 * You are using the DiscreteSampler module *
 *      part of the MG5_aMC framework       *
 *         Author: Valentin Hirschi         *
 ********************************************
 
  Particle       3       4       5       6
      Et >     0.0     0.0    62.0    62.0
       E >     0.0     0.0     0.0     0.0
     Eta <    -1.0    -1.0     5.0     5.0
   xqcut:      0.0     0.0    62.0    61.8
d R # 3  >    -0.0     0.0     0.0     0.0
d R # 4  >    -0.0    -0.0     0.0     0.0
d R # 5  >    -0.0    -0.0    -0.0     0.0
s min # 3>     0.0     0.0     0.0     0.0
s min # 4>     0.0     0.0     0.0     0.0
s min # 5>     0.0     0.0     0.0  3844.0
xqcutij # 3>     0.0     0.0     0.0     0.0
xqcutij # 4>     0.0     0.0     0.0     0.0
xqcutij # 5>     0.0     0.0     0.0     0.0
 alpha_s for scale    1209.2402314255123       is    9.1048066629640240E-002
 Added good helicity            3   5.8551407485589148E-006  in event            1 local:           1
 Added good helicity            4   4.3497085907311730       in event            1 local:           1
 Added good helicity            7   3.6503156691709568       in event            1 local:           1
 Added good helicity            8   6.4653682341387090E-006  in event            1 local:           1
 Added good helicity            9   6.4642699973942223E-006  in event            1 local:           1
 Added good helicity           10   3.6503755898321235       in event            1 local:           1
 Added good helicity           13   4.3495755098674476       in event            1 local:           1
 Added good helicity           14   5.8556193167398592E-006  in event            1 local:           1
 Added good helicity            3   5.8551407485589114E-006  in event            1 local:           1
 Added good helicity            4   4.3497085907311712       in event            1 local:           1
 Added good helicity            7   3.6503156691709595       in event            1 local:           1
 Added good helicity            8   6.4653682341387014E-006  in event            1 local:           1
 Added good helicity            9   6.4642699973942146E-006  in event            1 local:           1
 Added good helicity           10   3.6503755898321248       in event            1 local:           1
 Added good helicity           13   4.3495755098674467       in event            1 local:           1
 Added good helicity           14   5.8556193167398516E-006  in event            1 local:           1
 RESET CUMULATIVE VARIABLE
 RESET CUMULATIVE VARIABLE
 RESET CUMULATIVE VARIABLE
 Iteration  1   Mean: 0.1011E-04 Abs mean: 0.1011E-04   Fluctuation:  0.576E-06   0.399E-03    10.0%
  1    0.1011E-04 0.1011E-04 +- 0.5764E-06      2.55
 Writing out events   6.2997683356349349E-009   2.5496278837208584     
 Relative summed weights:
  0.1666E+00  0.1788E+00  0.1795E+00  0.1562E+00  0.3750E-02  0.2986E-02  0.5238E-03  0.2715E-02  0.4931E-01  0.5548E-01  0.5636E-01  0.5482E-01  0.1110E-02  0.5428E-02  0.5224E-02  0.5783E-02  0.2861E-02  0.4769E-02  0.1612E-02  0.1224E-01  0.7641E-02  0.9267E-03  0.8172E-03  0.3031E-02  0.7533E-02  0.1367E-01  0.3905E-02  0.2995E-02  0.3842E-02  0.2702E-02  0.5689E-02  0.1199E-02
 Relative number of events:
  0.1512E+00  0.1441E+00  0.1356E+00  0.1301E+00  0.8008E-02  0.5005E-02  0.5005E-02  0.9009E-02  0.5756E-01  0.6707E-01  0.5506E-01  0.4905E-01  0.6507E-02  0.1051E-01  0.6507E-02  0.6006E-02  0.1251E-01  0.1702E-01  0.9510E-02  0.1251E-01  0.6006E-02  0.5506E-02  0.3504E-02  0.7007E-02  0.1101E-01  0.1451E-01  0.1351E-01  0.7007E-02  0.7508E-02  0.8509E-02  0.8509E-02  0.9510E-02
 Events:
         302         288         271         260          16          10          10          18         115         134         110          98          13          21          13          12          25          34          19          25          12          11           7          14          22          29          27          14          15          17          17          19
 Iteration  2   Mean: 0.1151E-04 Abs mean: 0.1151E-04   Fluctuation:  0.452E-06   0.626E-03    17.9%
  2    0.1151E-04 0.1151E-04 +- 0.4522E-06      2.49
 Relative summed weights:
  0.1393E+00  0.1397E+00  0.1862E+00  0.1455E+00  0.3136E-02  0.2482E-02  0.4688E-02  0.9671E-03  0.7148E-01  0.6259E-01  0.6370E-01  0.7892E-01  0.1329E-01  0.2252E-02  0.2442E-02  0.2123E-02  0.4090E-02  0.1433E-02  0.5320E-02  0.6285E-02  0.2557E-02  0.6519E-02  0.7363E-02  0.5631E-02  0.6591E-02  0.8284E-02  0.6357E-02  0.4999E-02  0.3980E-02  0.5933E-02  0.2358E-02  0.3546E-02
 Relative number of events:
  0.1635E+00  0.1703E+00  0.1428E+00  0.1420E+00  0.5001E-02  0.2001E-02  0.4751E-02  0.1750E-02  0.6127E-01  0.6802E-01  0.5551E-01  0.5451E-01  0.4751E-02  0.4751E-02  0.5751E-02  0.5501E-02  0.7502E-02  0.6252E-02  0.6752E-02  0.8752E-02  0.3501E-02  0.5751E-02  0.4001E-02  0.4251E-02  0.1175E-01  0.9502E-02  0.9752E-02  0.1025E-01  0.4751E-02  0.3251E-02  0.5001E-02  0.6752E-02
 Events:
         654         681         571         568          20           8          19           7         245         272         222         218          19          19          23          22          30          25          27          35          14          23          16          17          47          38          39          41          19          13          20          27
 Iteration  3   Mean: 0.1135E-04 Abs mean: 0.1135E-04   Fluctuation:  0.262E-06   0.805E-03    22.6%
  3    0.1135E-04 0.1135E-04 +- 0.2621E-06      2.06
 Relative summed weights:
  0.1462E+00  0.1561E+00  0.1588E+00  0.1677E+00  0.1680E-02  0.3771E-02  0.2138E-02  0.2975E-02  0.5930E-01  0.6096E-01  0.7191E-01  0.6840E-01  0.4024E-02  0.4461E-02  0.3255E-02  0.3000E-02  0.5662E-02  0.4390E-02  0.5974E-02  0.6483E-02  0.2501E-02  0.1820E-02  0.3224E-02  0.3890E-02  0.6963E-02  0.7131E-02  0.1046E-01  0.6862E-02  0.5036E-02  0.5074E-02  0.4189E-02  0.5533E-02
 Relative number of events:
  0.1610E+00  0.1600E+00  0.1490E+00  0.1431E+00  0.3378E-02  0.4004E-02  0.2502E-02  0.2878E-02  0.6293E-01  0.6606E-01  0.5855E-01  0.6418E-01  0.5004E-02  0.5880E-02  0.4129E-02  0.2627E-02  0.8382E-02  0.5630E-02  0.6130E-02  0.6881E-02  0.3128E-02  0.3003E-02  0.3628E-02  0.4254E-02  0.1164E-01  0.9633E-02  0.9383E-02  0.8633E-02  0.6756E-02  0.6255E-02  0.5755E-02  0.5630E-02
 Events:
        1287        1279        1191        1144          27          32          20          23         503         528         468         513          40          47          33          21          67          45          49          55          25          24          29          34          93          77          75          69          54          50          46          45
 Accuracy:    0.025   0.010   0.019   1.823
 Found         2738  events.
 Wrote          255  events.
 Actual xsec    1.1253358412842381E-005
 Correct abs xsec    1.1253358412919331E-005
 Event xsec    1.1253358412919361E-005
 Events wgts > 1:            4
 % Cross section > 1:    9.4813628614197359E-008  0.84253629125814600     
 Iteration  4   Mean: 0.1163E-04 Abs mean: 0.1163E-04   Fluctuation:  0.168E-06   0.597E-03    24.9%
  4    0.1163E-04 0.1163E-04 +- 0.1679E-06      1.83
 Relative summed weights:
  0.1535E+00  0.1632E+00  0.1633E+00  0.1531E+00  0.2985E-02  0.1903E-02  0.2621E-02  0.3229E-02  0.6526E-01  0.6347E-01  0.6839E-01  0.5991E-01  0.4183E-02  0.2866E-02  0.3832E-02  0.4431E-02  0.4320E-02  0.6035E-02  0.5522E-02  0.5544E-02  0.3237E-02  0.3118E-02  0.3420E-02  0.4032E-02  0.6482E-02  0.7862E-02  0.8442E-02  0.8941E-02  0.3359E-02  0.4665E-02  0.4448E-02  0.4405E-02
 Relative number of events:
  0.1617E+00  0.1659E+00  0.1470E+00  0.1442E+00  0.4564E-02  0.3001E-02  0.2251E-02  0.2938E-02  0.6871E-01  0.6821E-01  0.6058E-01  0.5752E-01  0.5502E-02  0.4564E-02  0.3626E-02  0.4126E-02  0.7190E-02  0.7690E-02  0.6815E-02  0.6252E-02  0.3626E-02  0.3564E-02  0.3751E-02  0.4314E-02  0.9315E-02  0.9065E-02  0.8065E-02  0.7877E-02  0.4564E-02  0.5127E-02  0.3501E-02  0.4939E-02
 Events:
        2586        2654        2351        2306          73          48          36          47        1099        1091         969         920          88          73          58          66         115         123         109         100          58          57          60          69         149         145         129         126          73          82          56          79
 Accuracy:    0.015   0.010   0.011   1.791
 Found         5478  events.
 Wrote          862  events.
 Actual xsec    1.1545666373330457E-005
 Correct abs xsec    1.1545666373403806E-005
 Event xsec    1.1545666373403732E-005
 Events wgts > 1:           17
 % Cross section > 1:    1.1367876393636496E-007  0.98460115042153062     
 Iteration  5   Mean: 0.1156E-04 Abs mean: 0.1156E-04   Fluctuation:  0.105E-06   0.470E-03    26.2%
  5    0.1156E-04 0.1156E-04 +- 0.1054E-06      1.63
 Relative summed weights:
  0.1532E+00  0.1618E+00  0.1559E+00  0.1564E+00  0.3748E-02  0.2927E-02  0.4964E-02  0.3050E-02  0.6673E-01  0.6192E-01  0.6495E-01  0.6242E-01  0.4114E-02  0.4413E-02  0.4356E-02  0.4328E-02  0.7202E-02  0.6027E-02  0.7232E-02  0.6442E-02  0.2677E-02  0.3298E-02  0.2522E-02  0.3478E-02  0.6901E-02  0.8146E-02  0.8455E-02  0.6513E-02  0.3302E-02  0.4114E-02  0.3501E-02  0.4976E-02
 Relative number of events:
  0.1621E+00  0.1678E+00  0.1453E+00  0.1466E+00  0.3469E-02  0.3469E-02  0.3376E-02  0.3501E-02  0.6814E-01  0.6764E-01  0.5995E-01  0.5910E-01  0.4188E-02  0.4188E-02  0.4219E-02  0.4719E-02  0.8189E-02  0.7782E-02  0.5751E-02  0.5970E-02  0.3376E-02  0.3626E-02  0.2719E-02  0.3219E-02  0.8939E-02  0.9408E-02  0.8408E-02  0.7001E-02  0.4438E-02  0.4970E-02  0.4251E-02  0.4251E-02
 Events:
        5185        5368        4649        4691         111         111         108         112        2180        2164        1918        1891         134         134         135         151         262         249         184         191         108         116          87         103         286         301         269         224         142         159         136         136
 Accuracy:    0.008   0.010   0.007   1.385
 Finished due to accuracy    8.3934446568773892E-003   1.0000000000000000E-002

 -------------------------------------------------------------------------------
 Accumulated results:   Integral =  0.1153E-04
                        Std dev  =  0.8228E-07
                       Cross sec =  0.1153E-04
             Chi**2 per DoF.     =      1.3846
 -------------------------------------------------------------------------------
 Found        10650  events.
 Wrote         2755  events.
 Actual xsec    1.1559355849204943E-005
 Correct abs xsec    1.1559355849246714E-005
 Event xsec    1.1559355849246883E-005
 Events wgts > 1:           57
 % Cross section > 1:    1.1498357301911927E-007  0.99472301500788807     
-------------------------------------------------
---------------------------
 Results Last   3 iters: Integral =   0.1156E-04
                     Abs integral =   0.1156E-04
                          Std dev =   0.8453E-07
                  Chi**2 per DoF. =      0.3895
-------------------------------------------------
---------------------------
 Status   1.0000000000000000E-002           6           8

ls status:
events.lhe
ftn25
ftn26
input_app.txt
results.dat
run1_app.log
