 Process in group number            0
 A PDF is used, so alpha_s(MZ) is going to be modified
 Old value of alpha_s from param_card:   0.11799999999999999     
  ****************************************
 
       NNPDFDriver version 1.0.3
   Grid: NNPDF23_lo_as_0130_qed_mem0.grid
  ****************************************
 New value of alpha_s from PDF nn23lo1:  0.13000000000000000     
 Warning! ptj set to xqcut=   68.000000000000000       to improve integration efficiency
 Note that this might affect non-radiated jets,
 e.g. from decays. Use cut_decays=F in run_card.
 Warning! mmjj set to xqcut=   68.000000000000000       to improve integration efficiency
 Note that this might affect non-radiated jets,
 e.g. from decays. Use cut_decays=F in run_card.
 Define smin to   18496.000000000000     
 Define smin to   18496.000000000000     
 *****************************************************
 *               MadGraph/MadEvent                   *
 *        --------------------------------           *
 *          http://madgraph.hep.uiuc.edu             *
 *          http://madgraph.phys.ucl.ac.be           *
 *          http://madgraph.roma2.infn.it            *
 *        --------------------------------           *
 *                                                   *
 *          PARAMETER AND COUPLING VALUES            *
 *                                                   *
 *****************************************************

  External Params
  ---------------------------------
  
 mdl_RRd1x1 =    1.0000000000000000     
 mdl_RRd2x2 =    1.0000000000000000     
 mdl_RRd3x3 =   0.93873790000000001     
 mdl_RRd3x6 =   0.34463189999999999     
 mdl_RRd4x4 =    1.0000000000000000     
 mdl_RRd5x5 =    1.0000000000000000     
 mdl_RRd6x3 =  -0.34463189999999999     
 mdl_RRd6x6 =   0.93873790000000001     
 mdl_alp =  -0.11382520000000000     
 mdl_RMUH =    357.68099999999998     
 mdl_tb =    9.7486239999999995     
 mdl_MA2 =    166439.10000000001     
 mdl_RmD21x1 =    273684.70000000001     
 mdl_RmD23x3 =    270262.00000000000     
 mdl_RmE21x1 =    18630.639999999999     
 mdl_RmE23x3 =    17967.630000000001     
 mdl_RmL21x1 =    38155.680000000000     
 mdl_RmL23x3 =    37828.690000000002     
 mdl_RMx1 =    101.39650000000000     
 mdl_RMx2 =    191.50420000000000     
 mdl_RMx3 =    588.26300000000003     
 mdl_mHd2 =    32337.490000000002     
 mdl_mHu2 =   -128800.10000000001     
 mdl_RmQ21x1 =    299836.70000000001     
 mdl_RmQ23x3 =    248765.39999999999     
 mdl_RmU21x1 =    280382.09999999998     
 mdl_RmU23x3 =    179137.10000000001     
 mdl_RNN1x1 =   0.98636440000000003     
 mdl_RNN1x2 =   -5.3110360000000002E-002
 mdl_RNN1x3 =   0.14643400000000001     
 mdl_RNN1x4 =   -5.3118609999999997E-002
 mdl_RNN2x1 =    9.9350540000000001E-002
 mdl_RNN2x2 =   0.94494929999999999     
 mdl_RNN2x3 =  -0.26984669999999999     
 mdl_RNN2x4 =   0.15615070000000000     
 mdl_RNN3x1 =   -6.0338799999999998E-002
 mdl_RNN3x2 =    8.7700490000000006E-002
 mdl_RNN3x3 =   0.69587750000000004     
 mdl_RNN3x4 =   0.71022700000000005     
 mdl_RNN4x1 =  -0.11650710000000000     
 mdl_RNN4x2 =   0.31073899999999999     
 mdl_RNN4x3 =   0.64922599999999997     
 mdl_RNN4x4 =  -0.68437780000000004     
 mdl_RRl1x1 =    1.0000000000000000     
 mdl_RRl2x2 =    1.0000000000000000     
 mdl_RRl3x3 =   0.28248719999999999     
 mdl_RRl3x6 =   0.95927110000000004     
 mdl_RRl4x4 =    1.0000000000000000     
 mdl_RRl5x5 =    1.0000000000000000     
 mdl_RRl6x3 =   0.95927110000000004     
 mdl_RRl6x6 =  -0.28248719999999999     
 aEWM1 =    127.93400000000000     
 aS =   0.11799999999999999     
 mdl_RRn1x1 =    1.0000000000000000     
 mdl_RRn2x2 =    1.0000000000000000     
 mdl_RRn3x3 =    1.0000000000000000     
 mdl_Rtd3x3 =   -110.69370000000001     
 mdl_Rte3x3 =   -25.401969999999999     
 mdl_Rtu3x3 =   -444.75250000000000     
 mdl_RUU1x1 =   0.91683490000000001     
 mdl_RUU1x2 =  -0.39926660000000003     
 mdl_RUU2x1 =   0.39926660000000003     
 mdl_RUU2x2 =   0.91683490000000001     
 mdl_RMNS1x1 =    1.0000000000000000     
 mdl_RMNS2x2 =    1.0000000000000000     
 mdl_RMNS3x3 =    1.0000000000000000     
 mdl_RRu1x1 =    1.0000000000000000     
 mdl_RRu2x2 =    1.0000000000000000     
 mdl_RRu3x3 =   0.55364500000000005     
 mdl_RRu3x6 =   0.83275279999999996     
 mdl_RRu4x4 =    1.0000000000000000     
 mdl_RRu5x5 =    1.0000000000000000     
 mdl_RRu6x3 =   0.83275279999999996     
 mdl_RRu6x6 =  -0.55364500000000005     
 mdl_RCKM1x1 =    1.0000000000000000     
 mdl_RCKM2x2 =    1.0000000000000000     
 mdl_RCKM3x3 =    1.0000000000000000     
 mdl_RVV1x1 =   0.97255780000000003     
 mdl_RVV1x2 =  -0.23266120000000001     
 mdl_RVV2x1 =   0.23266120000000001     
 mdl_RVV2x2 =   0.97255780000000003     
 mdl_Ryd3x3 =   0.13884020000000000     
 mdl_Rye3x3 =   0.10089080000000000     
 mdl_Ryu3x3 =   0.89284450000000004     
 mdl_MZ =    91.187600000000003     
 mdl_MW =    79.829009999999997     
 mdl_Mneu1 =    100000.00000000000     
 mdl_Mneu2 =    100000.00000000000     
 mdl_Mneu3 =    100000.00000000000     
 mdl_Mneu4 =    100000.00000000000     
 mdl_Mch1 =    100000.00000000000     
 mdl_Mch2 =    100000.00000000000     
 mdl_Mgo =    100000.00000000000     
 mdl_MH01 =    110.89910000000000     
 mdl_MH02 =    399.96010000000001     
 mdl_MA0 =    399.58390000000003     
 mdl_MH =    407.87900000000002     
 mdl_Mta =    1.7769999999999999     
 mdl_MT =    175.00000000000000     
 mdl_MB =    4.8899169999999996     
 mdl_Msn1 =    100000.00000000000     
 mdl_Msn3 =    100000.00000000000     
 mdl_Msl1 =    100000.00000000000     
 mdl_Msl3 =    100000.00000000000     
 mdl_Msl4 =    100000.00000000000     
 mdl_Msl6 =    100000.00000000000     
 mdl_Msu1 =    100000.00000000000     
 mdl_Msu3 =    100000.00000000000     
 mdl_Msu4 =    100000.00000000000     
 mdl_Msu6 =    100000.00000000000     
 mdl_Msd1 =    100000.00000000000     
 mdl_Msd3 =    800.00000000000000     
 mdl_Msd4 =    100000.00000000000     
 mdl_Msd6 =    100000.00000000000     
 mdl_WZ =    2.4114330000000002     
 mdl_WW =    2.0028220000000001     
 mdl_Wneu2 =    0.0000000000000000     
 mdl_Wneu3 =    0.0000000000000000     
 mdl_Wneu4 =    0.0000000000000000     
 mdl_Wch1 =    0.0000000000000000     
 mdl_Wch2 =    0.0000000000000000     
 mdl_Wgo =    0.0000000000000000     
 mdl_WH01 =    1.9861079999999999E-003
 mdl_WH02 =   0.57480140000000002     
 mdl_WA0 =   0.63217849999999998     
 mdl_WH =   0.54696279999999997     
 mdl_WT =    1.5619499999999999     
 mdl_Wsn1 =    0.0000000000000000     
 mdl_Wsn2 =    0.0000000000000000     
 mdl_Wsn3 =    0.0000000000000000     
 mdl_Wsl1 =    0.0000000000000000     
 mdl_Wsl2 =    0.0000000000000000     
 mdl_Wsl3 =    0.0000000000000000     
 mdl_Wsl4 =    0.0000000000000000     
 mdl_Wsl5 =    0.0000000000000000     
 mdl_Wsl6 =    0.0000000000000000     
 mdl_Wsu1 =    0.0000000000000000     
 mdl_Wsu2 =    0.0000000000000000     
 mdl_Wsu3 =    0.0000000000000000     
 mdl_Wsu4 =    0.0000000000000000     
 mdl_Wsu5 =    0.0000000000000000     
 mdl_Wsu6 =    0.0000000000000000     
 mdl_Wsd1 =    0.0000000000000000     
 mdl_Wsd2 =    0.0000000000000000     
 mdl_Wsd3 =    0.0000000000000000     
 mdl_Wsd4 =    0.0000000000000000     
 mdl_Wsd5 =    0.0000000000000000     
 mdl_Wsd6 =    0.0000000000000000     
  Internal Params
  ---------------------------------
  
 mdl_Msu5 =    100000.00000000000     
 mdl_Msu2 =    100000.00000000000     
 mdl_RmD22x2 =    273684.70000000001     
 mdl_Msl2 =    100000.00000000000     
 mdl_Msl5 =    100000.00000000000     
 mdl_RmL22x2 =    38155.680000000000     
 mdl_Msd2 =    100000.00000000000     
 mdl_RmQ22x2 =    299836.70000000001     
 mdl_Msd5 =    100000.00000000000     
 mdl_RmU22x2 =    280382.09999999998     
 mdl_Msn2 =    100000.00000000000     
 mdl_RmE22x2 =    18630.639999999999     
 mdl_conjg__CKM3x3 =    1.0000000000000000     
 mdl_I93x22 =    1.0000000000000000     
 mdl_I97x11 =    1.0000000000000000     
 mdl_I43x22 =    1.0000000000000000     
 mdl_I51x11 =    1.0000000000000000     
 mdl_I75x55 =    1.0000000000000000     
 mdl_I92x22 =    1.0000000000000000     
 mdl_I96x11 =    1.0000000000000000     
 mdl_I5x11 =    1.0000000000000000     
 mdl_I100x44 =    1.0000000000000000     
 mdl_conjg__Rn3x3 =    1.0000000000000000     
 mdl_I45x11 =    1.0000000000000000     
 mdl_I75x44 =    1.0000000000000000     
 mdl_I25x22 =    1.0000000000000000     
 mdl_I52x44 =    1.0000000000000000     
 mdl_conjg__Ru1x1 =    1.0000000000000000     
 mdl_I32x44 =    1.0000000000000000     
 mdl_conjg__Ru4x4 =    1.0000000000000000     
 mdl_I6x44 =    1.0000000000000000     
 mdl_I53x11 =    1.0000000000000000     
 mdl_conjg__Rd5x5 =    1.0000000000000000     
 mdl_conjg__Rl1x1 =    1.0000000000000000     
 mdl_I5x22 =    1.0000000000000000     
 mdl_I101x55 =    1.0000000000000000     
 mdl_I102x44 =    1.0000000000000000     
 mdl_I52x55 =    1.0000000000000000     
 mdl_I26x44 =    1.0000000000000000     
 mdl_conjg__Ru2x2 =    1.0000000000000000     
 mdl_I26x55 =    1.0000000000000000     
 mdl_I96x22 =    1.0000000000000000     
 mdl_I13x44 =    1.0000000000000000     
 mdl_I51x22 =    1.0000000000000000     
 mdl_I89x11 =    1.0000000000000000     
 mdl_I98x11 =    1.0000000000000000     
 mdl_I100x55 =    1.0000000000000000     
 mdl_Ru5x5 =    1.0000000000000000     
 mdl_Rl1x1 =    1.0000000000000000     
 mdl_conjg__Rl4x4 =    1.0000000000000000     
 mdl_Ru2x2 =    1.0000000000000000     
 mdl_Ru4x4 =    1.0000000000000000     
 mdl_conjg__Rd4x4 =    1.0000000000000000     
 mdl_Rd1x1 =    1.0000000000000000     
 mdl_I7x22 =    1.0000000000000000     
 mdl_I25x11 =    1.0000000000000000     
 mdl_I6x55 =    1.0000000000000000     
 mdl_CKM3x3 =    1.0000000000000000     
 mdl_Rn3x3 =    1.0000000000000000     
 mdl_conjg__Rd1x1 =    1.0000000000000000     
 mdl_I85x22 =    1.0000000000000000     
 mdl_conjg__Rn2x2 =    1.0000000000000000     
 mdl_I39x11 =    1.0000000000000000     
 mdl_I101x44 =    1.0000000000000000     
 mdl_I102x55 =    1.0000000000000000     
 mdl_atan__tb =    1.4685752826790794     
 mdl_beta =    1.4685752826790794     
 mdl_cw =   0.87543712083660485     
 mdl_mD21x1 =  (  273684.70000000001     ,  0.0000000000000000     )
 mdl_mD22x2 =  (  273684.70000000001     ,  0.0000000000000000     )
 mdl_mD23x3 =  (  270262.00000000000     ,  0.0000000000000000     )
 mdl_mE21x1 =  (  18630.639999999999     ,  0.0000000000000000     )
 mdl_mE22x2 =  (  18630.639999999999     ,  0.0000000000000000     )
 mdl_mE23x3 =  (  17967.630000000001     ,  0.0000000000000000     )
 mdl_mL21x1 =  (  38155.680000000000     ,  0.0000000000000000     )
 mdl_mL22x2 =  (  38155.680000000000     ,  0.0000000000000000     )
 mdl_mL23x3 =  (  37828.690000000002     ,  0.0000000000000000     )
 mdl_mQ21x1 =  (  299836.70000000001     ,  0.0000000000000000     )
 mdl_mQ22x2 =  (  299836.70000000001     ,  0.0000000000000000     )
 mdl_mQ23x3 =  (  248765.39999999999     ,  0.0000000000000000     )
 mdl_mU21x1 =  (  280382.09999999998     ,  0.0000000000000000     )
 mdl_mU22x2 =  (  280382.09999999998     ,  0.0000000000000000     )
 mdl_mU23x3 =  (  179137.10000000001     ,  0.0000000000000000     )
 mdl_MUH =  (  357.68099999999998     ,  0.0000000000000000     )
 mdl_Mx1 =  (  101.39650000000000     ,  0.0000000000000000     )
 mdl_Mx2 =  (  191.50420000000000     ,  0.0000000000000000     )
 mdl_Mx3 =  (  588.26300000000003     ,  0.0000000000000000     )
 mdl_NN1x1 =  ( 0.98636440000000003     ,  0.0000000000000000     )
 mdl_NN1x2 =  ( -5.3110360000000002E-002,  0.0000000000000000     )
 mdl_NN1x3 =  ( 0.14643400000000001     ,  0.0000000000000000     )
 mdl_NN1x4 =  ( -5.3118609999999997E-002,  0.0000000000000000     )
 mdl_NN2x1 =  (  9.9350540000000001E-002,  0.0000000000000000     )
 mdl_NN2x2 =  ( 0.94494929999999999     ,  0.0000000000000000     )
 mdl_NN2x3 =  (-0.26984669999999999     ,  0.0000000000000000     )
 mdl_NN2x4 =  ( 0.15615070000000000     ,  0.0000000000000000     )
 mdl_NN3x1 =  ( -6.0338799999999998E-002,  0.0000000000000000     )
 mdl_NN3x2 =  (  8.7700490000000006E-002,  0.0000000000000000     )
 mdl_NN3x3 =  ( 0.69587750000000004     ,  0.0000000000000000     )
 mdl_NN3x4 =  ( 0.71022700000000005     ,  0.0000000000000000     )
 mdl_NN4x1 =  (-0.11650710000000000     ,  0.0000000000000000     )
 mdl_NN4x2 =  ( 0.31073899999999999     ,  0.0000000000000000     )
 mdl_NN4x3 =  ( 0.64922599999999997     ,  0.0000000000000000     )
 mdl_NN4x4 =  (-0.68437780000000004     ,  0.0000000000000000     )
 mdl_Rd3x3 =  ( 0.93873790000000001     ,  0.0000000000000000     )
 mdl_Rd3x6 =  ( 0.34463189999999999     ,  0.0000000000000000     )
 mdl_Rd6x3 =  (-0.34463189999999999     ,  0.0000000000000000     )
 mdl_Rd6x6 =  ( 0.93873790000000001     ,  0.0000000000000000     )
 mdl_Rl3x3 =  ( 0.28248719999999999     ,  0.0000000000000000     )
 mdl_Rl3x6 =  ( 0.95927110000000004     ,  0.0000000000000000     )
 mdl_Rl6x3 =  ( 0.95927110000000004     ,  0.0000000000000000     )
 mdl_Rl6x6 =  (-0.28248719999999999     ,  0.0000000000000000     )
 mdl_Ru3x3 =  ( 0.55364500000000005     ,  0.0000000000000000     )
 mdl_Ru3x6 =  ( 0.83275279999999996     ,  0.0000000000000000     )
 mdl_Ru6x3 =  ( 0.83275279999999996     ,  0.0000000000000000     )
 mdl_Ru6x6 =  (-0.55364500000000005     ,  0.0000000000000000     )
 mdl_UU1x1 =  ( 0.91683490000000001     ,  0.0000000000000000     )
 mdl_UU1x2 =  (-0.39926660000000003     ,  0.0000000000000000     )
 mdl_UU2x1 =  ( 0.39926660000000003     ,  0.0000000000000000     )
 mdl_UU2x2 =  ( 0.91683490000000001     ,  0.0000000000000000     )
 mdl_VV1x1 =  ( 0.97255780000000003     ,  0.0000000000000000     )
 mdl_VV1x2 =  (-0.23266120000000001     ,  0.0000000000000000     )
 mdl_VV2x1 =  ( 0.23266120000000001     ,  0.0000000000000000     )
 mdl_VV2x2 =  ( 0.97255780000000003     ,  0.0000000000000000     )
 mdl_td3x3 =  ( -110.69370000000001     ,  0.0000000000000000     )
 mdl_te3x3 =  ( -25.401969999999999     ,  0.0000000000000000     )
 mdl_tu3x3 =  ( -444.75250000000000     ,  0.0000000000000000     )
 mdl_yd3x3 =  ( 0.13884020000000000     ,  0.0000000000000000     )
 mdl_ye3x3 =  ( 0.10089080000000000     ,  0.0000000000000000     )
 mdl_yu3x3 =  ( 0.89284450000000004     ,  0.0000000000000000     )
 mdl_MZ__exp__2 =    8315.1783937600012     
 mdl_bb =  (  15860.964102273132     ,  0.0000000000000000     )
 mdl_cw__exp__2 =   0.76639015253868426     
 mdl_sw =   0.48333202610763931     
 mdl_cos__beta =   0.10204311673550755     
 mdl_sin__beta =   0.99477997684256969     
 mdl_conjg__yu3x3 =  ( 0.89284450000000004     , -0.0000000000000000     )
 mdl_I1x33 =  ( 0.89284450000000004     ,  0.0000000000000000     )
 mdl_conjg__yd3x3 =  ( 0.13884020000000000     , -0.0000000000000000     )
 mdl_I10x33 =  ( 0.13033455778358000     ,  0.0000000000000000     )
 mdl_I10x36 =  ( -4.7848761922379995E-002,  0.0000000000000000     )
 mdl_conjg__Rd3x6 =  ( 0.34463189999999999     , -0.0000000000000000     )
 mdl_I100x33 =  ( 0.11877114649760999     ,  0.0000000000000000     )
 mdl_I100x36 =  ( 0.32351902607901001     ,  0.0000000000000000     )
 mdl_conjg__Rd6x6 =  ( 0.93873790000000001     , -0.0000000000000000     )
 mdl_I100x63 =  ( 0.32351902607901001     ,  0.0000000000000000     )
 mdl_I100x66 =  ( 0.88122884489641007     ,  0.0000000000000000     )
 mdl_conjg__Rl3x6 =  ( 0.95927110000000004     , -0.0000000000000000     )
 mdl_I101x33 =  ( 0.92020104329521013     ,  0.0000000000000000     )
 mdl_I101x36 =  (-0.27098180707992003     ,  0.0000000000000000     )
 mdl_conjg__Rl6x6 =  (-0.28248719999999999     , -0.0000000000000000     )
 mdl_I101x63 =  (-0.27098180707992003     , -0.0000000000000000     )
 mdl_I101x66 =  (  7.9799018163839996E-002,  0.0000000000000000     )
 mdl_conjg__Ru3x6 =  ( 0.83275279999999996     , -0.0000000000000000     )
 mdl_I102x33 =  ( 0.69347722590783989     ,  0.0000000000000000     )
 mdl_I102x36 =  (-0.46104942395600002     ,  0.0000000000000000     )
 mdl_conjg__Ru6x6 =  (-0.55364500000000005     , -0.0000000000000000     )
 mdl_I102x63 =  (-0.46104942395600002     , -0.0000000000000000     )
 mdl_I102x66 =  ( 0.30652278602500005     ,  0.0000000000000000     )
 mdl_I11x33 =  (  4.7848761922379995E-002,  0.0000000000000000     )
 mdl_I11x36 =  ( 0.13033455778358000     ,  0.0000000000000000     )
 mdl_conjg__Rd3x3 =  ( 0.93873790000000001     , -0.0000000000000000     )
 mdl_I12x33 =  ( 0.88122884489641007     ,  0.0000000000000000     )
 mdl_I12x36 =  (-0.32351902607901001     ,  0.0000000000000000     )
 mdl_conjg__Rd6x3 =  (-0.34463189999999999     , -0.0000000000000000     )
 mdl_I12x63 =  (-0.32351902607901001     , -0.0000000000000000     )
 mdl_I12x66 =  ( 0.11877114649760999     ,  0.0000000000000000     )
 mdl_I13x33 =  ( 0.11877114649760999     ,  0.0000000000000000     )
 mdl_I13x36 =  ( 0.32351902607901001     ,  0.0000000000000000     )
 mdl_I13x63 =  ( 0.32351902607901001     ,  0.0000000000000000     )
 mdl_I13x66 =  ( 0.88122884489641007     ,  0.0000000000000000     )
 mdl_conjg__td3x3 =  ( -110.69370000000001     , -0.0000000000000000     )
 mdl_I14x33 =  ( -35.811518017082115     , -0.0000000000000000     )
 mdl_I14x36 =  (  13.147217659062491     ,  0.0000000000000000     )
 mdl_I14x63 =  ( -97.546481388309758     , -0.0000000000000000     )
 mdl_I14x66 =  (  35.811518017082115     ,  0.0000000000000000     )
 mdl_I15x33 =  (  4.4917446284614963E-002,  0.0000000000000000     )
 mdl_I15x36 =  ( -1.6490209733957470E-002,  0.0000000000000000     )
 mdl_I15x63 =  ( 0.12234998907118655     ,  0.0000000000000000     )
 mdl_I15x66 =  ( -4.4917446284614963E-002,  0.0000000000000000     )
 mdl_I16x33 =  ( -35.811518017082115     ,  0.0000000000000000     )
 mdl_I16x36 =  ( -97.546481388309758     ,  0.0000000000000000     )
 mdl_I16x63 =  (  13.147217659062493     ,  0.0000000000000000     )
 mdl_I16x66 =  (  35.811518017082115     ,  0.0000000000000000     )
 mdl_I17x33 =  (  1.6987096952641351E-002,  0.0000000000000000     )
 mdl_I17x36 =  ( -6.2363472256451984E-003,  0.0000000000000000     )
 mdl_I17x63 =  ( -6.2363472256451984E-003,  0.0000000000000000     )
 mdl_I17x66 =  (  2.2895040175046019E-003,  0.0000000000000000     )
 mdl_I18x33 =  (  4.4917446284614963E-002,  0.0000000000000000     )
 mdl_I18x36 =  ( 0.12234998907118654     ,  0.0000000000000000     )
 mdl_I18x63 =  ( -1.6490209733957470E-002, -0.0000000000000000     )
 mdl_I18x66 =  ( -4.4917446284614963E-002, -0.0000000000000000     )
 mdl_I19x33 =  (  2.2895040175046019E-003,  0.0000000000000000     )
 mdl_I19x36 =  (  6.2363472256451984E-003,  0.0000000000000000     )
 mdl_I19x63 =  (  6.2363472256451984E-003,  0.0000000000000000     )
 mdl_I19x66 =  (  1.6987096952641351E-002,  0.0000000000000000     )
 mdl_I2x33 =  ( 0.13884020000000000     ,  0.0000000000000000     )
 mdl_I20x33 =  ( 0.13884020000000000     ,  0.0000000000000000     )
 mdl_I21x33 =  ( 0.89284450000000004     ,  0.0000000000000000     )
 mdl_conjg__ye3x3 =  ( 0.10089080000000000     , -0.0000000000000000     )
 mdl_I22x33 =  ( 0.10089080000000000     , -0.0000000000000000     )
 mdl_I23x33 =  (  9.6781628695880001E-002, -0.0000000000000000     )
 mdl_I23x36 =  ( -2.8500359597760001E-002,  0.0000000000000000     )
 mdl_conjg__Rl3x3 =  ( 0.28248719999999999     , -0.0000000000000000     )
 mdl_I24x33 =  (  2.8500359597760001E-002,  0.0000000000000000     )
 mdl_conjg__Rl6x3 =  ( 0.95927110000000004     , -0.0000000000000000     )
 mdl_I24x36 =  (  9.6781628695880001E-002,  0.0000000000000000     )
 mdl_I25x33 =  (  7.9799018163839996E-002,  0.0000000000000000     )
 mdl_I25x36 =  ( 0.27098180707992003     ,  0.0000000000000000     )
 mdl_I25x63 =  ( 0.27098180707992003     ,  0.0000000000000000     )
 mdl_I25x66 =  ( 0.92020104329521013     ,  0.0000000000000000     )
 mdl_I26x33 =  ( 0.92020104329521013     ,  0.0000000000000000     )
 mdl_I26x36 =  (-0.27098180707992003     ,  0.0000000000000000     )
 mdl_I26x63 =  (-0.27098180707992003     , -0.0000000000000000     )
 mdl_I26x66 =  (  7.9799018163839996E-002,  0.0000000000000000     )
 mdl_I27x33 =  (  2.8500359597760001E-002,  0.0000000000000000     )
 mdl_I27x36 =  (  9.6781628695880001E-002,  0.0000000000000000     )
 mdl_I28x33 =  (  9.6781628695880001E-002,  0.0000000000000000     )
 mdl_I28x36 =  ( -2.8500359597760001E-002,  0.0000000000000000     )
 mdl_I29x33 =  ( 0.28248719999999999     ,  0.0000000000000000     )
 mdl_I29x36 =  ( 0.95927110000000004     ,  0.0000000000000000     )
 mdl_I3x33 =  (  4.7848761922379995E-002, -0.0000000000000000     )
 mdl_I3x36 =  ( 0.13033455778358000     , -0.0000000000000000     )
 mdl_I30x33 =  (  9.6781628695880001E-002,  0.0000000000000000     )
 mdl_I30x36 =  ( -2.8500359597760001E-002,  0.0000000000000000     )
 mdl_I31x33 =  (  7.9799018163839996E-002,  0.0000000000000000     )
 mdl_I31x36 =  ( 0.27098180707992003     ,  0.0000000000000000     )
 mdl_I31x63 =  ( 0.27098180707992003     ,  0.0000000000000000     )
 mdl_I31x66 =  ( 0.92020104329521013     ,  0.0000000000000000     )
 mdl_I32x33 =  ( 0.92020104329521013     ,  0.0000000000000000     )
 mdl_I32x36 =  (-0.27098180707992003     ,  0.0000000000000000     )
 mdl_I32x63 =  (-0.27098180707992003     , -0.0000000000000000     )
 mdl_I32x66 =  (  7.9799018163839996E-002,  0.0000000000000000     )
 mdl_conjg__te3x3 =  ( -25.401969999999999     , -0.0000000000000000     )
 mdl_I33x33 =  ( -6.8834717339899161     , -0.0000000000000000     )
 mdl_I33x36 =  ( -23.374919295753628     , -0.0000000000000000     )
 mdl_I33x63 =  (  2.0270522654273186     ,  0.0000000000000000     )
 mdl_I33x66 =  (  6.8834717339899161     ,  0.0000000000000000     )
 mdl_I34x33 =  (  2.7339571301738797E-002,  0.0000000000000000     )
 mdl_I34x36 =  (  9.2839819418888386E-002,  0.0000000000000000     )
 mdl_I34x63 =  ( -8.0509867817643490E-003,  0.0000000000000000     )
 mdl_I34x66 =  ( -2.7339571301738797E-002,  0.0000000000000000     )
 mdl_I35x33 =  ( -6.8834717339899152     ,  0.0000000000000000     )
 mdl_I35x36 =  (  2.0270522654273186     , -0.0000000000000000     )
 mdl_I35x63 =  ( -23.374919295753628     ,  0.0000000000000000     )
 mdl_I35x66 =  (  6.8834717339899152     , -0.0000000000000000     )
 mdl_I36x33 =  (  8.1227049720163059E-004,  0.0000000000000000     )
 mdl_I36x36 =  (  2.7583112202894684E-003,  0.0000000000000000     )
 mdl_I36x63 =  (  2.7583112202894684E-003,  0.0000000000000000     )
 mdl_I36x66 =  (  9.3666836530271833E-003,  0.0000000000000000     )
 mdl_I37x33 =  (  2.7339571301738794E-002,  0.0000000000000000     )
 mdl_I37x36 =  ( -8.0509867817643490E-003,  0.0000000000000000     )
 mdl_I37x63 =  (  9.2839819418888372E-002,  0.0000000000000000     )
 mdl_I37x66 =  ( -2.7339571301738794E-002,  0.0000000000000000     )
 mdl_I38x33 =  (  9.3666836530271833E-003,  0.0000000000000000     )
 mdl_I38x36 =  ( -2.7583112202894684E-003,  0.0000000000000000     )
 mdl_I38x63 =  ( -2.7583112202894684E-003,  0.0000000000000000     )
 mdl_I38x66 =  (  8.1227049720163059E-004,  0.0000000000000000     )
 mdl_I39x33 =  ( 0.28248719999999999     ,  0.0000000000000000     )
 mdl_I39x36 =  ( 0.95927110000000004     ,  0.0000000000000000     )
 mdl_I4x33 =  ( 0.13033455778358000     ,  0.0000000000000000     )
 mdl_I4x36 =  ( -4.7848761922379995E-002, -0.0000000000000000     )
 mdl_I40x33 =  ( -24.367375704067001     ,  0.0000000000000000     )
 mdl_I40x36 =  (  7.1757313797839997     ,  0.0000000000000000     )
 mdl_I41x33 =  (  2.8754240801056848E-003,  0.0000000000000000     )
 mdl_I41x36 =  (  9.7643759444302897E-003,  0.0000000000000000     )
 mdl_I42x33 =  (  9.6781628695880001E-002,  0.0000000000000000     )
 mdl_I42x36 =  ( -2.8500359597760001E-002,  0.0000000000000000     )
 mdl_I44x33 =  ( 0.10089080000000000     ,  0.0000000000000000     )
 mdl_I45x33 =  ( 0.28248719999999999     ,  0.0000000000000000     )
 mdl_I45x36 =  ( 0.95927110000000004     ,  0.0000000000000000     )
 mdl_I46x33 =  (  9.6781628695880001E-002,  0.0000000000000000     )
 mdl_I46x36 =  ( -2.8500359597760001E-002,  0.0000000000000000     )
 mdl_I47x33 =  ( -24.367375704067001     , -0.0000000000000000     )
 mdl_I47x36 =  (  7.1757313797839997     ,  0.0000000000000000     )
 mdl_I48x33 =  (  2.8754240801056848E-003,  0.0000000000000000     )
 mdl_I48x36 =  (  9.7643759444302897E-003,  0.0000000000000000     )
 mdl_I49x33 =  ( 0.74351875733960004     , -0.0000000000000000     )
 mdl_I49x36 =  (-0.49431889320250005     ,  0.0000000000000000     )
 mdl_I5x33 =  ( 0.88122884489641007     ,  0.0000000000000000     )
 mdl_I5x36 =  (-0.32351902607901001     ,  0.0000000000000000     )
 mdl_I5x63 =  (-0.32351902607901001     , -0.0000000000000000     )
 mdl_I5x66 =  ( 0.11877114649760999     ,  0.0000000000000000     )
 mdl_conjg__Ru3x3 =  ( 0.55364500000000005     , -0.0000000000000000     )
 mdl_I50x33 =  ( 0.49431889320250005     ,  0.0000000000000000     )
 mdl_conjg__Ru6x3 =  ( 0.83275279999999996     , -0.0000000000000000     )
 mdl_I50x36 =  ( 0.74351875733960004     ,  0.0000000000000000     )
 mdl_I51x33 =  ( 0.30652278602500005     ,  0.0000000000000000     )
 mdl_I51x36 =  ( 0.46104942395600002     ,  0.0000000000000000     )
 mdl_I51x63 =  ( 0.46104942395600002     ,  0.0000000000000000     )
 mdl_I51x66 =  ( 0.69347722590783989     ,  0.0000000000000000     )
 mdl_I52x33 =  ( 0.69347722590783989     ,  0.0000000000000000     )
 mdl_I52x36 =  (-0.46104942395600002     ,  0.0000000000000000     )
 mdl_I52x63 =  (-0.46104942395600002     , -0.0000000000000000     )
 mdl_I52x66 =  ( 0.30652278602500005     ,  0.0000000000000000     )
 mdl_I53x33 =  ( 0.51972754464550008     ,  0.0000000000000000     )
 mdl_I53x36 =  ( 0.78173661469111999     ,  0.0000000000000000     )
 mdl_I53x63 =  (-0.19080372827550002     ,  0.0000000000000000     )
 mdl_I53x66 =  (-0.28699317969431998     ,  0.0000000000000000     )
 mdl_conjg__tu3x3 =  ( -444.75250000000000     , -0.0000000000000000     )
 mdl_I54x33 =  ( -347.67931372541233     , -0.0000000000000000     )
 mdl_I54x36 =  (  231.15012479994778     ,  0.0000000000000000     )
 mdl_I54x63 =  (  127.64093415199804     ,  0.0000000000000000     )
 mdl_I54x66 =  ( -84.860435159849317     , -0.0000000000000000     )
 mdl_I55x33 =  ( 0.69796923687558576     ,  0.0000000000000000     )
 mdl_I55x36 =  (-0.46403587973523924     ,  0.0000000000000000     )
 mdl_I55x63 =  (-0.25624028202758531     ,  0.0000000000000000     )
 mdl_I55x66 =  ( 0.17035805937027468     ,  0.0000000000000000     )
 mdl_I56x33 =  ( -21.120770656609718     ,  0.0000000000000000     )
 mdl_I56x36 =  ( -31.768336935129152     ,  0.0000000000000000     )
 mdl_I56x63 =  ( -57.530564908725594     ,  0.0000000000000000     )
 mdl_I56x66 =  ( -86.533318305634438     ,  0.0000000000000000     )
 mdl_I57x33 =  (  2.6491227794516074E-002,  0.0000000000000000     )
 mdl_I57x36 =  (  3.9846190467395320E-002,  0.0000000000000000     )
 mdl_I57x63 =  (  7.2159076244090153E-002,  0.0000000000000000     )
 mdl_I57x66 =  ( 0.10853646793103804     ,  0.0000000000000000     )
 mdl_I58x33 =  (  1.0018580577544725E-002,  0.0000000000000000     )
 mdl_I58x36 =  (  1.5069224914838907E-002,  0.0000000000000000     )
 mdl_I58x63 =  ( -3.6780473652361706E-003,  0.0000000000000000     )
 mdl_I58x66 =  ( -5.5322530537312599E-003,  0.0000000000000000     )
 mdl_I59x33 =  (  3.5576452004766342E-002,  0.0000000000000000     )
 mdl_I59x36 =  ( -2.3652547034580806E-002,  0.0000000000000000     )
 mdl_I59x63 =  (  9.6906188441653690E-002,  0.0000000000000000     )
 mdl_I59x66 =  ( -6.4426834349616560E-002,  0.0000000000000000     )
 mdl_I6x33 =  ( 0.11877114649760999     ,  0.0000000000000000     )
 mdl_I6x36 =  ( 0.32351902607901001     ,  0.0000000000000000     )
 mdl_I6x63 =  ( 0.32351902607901001     ,  0.0000000000000000     )
 mdl_I6x66 =  ( 0.88122884489641007     ,  0.0000000000000000     )
 mdl_I60x33 =  ( 0.41431188302426980     ,  0.0000000000000000     )
 mdl_I60x36 =  ( 0.62317799431356391     ,  0.0000000000000000     )
 mdl_I60x63 =  (-0.15210325633942320     ,  0.0000000000000000     )
 mdl_I60x66 =  (-0.22878272648677841     ,  0.0000000000000000     )
 mdl_I61x33 =  ( 0.49431889320250005     ,  0.0000000000000000     )
 mdl_I61x36 =  ( 0.74351875733960004     ,  0.0000000000000000     )
 mdl_I62x33 =  ( 0.74351875733960004     ,  0.0000000000000000     )
 mdl_I62x36 =  (-0.49431889320250005     ,  0.0000000000000000     )
 mdl_I63x33 =  ( 0.55364500000000005     ,  0.0000000000000000     )
 mdl_I63x36 =  ( 0.83275279999999996     ,  0.0000000000000000     )
 mdl_I64x33 =  (  7.6868182529000004E-002,  0.0000000000000000     )
 mdl_I64x36 =  ( 0.11561956530256000     ,  0.0000000000000000     )
 mdl_I65x33 =  ( 0.74351875733960004     ,  0.0000000000000000     )
 mdl_I65x36 =  (-0.49431889320250005     ,  0.0000000000000000     )
 mdl_I66x33 =  ( 0.51972754464550008     ,  0.0000000000000000     )
 mdl_I66x36 =  ( 0.78173661469111999     ,  0.0000000000000000     )
 mdl_I66x63 =  (-0.19080372827550002     , -0.0000000000000000     )
 mdl_I66x66 =  (-0.28699317969431998     , -0.0000000000000000     )
 mdl_I67x33 =  (  2.6491227794516077E-002,  0.0000000000000000     )
 mdl_I67x36 =  (  3.9846190467395320E-002,  0.0000000000000000     )
 mdl_I67x63 =  (  7.2159076244090153E-002,  0.0000000000000000     )
 mdl_I67x66 =  ( 0.10853646793103804     ,  0.0000000000000000     )
 mdl_I68x33 =  ( -21.120770656609718     , -0.0000000000000000     )
 mdl_I68x36 =  ( -31.768336935129149     , -0.0000000000000000     )
 mdl_I68x63 =  ( -57.530564908725594     , -0.0000000000000000     )
 mdl_I68x66 =  ( -86.533318305634438     , -0.0000000000000000     )
 mdl_I69x33 =  ( -347.67931372541233     ,  0.0000000000000000     )
 mdl_I69x36 =  (  231.15012479994778     , -0.0000000000000000     )
 mdl_I69x63 =  (  127.64093415199804     ,  0.0000000000000000     )
 mdl_I69x66 =  ( -84.860435159849317     ,  0.0000000000000000     )
 mdl_I7x33 =  ( 0.93873790000000001     ,  0.0000000000000000     )
 mdl_I7x36 =  (-0.34463189999999999     ,  0.0000000000000000     )
 mdl_I70x33 =  (  1.0018580577544725E-002,  0.0000000000000000     )
 mdl_I70x36 =  (  1.5069224914838907E-002,  0.0000000000000000     )
 mdl_I70x63 =  ( -3.6780473652361710E-003,  0.0000000000000000     )
 mdl_I70x66 =  ( -5.5322530537312608E-003,  0.0000000000000000     )
 mdl_I71x33 =  ( 0.41431188302426980     ,  0.0000000000000000     )
 mdl_I71x36 =  ( 0.62317799431356391     ,  0.0000000000000000     )
 mdl_I71x63 =  (-0.15210325633942320     ,  0.0000000000000000     )
 mdl_I71x66 =  (-0.22878272648677841     ,  0.0000000000000000     )
 mdl_I72x33 =  ( 0.69796923687558576     ,  0.0000000000000000     )
 mdl_I72x36 =  (-0.46403587973523919     ,  0.0000000000000000     )
 mdl_I72x63 =  (-0.25624028202758531     , -0.0000000000000000     )
 mdl_I72x66 =  ( 0.17035805937027468     ,  0.0000000000000000     )
 mdl_I73x33 =  (  3.5576452004766349E-002,  0.0000000000000000     )
 mdl_I73x36 =  ( -2.3652547034580810E-002,  0.0000000000000000     )
 mdl_I73x63 =  (  9.6906188441653704E-002,  0.0000000000000000     )
 mdl_I73x66 =  ( -6.4426834349616560E-002,  0.0000000000000000     )
 mdl_I74x33 =  ( 0.30652278602500005     ,  0.0000000000000000     )
 mdl_I74x36 =  ( 0.46104942395600002     ,  0.0000000000000000     )
 mdl_I74x63 =  ( 0.46104942395600002     ,  0.0000000000000000     )
 mdl_I74x66 =  ( 0.69347722590783989     ,  0.0000000000000000     )
 mdl_I75x33 =  ( 0.69347722590783989     ,  0.0000000000000000     )
 mdl_I75x36 =  (-0.46104942395600002     ,  0.0000000000000000     )
 mdl_I75x63 =  (-0.46104942395600002     , -0.0000000000000000     )
 mdl_I75x66 =  ( 0.30652278602500005     ,  0.0000000000000000     )
 mdl_I76x33 =  ( 0.41164544240728285     ,  0.0000000000000000     )
 mdl_I76x36 =  ( 0.61916732702707233     ,  0.0000000000000000     )
 mdl_I76x63 =  (-0.27367718362709814     ,  0.0000000000000000     )
 mdl_I76x66 =  (-0.41164544240728285     ,  0.0000000000000000     )
 mdl_I77x33 =  ( -205.05288392799091     , -0.0000000000000000     )
 mdl_I77x36 =  ( -308.42572991557654     , -0.0000000000000000     )
 mdl_I77x63 =  (  136.32677539158382     ,  0.0000000000000000     )
 mdl_I77x66 =  (  205.05288392799091     ,  0.0000000000000000     )
 mdl_I78x33 =  ( -205.05288392799091     ,  0.0000000000000000     )
 mdl_I78x36 =  (  136.32677539158385     , -0.0000000000000000     )
 mdl_I78x63 =  ( -308.42572991557660     ,  0.0000000000000000     )
 mdl_I78x66 =  (  205.05288392799091     , -0.0000000000000000     )
 mdl_I79x33 =  ( 0.41164544240728290     ,  0.0000000000000000     )
 mdl_I79x36 =  (-0.27367718362709814     ,  0.0000000000000000     )
 mdl_I79x63 =  ( 0.61916732702707244     ,  0.0000000000000000     )
 mdl_I79x66 =  (-0.41164544240728285     ,  0.0000000000000000     )
 mdl_I8x33 =  ( 0.83814697095655000     ,  0.0000000000000000     )
 mdl_I8x36 =  (-0.30770269643955001     ,  0.0000000000000000     )
 mdl_I80x33 =  ( 0.24435116817694463     ,  0.0000000000000000     )
 mdl_I80x36 =  ( 0.36753536920340929     ,  0.0000000000000000     )
 mdl_I80x63 =  ( 0.36753536920340929     ,  0.0000000000000000     )
 mdl_I80x66 =  ( 0.55282014251582301     ,  0.0000000000000000     )
 mdl_I81x33 =  ( 0.55282014251582301     ,  0.0000000000000000     )
 mdl_I81x36 =  (-0.36753536920340929     ,  0.0000000000000000     )
 mdl_I81x63 =  (-0.36753536920340929     ,  0.0000000000000000     )
 mdl_I81x66 =  ( 0.24435116817694463     ,  0.0000000000000000     )
 mdl_I82x33 =  ( 0.93873790000000001     ,  0.0000000000000000     )
 mdl_I82x36 =  (-0.34463189999999999     , -0.0000000000000000     )
 mdl_I83x33 =  (  4.7848761922379995E-002,  0.0000000000000000     )
 mdl_I83x36 =  ( 0.13033455778358000     ,  0.0000000000000000     )
 mdl_I84x33 =  ( 0.83814697095655000     ,  0.0000000000000000     )
 mdl_I84x36 =  (-0.30770269643955001     , -0.0000000000000000     )
 mdl_I85x33 =  ( 0.28248719999999999     , -0.0000000000000000     )
 mdl_I85x36 =  ( 0.95927110000000004     , -0.0000000000000000     )
 mdl_I86x33 =  (  9.6781628695880001E-002, -0.0000000000000000     )
 mdl_I86x36 =  ( -2.8500359597760001E-002,  0.0000000000000000     )
 mdl_I88x33 =  ( 0.10089080000000000     ,  0.0000000000000000     )
 mdl_I89x33 =  ( 0.55364500000000005     ,  0.0000000000000000     )
 mdl_I89x36 =  ( 0.83275279999999996     ,  0.0000000000000000     )
 mdl_I9x33 =  (  4.7848761922379995E-002,  0.0000000000000000     )
 mdl_I9x36 =  ( 0.13033455778358000     ,  0.0000000000000000     )
 mdl_I90x33 =  ( 0.74351875733960004     ,  0.0000000000000000     )
 mdl_I90x36 =  (-0.49431889320250005     ,  0.0000000000000000     )
 mdl_I91x33 =  (  7.6868182529000004E-002,  0.0000000000000000     )
 mdl_I91x36 =  ( 0.11561956530256000     ,  0.0000000000000000     )
 mdl_I92x33 =  ( 0.51972754464550008     ,  0.0000000000000000     )
 mdl_I92x36 =  ( 0.78173661469111999     ,  0.0000000000000000     )
 mdl_I92x63 =  (-0.19080372827550002     , -0.0000000000000000     )
 mdl_I92x66 =  (-0.28699317969431998     , -0.0000000000000000     )
 mdl_I93x33 =  ( 0.28248719999999999     ,  0.0000000000000000     )
 mdl_I93x36 =  ( 0.95927110000000004     ,  0.0000000000000000     )
 mdl_I94x33 =  ( 0.51972754464550008     ,  0.0000000000000000     )
 mdl_I94x36 =  ( 0.78173661469111999     ,  0.0000000000000000     )
 mdl_I94x63 =  (-0.19080372827550002     ,  0.0000000000000000     )
 mdl_I94x66 =  (-0.28699317969431998     ,  0.0000000000000000     )
 mdl_I95x33 =  ( 0.28248719999999999     ,  0.0000000000000000     )
 mdl_I95x36 =  ( 0.95927110000000004     ,  0.0000000000000000     )
 mdl_I96x33 =  ( 0.88122884489641007     ,  0.0000000000000000     )
 mdl_I96x36 =  (-0.32351902607901001     ,  0.0000000000000000     )
 mdl_I96x63 =  (-0.32351902607901001     , -0.0000000000000000     )
 mdl_I96x66 =  ( 0.11877114649760999     ,  0.0000000000000000     )
 mdl_I97x33 =  (  7.9799018163839996E-002,  0.0000000000000000     )
 mdl_I97x36 =  ( 0.27098180707992003     ,  0.0000000000000000     )
 mdl_I97x63 =  ( 0.27098180707992003     ,  0.0000000000000000     )
 mdl_I97x66 =  ( 0.92020104329521013     ,  0.0000000000000000     )
 mdl_I98x33 =  ( 0.30652278602500005     ,  0.0000000000000000     )
 mdl_I98x36 =  ( 0.46104942395600002     ,  0.0000000000000000     )
 mdl_I98x63 =  ( 0.46104942395600002     ,  0.0000000000000000     )
 mdl_I98x66 =  ( 0.69347722590783989     ,  0.0000000000000000     )
 mdl_I99x33 =  ( 0.10089080000000000     ,  0.0000000000000000     )
 mdl_complexi =  (  0.0000000000000000     ,  1.0000000000000000     )
 mdl_sqrt__2 =    1.4142135623730951     
 mdl_sw__exp__2 =   0.23360984746131572     
 mdl_conjg__NN1x1 =  ( 0.98636440000000003     , -0.0000000000000000     )
 mdl_conjg__NN1x2 =  ( -5.3110360000000002E-002, -0.0000000000000000     )
 mdl_conjg__NN1x3 =  ( 0.14643400000000001     , -0.0000000000000000     )
 mdl_conjg__NN1x4 =  ( -5.3118609999999997E-002, -0.0000000000000000     )
 mdl_conjg__NN2x1 =  (  9.9350540000000001E-002, -0.0000000000000000     )
 mdl_conjg__NN2x2 =  ( 0.94494929999999999     , -0.0000000000000000     )
 mdl_conjg__NN2x3 =  (-0.26984669999999999     , -0.0000000000000000     )
 mdl_conjg__NN2x4 =  ( 0.15615070000000000     , -0.0000000000000000     )
 mdl_conjg__NN3x1 =  ( -6.0338799999999998E-002, -0.0000000000000000     )
 mdl_conjg__NN3x2 =  (  8.7700490000000006E-002, -0.0000000000000000     )
 mdl_conjg__NN3x3 =  ( 0.69587750000000004     , -0.0000000000000000     )
 mdl_conjg__NN3x4 =  ( 0.71022700000000005     , -0.0000000000000000     )
 mdl_conjg__NN4x1 =  (-0.11650710000000000     , -0.0000000000000000     )
 mdl_conjg__NN4x2 =  ( 0.31073899999999999     , -0.0000000000000000     )
 mdl_conjg__NN4x3 =  ( 0.64922599999999997     , -0.0000000000000000     )
 mdl_conjg__NN4x4 =  (-0.68437780000000004     , -0.0000000000000000     )
 mdl_conjg__UU1x1 =  ( 0.91683490000000001     , -0.0000000000000000     )
 mdl_conjg__UU1x2 =  (-0.39926660000000003     , -0.0000000000000000     )
 mdl_conjg__UU2x1 =  ( 0.39926660000000003     , -0.0000000000000000     )
 mdl_conjg__UU2x2 =  ( 0.91683490000000001     , -0.0000000000000000     )
 mdl_conjg__VV1x1 =  ( 0.97255780000000003     , -0.0000000000000000     )
 mdl_conjg__VV1x2 =  (-0.23266120000000001     , -0.0000000000000000     )
 mdl_conjg__VV2x1 =  ( 0.23266120000000001     , -0.0000000000000000     )
 mdl_conjg__VV2x2 =  ( 0.97255780000000003     , -0.0000000000000000     )
 mdl_cos__alp =   0.99352890317340192     
 mdl_sin__alp =  -0.11357956928539981     
 mdl_conjg__MUH =  (  357.68099999999998     , -0.0000000000000000     )
 mdl_ee =   0.31340934559420641     
 mdl_gp =   0.35800326275255401     
 mdl_gw =   0.64843488257574999     
 mdl_vev =    246.22059098023431     
 mdl_vd =    25.125116508081707     
 mdl_vu =    244.93531379348130     
 mdl_ee__exp__2 =    9.8225417905788703E-002
  Internal Params evaluated point by point
  ----------------------------------------
  
 mdl_sqrt__aS =   0.34351128074635334     
 mdl_G__exp__2 =  (  1.4828317324943823     ,  0.0000000000000000     )
  Couplings of mssm
  ---------------------------------
  
         GC_6 =  -0.12177E+01   0.00000E+00
         GC_7 =   0.00000E+00   0.12177E+01
         GC_8 =   0.12177E+01   0.00000E+00
        GC_18 =   0.00000E+00   0.14828E+01
        GC_21 =   0.00000E+00   0.00000E+00
        GC_33 =   0.00000E+00   0.14828E+01
        GC_71 =  -0.00000E+00  -0.12177E+01
        GC_73 =   0.00000E+00   0.00000E+00
        GC_79 =   0.00000E+00   0.00000E+00
        GC_81 =  -0.00000E+00  -0.12177E+01
        GC_96 =   0.00000E+00   0.14828E+01
       GC_108 =  -0.00000E+00  -0.16166E+01
       GC_513 =   0.00000E+00   0.59349E+00
       GC_518 =   0.00000E+00   0.17221E+01
       GC_528 =  -0.00000E+00   0.59349E+00
       GC_533 =   0.00000E+00   0.16166E+01
       GC_587 =  -0.00000E+00  -0.17221E+01

 Collider parameters:
 --------------------

 Running at P P   machine @    13000.000000000000       GeV
 PDF set = nn23lo1
 alpha_s(Mz)= 0.1300 running at 2 loops.
 alpha_s(Mz)= 0.1300 running at 2 loops.
 Renormalization scale set on event-by-event basis
 Factorization   scale set on event-by-event basis


 getting user params
Enter number of events and max and min iterations: 
 Number of events and iterations         2000           8           3
Enter desired fractional accuracy: 
 Desired fractional accuracy:    1.0000000000000000E-002
Enter 0 for fixed, 2 for adjustable grid: 
Suppress amplitude (0 no, 1 yes)? 
 Using suppressed amplitude.
Exact helicity sum (0 yes, n = number/event)? 
 Explicitly summing over helicities
Enter Configuration Number: 
Running Configuration Number:   99
 Not subdividing B.W.
 Attempting mappinvarients           1           6
 Completed mapping           6
 about to integrate           10        2000           8           3          10           1
 Using non-zero grid deformation.
 10 dimensions   2000 events 10 invarients  8 iterations  1 config(s),  (0.99)
 Using h-tuple random number sequence.
 fail to read data
 Error opening grid
 Using Uniform Grid!          24
 Using uniform alpha   1.0000000000000000     
 Grid defined OK
 Set CM energy to      13000.00
 Mapping Graph          99  to config          99
Setting grid   1    0.37870E-02   1
Setting grid   2    0.38334E-02   1
Setting grid   3    0.44581E-02   1
 Transforming s_hat 1/s            9   1.7832520710059176E-002   18496.000000000000        168999999.99999997     
 Masses: 0.000E+00 0.489E+01 0.800E+03 0.800E+03 0.000E+00 0.489E+01
  99   1   2   3   4   5   6   7   8   9  10
Using random seed offsets    99 :      3
  with seed                   24
 Ranmar initialization seeds       31157        9400
 
 ********************************************
 * You are using the DiscreteSampler module *
 *      part of the MG5_aMC framework       *
 *         Author: Valentin Hirschi         *
 ********************************************
 
  Particle       3       4       5       6
      Et >     0.0     0.0    68.0    68.0
       E >     0.0     0.0     0.0     0.0
     Eta <    -1.0    -1.0     5.0     5.0
   xqcut:      0.0     0.0    68.0    67.8
d R # 3  >    -0.0     0.0     0.0     0.0
d R # 4  >    -0.0    -0.0     0.0     0.0
d R # 5  >    -0.0    -0.0    -0.0     0.0
s min # 3>     0.0     0.0     0.0     0.0
s min # 4>     0.0     0.0     0.0     0.0
s min # 5>     0.0     0.0     0.0  4624.0
xqcutij # 3>     0.0     0.0     0.0     0.0
xqcutij # 4>     0.0     0.0     0.0     0.0
xqcutij # 5>     0.0     0.0     0.0    68.0
 alpha_s for scale    2100.9809738870636       is    8.5608112244904361E-002
 Added good helicity            1   2.3679663101892708E-004  in event            1 local:           1
 Added good helicity            2   1.7948336040592101       in event            1 local:           1
 Added good helicity            3   1.2348336430086437E-004  in event            1 local:           1
 Added good helicity            4  0.63132146671756151       in event            1 local:           1
 Added good helicity            5   4.4282263969533977       in event            1 local:           1
 Added good helicity            6   8.4856177121605094E-004  in event            1 local:           1
 Added good helicity            7   1.1441924911839920       in event            1 local:           1
 Added good helicity            8   4.9760227992785508E-004  in event            1 local:           1
 Added good helicity            9   4.9757163224811783E-004  in event            1 local:           1
 Added good helicity           10   1.1440817245785064       in event            1 local:           1
 Added good helicity           11   8.4853133498553521E-004  in event            1 local:           1
 Added good helicity           12   4.4276528684487930       in event            1 local:           1
 Added good helicity           13  0.63136545340227190       in event            1 local:           1
 Added good helicity           14   1.2348336077876789E-004  in event            1 local:           1
 Added good helicity           15   1.7949131911677172       in event            1 local:           1
 Added good helicity           16   2.3677311407491167E-004  in event            1 local:           1
 Added good helicity            1   2.3679663101892713E-004  in event            1 local:           1
 Added good helicity            2   1.7948336040592106       in event            1 local:           1
 Added good helicity            3   1.2348336430086443E-004  in event            1 local:           1
 Added good helicity            4  0.63132146671756140       in event            1 local:           1
 Added good helicity            5   4.4282263969533977       in event            1 local:           1
 Added good helicity            6   8.4856177121605148E-004  in event            1 local:           1
 Added good helicity            7   1.1441924911839922       in event            1 local:           1
 Added good helicity            8   4.9760227992785562E-004  in event            1 local:           1
 Added good helicity            9   4.9757163224811805E-004  in event            1 local:           1
 Added good helicity           10   1.1440817245785069       in event            1 local:           1
 Added good helicity           11   8.4853133498553543E-004  in event            1 local:           1
 Added good helicity           12   4.4276528684487912       in event            1 local:           1
 Added good helicity           13  0.63136545340227213       in event            1 local:           1
 Added good helicity           14   1.2348336077876791E-004  in event            1 local:           1
 Added good helicity           15   1.7949131911677172       in event            1 local:           1
 Added good helicity           16   2.3677311407491173E-004  in event            1 local:           1
 RESET CUMULATIVE VARIABLE
 RESET CUMULATIVE VARIABLE
 RESET CUMULATIVE VARIABLE
 Iteration  1   Mean: 0.8770E-12 Abs mean: 0.8770E-12   Fluctuation:  0.175E-12   0.197E-09    36.7%
  1    0.8770E-12 0.8770E-12 +- 0.1755E-12      8.95
 Writing out events   1.4917423202623745E-016   8.9475938406220656     
 Relative summed weights:
  0.2615E+00  0.1615E+00  0.0000E+00  0.0000E+00
  0.0000E+00  0.0000E+00  0.1685E+00  0.4086E+00
 Relative number of events:
  0.2419E+00  0.2404E+00  0.0000E+00  0.0000E+00
  0.0000E+00  0.0000E+00  0.2638E+00  0.2539E+00
 Events:
         485         482           0           0
           0           0         529         509
 Iteration  2   Mean: 0.7205E-12 Abs mean: 0.7205E-12   Fluctuation:  0.531E-13   0.105E-09    53.9%
  2    0.7205E-12 0.7205E-12 +- 0.5308E-13      4.66
 Relative summed weights:
  0.2470E+00  0.2591E+00  0.0000E+00  0.0000E+00
  0.0000E+00  0.0000E+00  0.2433E+00  0.2506E+00
 Relative number of events:
  0.2428E+00  0.2458E+00  0.0000E+00  0.0000E+00
  0.0000E+00  0.0000E+00  0.2528E+00  0.2586E+00
 Events:
         970         982           0           0
           0           0        1010        1033
 Iteration  3   Mean: 0.6959E-12 Abs mean: 0.6959E-12   Fluctuation:  0.212E-13   0.562E-10    58.4%
  3    0.6959E-12 0.6959E-12 +- 0.2121E-13      2.73
 Relative summed weights:
  0.2724E+00  0.2544E+00  0.0000E+00  0.0000E+00
  0.0000E+00  0.0000E+00  0.2256E+00  0.2477E+00
 Relative number of events:
  0.2586E+00  0.2549E+00  0.0000E+00  0.0000E+00
  0.0000E+00  0.0000E+00  0.2436E+00  0.2429E+00
 Events:
        2067        2038           0           0
           0           0        1947        1942
 Accuracy:    0.026   0.010   0.028   0.878
 Found         1122  events.
 Wrote          213  events.
 Actual xsec    7.0292348472173528E-013
 Correct abs xsec    7.0292348474305295E-013
 Event xsec    7.0292348474304891E-013
 Events wgts > 1:            4
 % Cross section > 1:    6.3397425420145499E-015  0.90191075979372348     
 Iteration  4   Mean: 0.7031E-12 Abs mean: 0.7031E-12   Fluctuation:  0.116E-13   0.210E-10    59.7%
  4    0.7031E-12 0.7031E-12 +- 0.1158E-13      2.08
 Relative summed weights:
  0.2492E+00  0.2567E+00  0.0000E+00  0.0000E+00
  0.0000E+00  0.0000E+00  0.2497E+00  0.2444E+00
 Relative number of events:
  0.2524E+00  0.2455E+00  0.0000E+00  0.0000E+00
  0.0000E+00  0.0000E+00  0.2539E+00  0.2483E+00
 Events:
        4037        3926           0           0
           0           0        4061        3971
 Accuracy:    0.011   0.010   0.014   0.585
 Found         2400  events.
 Wrote          969  events.
 Actual xsec    7.0217702250370375E-013
 Correct abs xsec    7.0217702250929884E-013
 Event xsec    7.0217702250931105E-013
 Events wgts > 1:           38
 % Cross section > 1:    6.9108185958001677E-015  0.98419890914452823     
 Iteration  5   Mean: 0.6991E-12 Abs mean: 0.6991E-12   Fluctuation:  0.784E-14   0.413E-10    58.7%
  5    0.6991E-12 0.6991E-12 +- 0.7837E-14      2.01
 Relative summed weights:
  0.2529E+00  0.2511E+00  0.0000E+00  0.0000E+00
  0.0000E+00  0.0000E+00  0.2451E+00  0.2509E+00
 Relative number of events:
  0.2503E+00  0.2534E+00  0.0000E+00  0.0000E+00
  0.0000E+00  0.0000E+00  0.2481E+00  0.2481E+00
 Events:
        8009        8108           0           0
           0           0        7939        7938
 Accuracy:    0.006   0.010   0.009   0.466
 Finished due to accuracy    6.0053635584667022E-003   1.0000000000000000E-002

 -------------------------------------------------------------------------------
 Accumulated results:   Integral =  0.7006E-12
                        Std dev  =  0.6161E-14
                       Cross sec =  0.7006E-12
             Chi**2 per DoF.     =      0.4664
 -------------------------------------------------------------------------------
 Found         4964  events.
 Wrote         1848  events.
 Actual xsec    6.9998401319006483E-013
 Correct abs xsec    6.9998401320087907E-013
 Event xsec    6.9998401320085170E-013
 Events wgts > 1:           36
 % Cross section > 1:    6.7539772367416541E-015  0.96487592707402081     
-------------------------------------------------
---------------------------
 Results Last   3 iters: Integral =   0.7000E-12
                     Abs integral =   0.7000E-12
                          Std dev =   0.6206E-14
                  Chi**2 per DoF. =      0.0615
-------------------------------------------------
---------------------------
 Status   1.0000000000000000E-002           6           8

ls status:
events.lhe
ftn25
ftn26
input_app.txt
results.dat
run1_app.log
