 Process in group number            0
 A PDF is used, so alpha_s(MZ) is going to be modified
 Old value of alpha_s from param_card:   0.11799999999999999     
  ****************************************
 
       NNPDFDriver version 1.0.3
   Grid: NNPDF23_lo_as_0130_qed_mem0.grid
  ****************************************
 New value of alpha_s from PDF nn23lo1:  0.13000000000000000     
 Warning! ptj set to xqcut=   62.000000000000000       to improve integration efficiency
 Note that this might affect non-radiated jets,
 e.g. from decays. Use cut_decays=F in run_card.
 Warning! mmjj set to xqcut=   62.000000000000000       to improve integration efficiency
 Note that this might affect non-radiated jets,
 e.g. from decays. Use cut_decays=F in run_card.
 Define smin to   15376.000000000000     
 Define smin to   15376.000000000000     
 Define smin to   15376.000000000000     
 Define smin to   15376.000000000000     
 Define smin to   15376.000000000000     
 Define smin to   15376.000000000000     
 Define smin to   15376.000000000000     
 Define smin to   15376.000000000000     
 Define smin to   15376.000000000000     
 Define smin to   15376.000000000000     
 Define smin to   15376.000000000000     
 Define smin to   15376.000000000000     
 Define smin to   15376.000000000000     
 Define smin to   15376.000000000000     
 Define smin to   15376.000000000000     
 Define smin to   15376.000000000000     
 *****************************************************
 *               MadGraph/MadEvent                   *
 *        --------------------------------           *
 *          http://madgraph.hep.uiuc.edu             *
 *          http://madgraph.phys.ucl.ac.be           *
 *          http://madgraph.roma2.infn.it            *
 *        --------------------------------           *
 *                                                   *
 *          PARAMETER AND COUPLING VALUES            *
 *                                                   *
 *****************************************************

  External Params
  ---------------------------------
  
 mdl_RRd1x1 =    1.0000000000000000     
 mdl_RRd2x2 =    1.0000000000000000     
 mdl_RRd3x3 =   0.93873790000000001     
 mdl_RRd3x6 =   0.34463189999999999     
 mdl_RRd4x4 =    1.0000000000000000     
 mdl_RRd5x5 =    1.0000000000000000     
 mdl_RRd6x3 =  -0.34463189999999999     
 mdl_RRd6x6 =   0.93873790000000001     
 mdl_alp =  -0.11382520000000000     
 mdl_RMUH =    357.68099999999998     
 mdl_tb =    9.7486239999999995     
 mdl_MA2 =    166439.10000000001     
 mdl_RmD21x1 =    273684.70000000001     
 mdl_RmD23x3 =    270262.00000000000     
 mdl_RmE21x1 =    18630.639999999999     
 mdl_RmE23x3 =    17967.630000000001     
 mdl_RmL21x1 =    38155.680000000000     
 mdl_RmL23x3 =    37828.690000000002     
 mdl_RMx1 =    101.39650000000000     
 mdl_RMx2 =    191.50420000000000     
 mdl_RMx3 =    588.26300000000003     
 mdl_mHd2 =    32337.490000000002     
 mdl_mHu2 =   -128800.10000000001     
 mdl_RmQ21x1 =    299836.70000000001     
 mdl_RmQ23x3 =    248765.39999999999     
 mdl_RmU21x1 =    280382.09999999998     
 mdl_RmU23x3 =    179137.10000000001     
 mdl_RNN1x1 =   0.98636440000000003     
 mdl_RNN1x2 =   -5.3110360000000002E-002
 mdl_RNN1x3 =   0.14643400000000001     
 mdl_RNN1x4 =   -5.3118609999999997E-002
 mdl_RNN2x1 =    9.9350540000000001E-002
 mdl_RNN2x2 =   0.94494929999999999     
 mdl_RNN2x3 =  -0.26984669999999999     
 mdl_RNN2x4 =   0.15615070000000000     
 mdl_RNN3x1 =   -6.0338799999999998E-002
 mdl_RNN3x2 =    8.7700490000000006E-002
 mdl_RNN3x3 =   0.69587750000000004     
 mdl_RNN3x4 =   0.71022700000000005     
 mdl_RNN4x1 =  -0.11650710000000000     
 mdl_RNN4x2 =   0.31073899999999999     
 mdl_RNN4x3 =   0.64922599999999997     
 mdl_RNN4x4 =  -0.68437780000000004     
 mdl_RRl1x1 =    1.0000000000000000     
 mdl_RRl2x2 =    1.0000000000000000     
 mdl_RRl3x3 =   0.28248719999999999     
 mdl_RRl3x6 =   0.95927110000000004     
 mdl_RRl4x4 =    1.0000000000000000     
 mdl_RRl5x5 =    1.0000000000000000     
 mdl_RRl6x3 =   0.95927110000000004     
 mdl_RRl6x6 =  -0.28248719999999999     
 aEWM1 =    127.93400000000000     
 aS =   0.11799999999999999     
 mdl_RRn1x1 =    1.0000000000000000     
 mdl_RRn2x2 =    1.0000000000000000     
 mdl_RRn3x3 =    1.0000000000000000     
 mdl_Rtd3x3 =   -110.69370000000001     
 mdl_Rte3x3 =   -25.401969999999999     
 mdl_Rtu3x3 =   -444.75250000000000     
 mdl_RUU1x1 =   0.91683490000000001     
 mdl_RUU1x2 =  -0.39926660000000003     
 mdl_RUU2x1 =   0.39926660000000003     
 mdl_RUU2x2 =   0.91683490000000001     
 mdl_RMNS1x1 =    1.0000000000000000     
 mdl_RMNS2x2 =    1.0000000000000000     
 mdl_RMNS3x3 =    1.0000000000000000     
 mdl_RRu1x1 =    1.0000000000000000     
 mdl_RRu2x2 =    1.0000000000000000     
 mdl_RRu3x3 =   0.55364500000000005     
 mdl_RRu3x6 =   0.83275279999999996     
 mdl_RRu4x4 =    1.0000000000000000     
 mdl_RRu5x5 =    1.0000000000000000     
 mdl_RRu6x3 =   0.83275279999999996     
 mdl_RRu6x6 =  -0.55364500000000005     
 mdl_RCKM1x1 =    1.0000000000000000     
 mdl_RCKM2x2 =    1.0000000000000000     
 mdl_RCKM3x3 =    1.0000000000000000     
 mdl_RVV1x1 =   0.97255780000000003     
 mdl_RVV1x2 =  -0.23266120000000001     
 mdl_RVV2x1 =   0.23266120000000001     
 mdl_RVV2x2 =   0.97255780000000003     
 mdl_Ryd3x3 =   0.13884020000000000     
 mdl_Rye3x3 =   0.10089080000000000     
 mdl_Ryu3x3 =   0.89284450000000004     
 mdl_MZ =    91.187600000000003     
 mdl_MW =    79.829009999999997     
 mdl_Mneu1 =    100000.00000000000     
 mdl_Mneu2 =    100000.00000000000     
 mdl_Mneu3 =    100000.00000000000     
 mdl_Mneu4 =    100000.00000000000     
 mdl_Mch1 =    100000.00000000000     
 mdl_Mch2 =    100000.00000000000     
 mdl_Mgo =    100000.00000000000     
 mdl_MH01 =    110.89910000000000     
 mdl_MH02 =    399.96010000000001     
 mdl_MA0 =    399.58390000000003     
 mdl_MH =    407.87900000000002     
 mdl_Mta =    1.7769999999999999     
 mdl_MT =    175.00000000000000     
 mdl_MB =    4.8899169999999996     
 mdl_Msn1 =    100000.00000000000     
 mdl_Msn3 =    100000.00000000000     
 mdl_Msl1 =    100000.00000000000     
 mdl_Msl3 =    100000.00000000000     
 mdl_Msl4 =    100000.00000000000     
 mdl_Msl6 =    100000.00000000000     
 mdl_Msu1 =    100000.00000000000     
 mdl_Msu3 =    100000.00000000000     
 mdl_Msu4 =    100000.00000000000     
 mdl_Msu6 =    100000.00000000000     
 mdl_Msd1 =    100000.00000000000     
 mdl_Msd3 =    375.00000000000000     
 mdl_Msd4 =    100000.00000000000     
 mdl_Msd6 =    100000.00000000000     
 mdl_WZ =    2.4114330000000002     
 mdl_WW =    2.0028220000000001     
 mdl_Wneu2 =    0.0000000000000000     
 mdl_Wneu3 =    0.0000000000000000     
 mdl_Wneu4 =    0.0000000000000000     
 mdl_Wch1 =    0.0000000000000000     
 mdl_Wch2 =    0.0000000000000000     
 mdl_Wgo =    0.0000000000000000     
 mdl_WH01 =    1.9861079999999999E-003
 mdl_WH02 =   0.57480140000000002     
 mdl_WA0 =   0.63217849999999998     
 mdl_WH =   0.54696279999999997     
 mdl_WT =    1.5619499999999999     
 mdl_Wsn1 =    0.0000000000000000     
 mdl_Wsn2 =    0.0000000000000000     
 mdl_Wsn3 =    0.0000000000000000     
 mdl_Wsl1 =    0.0000000000000000     
 mdl_Wsl2 =    0.0000000000000000     
 mdl_Wsl3 =    0.0000000000000000     
 mdl_Wsl4 =    0.0000000000000000     
 mdl_Wsl5 =    0.0000000000000000     
 mdl_Wsl6 =    0.0000000000000000     
 mdl_Wsu1 =    0.0000000000000000     
 mdl_Wsu2 =    0.0000000000000000     
 mdl_Wsu3 =    0.0000000000000000     
 mdl_Wsu4 =    0.0000000000000000     
 mdl_Wsu5 =    0.0000000000000000     
 mdl_Wsu6 =    0.0000000000000000     
 mdl_Wsd1 =    0.0000000000000000     
 mdl_Wsd2 =    0.0000000000000000     
 mdl_Wsd3 =    0.0000000000000000     
 mdl_Wsd4 =    0.0000000000000000     
 mdl_Wsd5 =    0.0000000000000000     
 mdl_Wsd6 =    0.0000000000000000     
  Internal Params
  ---------------------------------
  
 mdl_Msu5 =    100000.00000000000     
 mdl_Msu2 =    100000.00000000000     
 mdl_RmD22x2 =    273684.70000000001     
 mdl_Msl2 =    100000.00000000000     
 mdl_Msl5 =    100000.00000000000     
 mdl_RmL22x2 =    38155.680000000000     
 mdl_Msd2 =    100000.00000000000     
 mdl_RmQ22x2 =    299836.70000000001     
 mdl_Msd5 =    100000.00000000000     
 mdl_RmU22x2 =    280382.09999999998     
 mdl_Msn2 =    100000.00000000000     
 mdl_RmE22x2 =    18630.639999999999     
 mdl_conjg__CKM3x3 =    1.0000000000000000     
 mdl_I93x22 =    1.0000000000000000     
 mdl_I97x11 =    1.0000000000000000     
 mdl_I43x22 =    1.0000000000000000     
 mdl_I51x11 =    1.0000000000000000     
 mdl_I75x55 =    1.0000000000000000     
 mdl_I92x22 =    1.0000000000000000     
 mdl_I96x11 =    1.0000000000000000     
 mdl_I5x11 =    1.0000000000000000     
 mdl_I100x44 =    1.0000000000000000     
 mdl_conjg__Rn3x3 =    1.0000000000000000     
 mdl_I45x11 =    1.0000000000000000     
 mdl_I75x44 =    1.0000000000000000     
 mdl_I25x22 =    1.0000000000000000     
 mdl_I52x44 =    1.0000000000000000     
 mdl_conjg__Ru1x1 =    1.0000000000000000     
 mdl_I32x44 =    1.0000000000000000     
 mdl_conjg__Ru4x4 =    1.0000000000000000     
 mdl_I6x44 =    1.0000000000000000     
 mdl_I53x11 =    1.0000000000000000     
 mdl_conjg__Rd5x5 =    1.0000000000000000     
 mdl_conjg__Rl1x1 =    1.0000000000000000     
 mdl_I5x22 =    1.0000000000000000     
 mdl_I101x55 =    1.0000000000000000     
 mdl_I102x44 =    1.0000000000000000     
 mdl_I52x55 =    1.0000000000000000     
 mdl_I26x44 =    1.0000000000000000     
 mdl_conjg__Ru2x2 =    1.0000000000000000     
 mdl_I26x55 =    1.0000000000000000     
 mdl_I96x22 =    1.0000000000000000     
 mdl_I13x44 =    1.0000000000000000     
 mdl_I51x22 =    1.0000000000000000     
 mdl_I89x11 =    1.0000000000000000     
 mdl_I98x11 =    1.0000000000000000     
 mdl_I100x55 =    1.0000000000000000     
 mdl_Ru5x5 =    1.0000000000000000     
 mdl_Rl1x1 =    1.0000000000000000     
 mdl_conjg__Rl4x4 =    1.0000000000000000     
 mdl_Ru2x2 =    1.0000000000000000     
 mdl_Ru4x4 =    1.0000000000000000     
 mdl_conjg__Rd4x4 =    1.0000000000000000     
 mdl_Rd1x1 =    1.0000000000000000     
 mdl_I7x22 =    1.0000000000000000     
 mdl_I25x11 =    1.0000000000000000     
 mdl_I6x55 =    1.0000000000000000     
 mdl_CKM3x3 =    1.0000000000000000     
 mdl_Rn3x3 =    1.0000000000000000     
 mdl_conjg__Rd1x1 =    1.0000000000000000     
 mdl_I85x22 =    1.0000000000000000     
 mdl_conjg__Rn2x2 =    1.0000000000000000     
 mdl_I39x11 =    1.0000000000000000     
 mdl_I101x44 =    1.0000000000000000     
 mdl_I102x55 =    1.0000000000000000     
 mdl_atan__tb =    1.4685752826790794     
 mdl_beta =    1.4685752826790794     
 mdl_cw =   0.87543712083660485     
 mdl_mD21x1 =  (  273684.70000000001     ,  0.0000000000000000     )
 mdl_mD22x2 =  (  273684.70000000001     ,  0.0000000000000000     )
 mdl_mD23x3 =  (  270262.00000000000     ,  0.0000000000000000     )
 mdl_mE21x1 =  (  18630.639999999999     ,  0.0000000000000000     )
 mdl_mE22x2 =  (  18630.639999999999     ,  0.0000000000000000     )
 mdl_mE23x3 =  (  17967.630000000001     ,  0.0000000000000000     )
 mdl_mL21x1 =  (  38155.680000000000     ,  0.0000000000000000     )
 mdl_mL22x2 =  (  38155.680000000000     ,  0.0000000000000000     )
 mdl_mL23x3 =  (  37828.690000000002     ,  0.0000000000000000     )
 mdl_mQ21x1 =  (  299836.70000000001     ,  0.0000000000000000     )
 mdl_mQ22x2 =  (  299836.70000000001     ,  0.0000000000000000     )
 mdl_mQ23x3 =  (  248765.39999999999     ,  0.0000000000000000     )
 mdl_mU21x1 =  (  280382.09999999998     ,  0.0000000000000000     )
 mdl_mU22x2 =  (  280382.09999999998     ,  0.0000000000000000     )
 mdl_mU23x3 =  (  179137.10000000001     ,  0.0000000000000000     )
 mdl_MUH =  (  357.68099999999998     ,  0.0000000000000000     )
 mdl_Mx1 =  (  101.39650000000000     ,  0.0000000000000000     )
 mdl_Mx2 =  (  191.50420000000000     ,  0.0000000000000000     )
 mdl_Mx3 =  (  588.26300000000003     ,  0.0000000000000000     )
 mdl_NN1x1 =  ( 0.98636440000000003     ,  0.0000000000000000     )
 mdl_NN1x2 =  ( -5.3110360000000002E-002,  0.0000000000000000     )
 mdl_NN1x3 =  ( 0.14643400000000001     ,  0.0000000000000000     )
 mdl_NN1x4 =  ( -5.3118609999999997E-002,  0.0000000000000000     )
 mdl_NN2x1 =  (  9.9350540000000001E-002,  0.0000000000000000     )
 mdl_NN2x2 =  ( 0.94494929999999999     ,  0.0000000000000000     )
 mdl_NN2x3 =  (-0.26984669999999999     ,  0.0000000000000000     )
 mdl_NN2x4 =  ( 0.15615070000000000     ,  0.0000000000000000     )
 mdl_NN3x1 =  ( -6.0338799999999998E-002,  0.0000000000000000     )
 mdl_NN3x2 =  (  8.7700490000000006E-002,  0.0000000000000000     )
 mdl_NN3x3 =  ( 0.69587750000000004     ,  0.0000000000000000     )
 mdl_NN3x4 =  ( 0.71022700000000005     ,  0.0000000000000000     )
 mdl_NN4x1 =  (-0.11650710000000000     ,  0.0000000000000000     )
 mdl_NN4x2 =  ( 0.31073899999999999     ,  0.0000000000000000     )
 mdl_NN4x3 =  ( 0.64922599999999997     ,  0.0000000000000000     )
 mdl_NN4x4 =  (-0.68437780000000004     ,  0.0000000000000000     )
 mdl_Rd3x3 =  ( 0.93873790000000001     ,  0.0000000000000000     )
 mdl_Rd3x6 =  ( 0.34463189999999999     ,  0.0000000000000000     )
 mdl_Rd6x3 =  (-0.34463189999999999     ,  0.0000000000000000     )
 mdl_Rd6x6 =  ( 0.93873790000000001     ,  0.0000000000000000     )
 mdl_Rl3x3 =  ( 0.28248719999999999     ,  0.0000000000000000     )
 mdl_Rl3x6 =  ( 0.95927110000000004     ,  0.0000000000000000     )
 mdl_Rl6x3 =  ( 0.95927110000000004     ,  0.0000000000000000     )
 mdl_Rl6x6 =  (-0.28248719999999999     ,  0.0000000000000000     )
 mdl_Ru3x3 =  ( 0.55364500000000005     ,  0.0000000000000000     )
 mdl_Ru3x6 =  ( 0.83275279999999996     ,  0.0000000000000000     )
 mdl_Ru6x3 =  ( 0.83275279999999996     ,  0.0000000000000000     )
 mdl_Ru6x6 =  (-0.55364500000000005     ,  0.0000000000000000     )
 mdl_UU1x1 =  ( 0.91683490000000001     ,  0.0000000000000000     )
 mdl_UU1x2 =  (-0.39926660000000003     ,  0.0000000000000000     )
 mdl_UU2x1 =  ( 0.39926660000000003     ,  0.0000000000000000     )
 mdl_UU2x2 =  ( 0.91683490000000001     ,  0.0000000000000000     )
 mdl_VV1x1 =  ( 0.97255780000000003     ,  0.0000000000000000     )
 mdl_VV1x2 =  (-0.23266120000000001     ,  0.0000000000000000     )
 mdl_VV2x1 =  ( 0.23266120000000001     ,  0.0000000000000000     )
 mdl_VV2x2 =  ( 0.97255780000000003     ,  0.0000000000000000     )
 mdl_td3x3 =  ( -110.69370000000001     ,  0.0000000000000000     )
 mdl_te3x3 =  ( -25.401969999999999     ,  0.0000000000000000     )
 mdl_tu3x3 =  ( -444.75250000000000     ,  0.0000000000000000     )
 mdl_yd3x3 =  ( 0.13884020000000000     ,  0.0000000000000000     )
 mdl_ye3x3 =  ( 0.10089080000000000     ,  0.0000000000000000     )
 mdl_yu3x3 =  ( 0.89284450000000004     ,  0.0000000000000000     )
 mdl_MZ__exp__2 =    8315.1783937600012     
 mdl_bb =  (  15860.964102273132     ,  0.0000000000000000     )
 mdl_cw__exp__2 =   0.76639015253868426     
 mdl_sw =   0.48333202610763931     
 mdl_cos__beta =   0.10204311673550755     
 mdl_sin__beta =   0.99477997684256969     
 mdl_conjg__yu3x3 =  ( 0.89284450000000004     , -0.0000000000000000     )
 mdl_I1x33 =  ( 0.89284450000000004     ,  0.0000000000000000     )
 mdl_conjg__yd3x3 =  ( 0.13884020000000000     , -0.0000000000000000     )
 mdl_I10x33 =  ( 0.13033455778358000     ,  0.0000000000000000     )
 mdl_I10x36 =  ( -4.7848761922379995E-002,  0.0000000000000000     )
 mdl_conjg__Rd3x6 =  ( 0.34463189999999999     , -0.0000000000000000     )
 mdl_I100x33 =  ( 0.11877114649760999     ,  0.0000000000000000     )
 mdl_I100x36 =  ( 0.32351902607901001     ,  0.0000000000000000     )
 mdl_conjg__Rd6x6 =  ( 0.93873790000000001     , -0.0000000000000000     )
 mdl_I100x63 =  ( 0.32351902607901001     ,  0.0000000000000000     )
 mdl_I100x66 =  ( 0.88122884489641007     ,  0.0000000000000000     )
 mdl_conjg__Rl3x6 =  ( 0.95927110000000004     , -0.0000000000000000     )
 mdl_I101x33 =  ( 0.92020104329521013     ,  0.0000000000000000     )
 mdl_I101x36 =  (-0.27098180707992003     ,  0.0000000000000000     )
 mdl_conjg__Rl6x6 =  (-0.28248719999999999     , -0.0000000000000000     )
 mdl_I101x63 =  (-0.27098180707992003     , -0.0000000000000000     )
 mdl_I101x66 =  (  7.9799018163839996E-002,  0.0000000000000000     )
 mdl_conjg__Ru3x6 =  ( 0.83275279999999996     , -0.0000000000000000     )
 mdl_I102x33 =  ( 0.69347722590783989     ,  0.0000000000000000     )
 mdl_I102x36 =  (-0.46104942395600002     ,  0.0000000000000000     )
 mdl_conjg__Ru6x6 =  (-0.55364500000000005     , -0.0000000000000000     )
 mdl_I102x63 =  (-0.46104942395600002     , -0.0000000000000000     )
 mdl_I102x66 =  ( 0.30652278602500005     ,  0.0000000000000000     )
 mdl_I11x33 =  (  4.7848761922379995E-002,  0.0000000000000000     )
 mdl_I11x36 =  ( 0.13033455778358000     ,  0.0000000000000000     )
 mdl_conjg__Rd3x3 =  ( 0.93873790000000001     , -0.0000000000000000     )
 mdl_I12x33 =  ( 0.88122884489641007     ,  0.0000000000000000     )
 mdl_I12x36 =  (-0.32351902607901001     ,  0.0000000000000000     )
 mdl_conjg__Rd6x3 =  (-0.34463189999999999     , -0.0000000000000000     )
 mdl_I12x63 =  (-0.32351902607901001     , -0.0000000000000000     )
 mdl_I12x66 =  ( 0.11877114649760999     ,  0.0000000000000000     )
 mdl_I13x33 =  ( 0.11877114649760999     ,  0.0000000000000000     )
 mdl_I13x36 =  ( 0.32351902607901001     ,  0.0000000000000000     )
 mdl_I13x63 =  ( 0.32351902607901001     ,  0.0000000000000000     )
 mdl_I13x66 =  ( 0.88122884489641007     ,  0.0000000000000000     )
 mdl_conjg__td3x3 =  ( -110.69370000000001     , -0.0000000000000000     )
 mdl_I14x33 =  ( -35.811518017082115     , -0.0000000000000000     )
 mdl_I14x36 =  (  13.147217659062491     ,  0.0000000000000000     )
 mdl_I14x63 =  ( -97.546481388309758     , -0.0000000000000000     )
 mdl_I14x66 =  (  35.811518017082115     ,  0.0000000000000000     )
 mdl_I15x33 =  (  4.4917446284614963E-002,  0.0000000000000000     )
 mdl_I15x36 =  ( -1.6490209733957470E-002,  0.0000000000000000     )
 mdl_I15x63 =  ( 0.12234998907118655     ,  0.0000000000000000     )
 mdl_I15x66 =  ( -4.4917446284614963E-002,  0.0000000000000000     )
 mdl_I16x33 =  ( -35.811518017082115     ,  0.0000000000000000     )
 mdl_I16x36 =  ( -97.546481388309758     ,  0.0000000000000000     )
 mdl_I16x63 =  (  13.147217659062493     ,  0.0000000000000000     )
 mdl_I16x66 =  (  35.811518017082115     ,  0.0000000000000000     )
 mdl_I17x33 =  (  1.6987096952641351E-002,  0.0000000000000000     )
 mdl_I17x36 =  ( -6.2363472256451984E-003,  0.0000000000000000     )
 mdl_I17x63 =  ( -6.2363472256451984E-003,  0.0000000000000000     )
 mdl_I17x66 =  (  2.2895040175046019E-003,  0.0000000000000000     )
 mdl_I18x33 =  (  4.4917446284614963E-002,  0.0000000000000000     )
 mdl_I18x36 =  ( 0.12234998907118654     ,  0.0000000000000000     )
 mdl_I18x63 =  ( -1.6490209733957470E-002, -0.0000000000000000     )
 mdl_I18x66 =  ( -4.4917446284614963E-002, -0.0000000000000000     )
 mdl_I19x33 =  (  2.2895040175046019E-003,  0.0000000000000000     )
 mdl_I19x36 =  (  6.2363472256451984E-003,  0.0000000000000000     )
 mdl_I19x63 =  (  6.2363472256451984E-003,  0.0000000000000000     )
 mdl_I19x66 =  (  1.6987096952641351E-002,  0.0000000000000000     )
 mdl_I2x33 =  ( 0.13884020000000000     ,  0.0000000000000000     )
 mdl_I20x33 =  ( 0.13884020000000000     ,  0.0000000000000000     )
 mdl_I21x33 =  ( 0.89284450000000004     ,  0.0000000000000000     )
 mdl_conjg__ye3x3 =  ( 0.10089080000000000     , -0.0000000000000000     )
 mdl_I22x33 =  ( 0.10089080000000000     , -0.0000000000000000     )
 mdl_I23x33 =  (  9.6781628695880001E-002, -0.0000000000000000     )
 mdl_I23x36 =  ( -2.8500359597760001E-002,  0.0000000000000000     )
 mdl_conjg__Rl3x3 =  ( 0.28248719999999999     , -0.0000000000000000     )
 mdl_I24x33 =  (  2.8500359597760001E-002,  0.0000000000000000     )
 mdl_conjg__Rl6x3 =  ( 0.95927110000000004     , -0.0000000000000000     )
 mdl_I24x36 =  (  9.6781628695880001E-002,  0.0000000000000000     )
 mdl_I25x33 =  (  7.9799018163839996E-002,  0.0000000000000000     )
 mdl_I25x36 =  ( 0.27098180707992003     ,  0.0000000000000000     )
 mdl_I25x63 =  ( 0.27098180707992003     ,  0.0000000000000000     )
 mdl_I25x66 =  ( 0.92020104329521013     ,  0.0000000000000000     )
 mdl_I26x33 =  ( 0.92020104329521013     ,  0.0000000000000000     )
 mdl_I26x36 =  (-0.27098180707992003     ,  0.0000000000000000     )
 mdl_I26x63 =  (-0.27098180707992003     , -0.0000000000000000     )
 mdl_I26x66 =  (  7.9799018163839996E-002,  0.0000000000000000     )
 mdl_I27x33 =  (  2.8500359597760001E-002,  0.0000000000000000     )
 mdl_I27x36 =  (  9.6781628695880001E-002,  0.0000000000000000     )
 mdl_I28x33 =  (  9.6781628695880001E-002,  0.0000000000000000     )
 mdl_I28x36 =  ( -2.8500359597760001E-002,  0.0000000000000000     )
 mdl_I29x33 =  ( 0.28248719999999999     ,  0.0000000000000000     )
 mdl_I29x36 =  ( 0.95927110000000004     ,  0.0000000000000000     )
 mdl_I3x33 =  (  4.7848761922379995E-002, -0.0000000000000000     )
 mdl_I3x36 =  ( 0.13033455778358000     , -0.0000000000000000     )
 mdl_I30x33 =  (  9.6781628695880001E-002,  0.0000000000000000     )
 mdl_I30x36 =  ( -2.8500359597760001E-002,  0.0000000000000000     )
 mdl_I31x33 =  (  7.9799018163839996E-002,  0.0000000000000000     )
 mdl_I31x36 =  ( 0.27098180707992003     ,  0.0000000000000000     )
 mdl_I31x63 =  ( 0.27098180707992003     ,  0.0000000000000000     )
 mdl_I31x66 =  ( 0.92020104329521013     ,  0.0000000000000000     )
 mdl_I32x33 =  ( 0.92020104329521013     ,  0.0000000000000000     )
 mdl_I32x36 =  (-0.27098180707992003     ,  0.0000000000000000     )
 mdl_I32x63 =  (-0.27098180707992003     , -0.0000000000000000     )
 mdl_I32x66 =  (  7.9799018163839996E-002,  0.0000000000000000     )
 mdl_conjg__te3x3 =  ( -25.401969999999999     , -0.0000000000000000     )
 mdl_I33x33 =  ( -6.8834717339899161     , -0.0000000000000000     )
 mdl_I33x36 =  ( -23.374919295753628     , -0.0000000000000000     )
 mdl_I33x63 =  (  2.0270522654273186     ,  0.0000000000000000     )
 mdl_I33x66 =  (  6.8834717339899161     ,  0.0000000000000000     )
 mdl_I34x33 =  (  2.7339571301738797E-002,  0.0000000000000000     )
 mdl_I34x36 =  (  9.2839819418888386E-002,  0.0000000000000000     )
 mdl_I34x63 =  ( -8.0509867817643490E-003,  0.0000000000000000     )
 mdl_I34x66 =  ( -2.7339571301738797E-002,  0.0000000000000000     )
 mdl_I35x33 =  ( -6.8834717339899152     ,  0.0000000000000000     )
 mdl_I35x36 =  (  2.0270522654273186     , -0.0000000000000000     )
 mdl_I35x63 =  ( -23.374919295753628     ,  0.0000000000000000     )
 mdl_I35x66 =  (  6.8834717339899152     , -0.0000000000000000     )
 mdl_I36x33 =  (  8.1227049720163059E-004,  0.0000000000000000     )
 mdl_I36x36 =  (  2.7583112202894684E-003,  0.0000000000000000     )
 mdl_I36x63 =  (  2.7583112202894684E-003,  0.0000000000000000     )
 mdl_I36x66 =  (  9.3666836530271833E-003,  0.0000000000000000     )
 mdl_I37x33 =  (  2.7339571301738794E-002,  0.0000000000000000     )
 mdl_I37x36 =  ( -8.0509867817643490E-003,  0.0000000000000000     )
 mdl_I37x63 =  (  9.2839819418888372E-002,  0.0000000000000000     )
 mdl_I37x66 =  ( -2.7339571301738794E-002,  0.0000000000000000     )
 mdl_I38x33 =  (  9.3666836530271833E-003,  0.0000000000000000     )
 mdl_I38x36 =  ( -2.7583112202894684E-003,  0.0000000000000000     )
 mdl_I38x63 =  ( -2.7583112202894684E-003,  0.0000000000000000     )
 mdl_I38x66 =  (  8.1227049720163059E-004,  0.0000000000000000     )
 mdl_I39x33 =  ( 0.28248719999999999     ,  0.0000000000000000     )
 mdl_I39x36 =  ( 0.95927110000000004     ,  0.0000000000000000     )
 mdl_I4x33 =  ( 0.13033455778358000     ,  0.0000000000000000     )
 mdl_I4x36 =  ( -4.7848761922379995E-002, -0.0000000000000000     )
 mdl_I40x33 =  ( -24.367375704067001     ,  0.0000000000000000     )
 mdl_I40x36 =  (  7.1757313797839997     ,  0.0000000000000000     )
 mdl_I41x33 =  (  2.8754240801056848E-003,  0.0000000000000000     )
 mdl_I41x36 =  (  9.7643759444302897E-003,  0.0000000000000000     )
 mdl_I42x33 =  (  9.6781628695880001E-002,  0.0000000000000000     )
 mdl_I42x36 =  ( -2.8500359597760001E-002,  0.0000000000000000     )
 mdl_I44x33 =  ( 0.10089080000000000     ,  0.0000000000000000     )
 mdl_I45x33 =  ( 0.28248719999999999     ,  0.0000000000000000     )
 mdl_I45x36 =  ( 0.95927110000000004     ,  0.0000000000000000     )
 mdl_I46x33 =  (  9.6781628695880001E-002,  0.0000000000000000     )
 mdl_I46x36 =  ( -2.8500359597760001E-002,  0.0000000000000000     )
 mdl_I47x33 =  ( -24.367375704067001     , -0.0000000000000000     )
 mdl_I47x36 =  (  7.1757313797839997     ,  0.0000000000000000     )
 mdl_I48x33 =  (  2.8754240801056848E-003,  0.0000000000000000     )
 mdl_I48x36 =  (  9.7643759444302897E-003,  0.0000000000000000     )
 mdl_I49x33 =  ( 0.74351875733960004     , -0.0000000000000000     )
 mdl_I49x36 =  (-0.49431889320250005     ,  0.0000000000000000     )
 mdl_I5x33 =  ( 0.88122884489641007     ,  0.0000000000000000     )
 mdl_I5x36 =  (-0.32351902607901001     ,  0.0000000000000000     )
 mdl_I5x63 =  (-0.32351902607901001     , -0.0000000000000000     )
 mdl_I5x66 =  ( 0.11877114649760999     ,  0.0000000000000000     )
 mdl_conjg__Ru3x3 =  ( 0.55364500000000005     , -0.0000000000000000     )
 mdl_I50x33 =  ( 0.49431889320250005     ,  0.0000000000000000     )
 mdl_conjg__Ru6x3 =  ( 0.83275279999999996     , -0.0000000000000000     )
 mdl_I50x36 =  ( 0.74351875733960004     ,  0.0000000000000000     )
 mdl_I51x33 =  ( 0.30652278602500005     ,  0.0000000000000000     )
 mdl_I51x36 =  ( 0.46104942395600002     ,  0.0000000000000000     )
 mdl_I51x63 =  ( 0.46104942395600002     ,  0.0000000000000000     )
 mdl_I51x66 =  ( 0.69347722590783989     ,  0.0000000000000000     )
 mdl_I52x33 =  ( 0.69347722590783989     ,  0.0000000000000000     )
 mdl_I52x36 =  (-0.46104942395600002     ,  0.0000000000000000     )
 mdl_I52x63 =  (-0.46104942395600002     , -0.0000000000000000     )
 mdl_I52x66 =  ( 0.30652278602500005     ,  0.0000000000000000     )
 mdl_I53x33 =  ( 0.51972754464550008     ,  0.0000000000000000     )
 mdl_I53x36 =  ( 0.78173661469111999     ,  0.0000000000000000     )
 mdl_I53x63 =  (-0.19080372827550002     ,  0.0000000000000000     )
 mdl_I53x66 =  (-0.28699317969431998     ,  0.0000000000000000     )
 mdl_conjg__tu3x3 =  ( -444.75250000000000     , -0.0000000000000000     )
 mdl_I54x33 =  ( -347.67931372541233     , -0.0000000000000000     )
 mdl_I54x36 =  (  231.15012479994778     ,  0.0000000000000000     )
 mdl_I54x63 =  (  127.64093415199804     ,  0.0000000000000000     )
 mdl_I54x66 =  ( -84.860435159849317     , -0.0000000000000000     )
 mdl_I55x33 =  ( 0.69796923687558576     ,  0.0000000000000000     )
 mdl_I55x36 =  (-0.46403587973523924     ,  0.0000000000000000     )
 mdl_I55x63 =  (-0.25624028202758531     ,  0.0000000000000000     )
 mdl_I55x66 =  ( 0.17035805937027468     ,  0.0000000000000000     )
 mdl_I56x33 =  ( -21.120770656609718     ,  0.0000000000000000     )
 mdl_I56x36 =  ( -31.768336935129152     ,  0.0000000000000000     )
 mdl_I56x63 =  ( -57.530564908725594     ,  0.0000000000000000     )
 mdl_I56x66 =  ( -86.533318305634438     ,  0.0000000000000000     )
 mdl_I57x33 =  (  2.6491227794516074E-002,  0.0000000000000000     )
 mdl_I57x36 =  (  3.9846190467395320E-002,  0.0000000000000000     )
 mdl_I57x63 =  (  7.2159076244090153E-002,  0.0000000000000000     )
 mdl_I57x66 =  ( 0.10853646793103804     ,  0.0000000000000000     )
 mdl_I58x33 =  (  1.0018580577544725E-002,  0.0000000000000000     )
 mdl_I58x36 =  (  1.5069224914838907E-002,  0.0000000000000000     )
 mdl_I58x63 =  ( -3.6780473652361706E-003,  0.0000000000000000     )
 mdl_I58x66 =  ( -5.5322530537312599E-003,  0.0000000000000000     )
 mdl_I59x33 =  (  3.5576452004766342E-002,  0.0000000000000000     )
 mdl_I59x36 =  ( -2.3652547034580806E-002,  0.0000000000000000     )
 mdl_I59x63 =  (  9.6906188441653690E-002,  0.0000000000000000     )
 mdl_I59x66 =  ( -6.4426834349616560E-002,  0.0000000000000000     )
 mdl_I6x33 =  ( 0.11877114649760999     ,  0.0000000000000000     )
 mdl_I6x36 =  ( 0.32351902607901001     ,  0.0000000000000000     )
 mdl_I6x63 =  ( 0.32351902607901001     ,  0.0000000000000000     )
 mdl_I6x66 =  ( 0.88122884489641007     ,  0.0000000000000000     )
 mdl_I60x33 =  ( 0.41431188302426980     ,  0.0000000000000000     )
 mdl_I60x36 =  ( 0.62317799431356391     ,  0.0000000000000000     )
 mdl_I60x63 =  (-0.15210325633942320     ,  0.0000000000000000     )
 mdl_I60x66 =  (-0.22878272648677841     ,  0.0000000000000000     )
 mdl_I61x33 =  ( 0.49431889320250005     ,  0.0000000000000000     )
 mdl_I61x36 =  ( 0.74351875733960004     ,  0.0000000000000000     )
 mdl_I62x33 =  ( 0.74351875733960004     ,  0.0000000000000000     )
 mdl_I62x36 =  (-0.49431889320250005     ,  0.0000000000000000     )
 mdl_I63x33 =  ( 0.55364500000000005     ,  0.0000000000000000     )
 mdl_I63x36 =  ( 0.83275279999999996     ,  0.0000000000000000     )
 mdl_I64x33 =  (  7.6868182529000004E-002,  0.0000000000000000     )
 mdl_I64x36 =  ( 0.11561956530256000     ,  0.0000000000000000     )
 mdl_I65x33 =  ( 0.74351875733960004     ,  0.0000000000000000     )
 mdl_I65x36 =  (-0.49431889320250005     ,  0.0000000000000000     )
 mdl_I66x33 =  ( 0.51972754464550008     ,  0.0000000000000000     )
 mdl_I66x36 =  ( 0.78173661469111999     ,  0.0000000000000000     )
 mdl_I66x63 =  (-0.19080372827550002     , -0.0000000000000000     )
 mdl_I66x66 =  (-0.28699317969431998     , -0.0000000000000000     )
 mdl_I67x33 =  (  2.6491227794516077E-002,  0.0000000000000000     )
 mdl_I67x36 =  (  3.9846190467395320E-002,  0.0000000000000000     )
 mdl_I67x63 =  (  7.2159076244090153E-002,  0.0000000000000000     )
 mdl_I67x66 =  ( 0.10853646793103804     ,  0.0000000000000000     )
 mdl_I68x33 =  ( -21.120770656609718     , -0.0000000000000000     )
 mdl_I68x36 =  ( -31.768336935129149     , -0.0000000000000000     )
 mdl_I68x63 =  ( -57.530564908725594     , -0.0000000000000000     )
 mdl_I68x66 =  ( -86.533318305634438     , -0.0000000000000000     )
 mdl_I69x33 =  ( -347.67931372541233     ,  0.0000000000000000     )
 mdl_I69x36 =  (  231.15012479994778     , -0.0000000000000000     )
 mdl_I69x63 =  (  127.64093415199804     ,  0.0000000000000000     )
 mdl_I69x66 =  ( -84.860435159849317     ,  0.0000000000000000     )
 mdl_I7x33 =  ( 0.93873790000000001     ,  0.0000000000000000     )
 mdl_I7x36 =  (-0.34463189999999999     ,  0.0000000000000000     )
 mdl_I70x33 =  (  1.0018580577544725E-002,  0.0000000000000000     )
 mdl_I70x36 =  (  1.5069224914838907E-002,  0.0000000000000000     )
 mdl_I70x63 =  ( -3.6780473652361710E-003,  0.0000000000000000     )
 mdl_I70x66 =  ( -5.5322530537312608E-003,  0.0000000000000000     )
 mdl_I71x33 =  ( 0.41431188302426980     ,  0.0000000000000000     )
 mdl_I71x36 =  ( 0.62317799431356391     ,  0.0000000000000000     )
 mdl_I71x63 =  (-0.15210325633942320     ,  0.0000000000000000     )
 mdl_I71x66 =  (-0.22878272648677841     ,  0.0000000000000000     )
 mdl_I72x33 =  ( 0.69796923687558576     ,  0.0000000000000000     )
 mdl_I72x36 =  (-0.46403587973523919     ,  0.0000000000000000     )
 mdl_I72x63 =  (-0.25624028202758531     , -0.0000000000000000     )
 mdl_I72x66 =  ( 0.17035805937027468     ,  0.0000000000000000     )
 mdl_I73x33 =  (  3.5576452004766349E-002,  0.0000000000000000     )
 mdl_I73x36 =  ( -2.3652547034580810E-002,  0.0000000000000000     )
 mdl_I73x63 =  (  9.6906188441653704E-002,  0.0000000000000000     )
 mdl_I73x66 =  ( -6.4426834349616560E-002,  0.0000000000000000     )
 mdl_I74x33 =  ( 0.30652278602500005     ,  0.0000000000000000     )
 mdl_I74x36 =  ( 0.46104942395600002     ,  0.0000000000000000     )
 mdl_I74x63 =  ( 0.46104942395600002     ,  0.0000000000000000     )
 mdl_I74x66 =  ( 0.69347722590783989     ,  0.0000000000000000     )
 mdl_I75x33 =  ( 0.69347722590783989     ,  0.0000000000000000     )
 mdl_I75x36 =  (-0.46104942395600002     ,  0.0000000000000000     )
 mdl_I75x63 =  (-0.46104942395600002     , -0.0000000000000000     )
 mdl_I75x66 =  ( 0.30652278602500005     ,  0.0000000000000000     )
 mdl_I76x33 =  ( 0.41164544240728285     ,  0.0000000000000000     )
 mdl_I76x36 =  ( 0.61916732702707233     ,  0.0000000000000000     )
 mdl_I76x63 =  (-0.27367718362709814     ,  0.0000000000000000     )
 mdl_I76x66 =  (-0.41164544240728285     ,  0.0000000000000000     )
 mdl_I77x33 =  ( -205.05288392799091     , -0.0000000000000000     )
 mdl_I77x36 =  ( -308.42572991557654     , -0.0000000000000000     )
 mdl_I77x63 =  (  136.32677539158382     ,  0.0000000000000000     )
 mdl_I77x66 =  (  205.05288392799091     ,  0.0000000000000000     )
 mdl_I78x33 =  ( -205.05288392799091     ,  0.0000000000000000     )
 mdl_I78x36 =  (  136.32677539158385     , -0.0000000000000000     )
 mdl_I78x63 =  ( -308.42572991557660     ,  0.0000000000000000     )
 mdl_I78x66 =  (  205.05288392799091     , -0.0000000000000000     )
 mdl_I79x33 =  ( 0.41164544240728290     ,  0.0000000000000000     )
 mdl_I79x36 =  (-0.27367718362709814     ,  0.0000000000000000     )
 mdl_I79x63 =  ( 0.61916732702707244     ,  0.0000000000000000     )
 mdl_I79x66 =  (-0.41164544240728285     ,  0.0000000000000000     )
 mdl_I8x33 =  ( 0.83814697095655000     ,  0.0000000000000000     )
 mdl_I8x36 =  (-0.30770269643955001     ,  0.0000000000000000     )
 mdl_I80x33 =  ( 0.24435116817694463     ,  0.0000000000000000     )
 mdl_I80x36 =  ( 0.36753536920340929     ,  0.0000000000000000     )
 mdl_I80x63 =  ( 0.36753536920340929     ,  0.0000000000000000     )
 mdl_I80x66 =  ( 0.55282014251582301     ,  0.0000000000000000     )
 mdl_I81x33 =  ( 0.55282014251582301     ,  0.0000000000000000     )
 mdl_I81x36 =  (-0.36753536920340929     ,  0.0000000000000000     )
 mdl_I81x63 =  (-0.36753536920340929     ,  0.0000000000000000     )
 mdl_I81x66 =  ( 0.24435116817694463     ,  0.0000000000000000     )
 mdl_I82x33 =  ( 0.93873790000000001     ,  0.0000000000000000     )
 mdl_I82x36 =  (-0.34463189999999999     , -0.0000000000000000     )
 mdl_I83x33 =  (  4.7848761922379995E-002,  0.0000000000000000     )
 mdl_I83x36 =  ( 0.13033455778358000     ,  0.0000000000000000     )
 mdl_I84x33 =  ( 0.83814697095655000     ,  0.0000000000000000     )
 mdl_I84x36 =  (-0.30770269643955001     , -0.0000000000000000     )
 mdl_I85x33 =  ( 0.28248719999999999     , -0.0000000000000000     )
 mdl_I85x36 =  ( 0.95927110000000004     , -0.0000000000000000     )
 mdl_I86x33 =  (  9.6781628695880001E-002, -0.0000000000000000     )
 mdl_I86x36 =  ( -2.8500359597760001E-002,  0.0000000000000000     )
 mdl_I88x33 =  ( 0.10089080000000000     ,  0.0000000000000000     )
 mdl_I89x33 =  ( 0.55364500000000005     ,  0.0000000000000000     )
 mdl_I89x36 =  ( 0.83275279999999996     ,  0.0000000000000000     )
 mdl_I9x33 =  (  4.7848761922379995E-002,  0.0000000000000000     )
 mdl_I9x36 =  ( 0.13033455778358000     ,  0.0000000000000000     )
 mdl_I90x33 =  ( 0.74351875733960004     ,  0.0000000000000000     )
 mdl_I90x36 =  (-0.49431889320250005     ,  0.0000000000000000     )
 mdl_I91x33 =  (  7.6868182529000004E-002,  0.0000000000000000     )
 mdl_I91x36 =  ( 0.11561956530256000     ,  0.0000000000000000     )
 mdl_I92x33 =  ( 0.51972754464550008     ,  0.0000000000000000     )
 mdl_I92x36 =  ( 0.78173661469111999     ,  0.0000000000000000     )
 mdl_I92x63 =  (-0.19080372827550002     , -0.0000000000000000     )
 mdl_I92x66 =  (-0.28699317969431998     , -0.0000000000000000     )
 mdl_I93x33 =  ( 0.28248719999999999     ,  0.0000000000000000     )
 mdl_I93x36 =  ( 0.95927110000000004     ,  0.0000000000000000     )
 mdl_I94x33 =  ( 0.51972754464550008     ,  0.0000000000000000     )
 mdl_I94x36 =  ( 0.78173661469111999     ,  0.0000000000000000     )
 mdl_I94x63 =  (-0.19080372827550002     ,  0.0000000000000000     )
 mdl_I94x66 =  (-0.28699317969431998     ,  0.0000000000000000     )
 mdl_I95x33 =  ( 0.28248719999999999     ,  0.0000000000000000     )
 mdl_I95x36 =  ( 0.95927110000000004     ,  0.0000000000000000     )
 mdl_I96x33 =  ( 0.88122884489641007     ,  0.0000000000000000     )
 mdl_I96x36 =  (-0.32351902607901001     ,  0.0000000000000000     )
 mdl_I96x63 =  (-0.32351902607901001     , -0.0000000000000000     )
 mdl_I96x66 =  ( 0.11877114649760999     ,  0.0000000000000000     )
 mdl_I97x33 =  (  7.9799018163839996E-002,  0.0000000000000000     )
 mdl_I97x36 =  ( 0.27098180707992003     ,  0.0000000000000000     )
 mdl_I97x63 =  ( 0.27098180707992003     ,  0.0000000000000000     )
 mdl_I97x66 =  ( 0.92020104329521013     ,  0.0000000000000000     )
 mdl_I98x33 =  ( 0.30652278602500005     ,  0.0000000000000000     )
 mdl_I98x36 =  ( 0.46104942395600002     ,  0.0000000000000000     )
 mdl_I98x63 =  ( 0.46104942395600002     ,  0.0000000000000000     )
 mdl_I98x66 =  ( 0.69347722590783989     ,  0.0000000000000000     )
 mdl_I99x33 =  ( 0.10089080000000000     ,  0.0000000000000000     )
 mdl_complexi =  (  0.0000000000000000     ,  1.0000000000000000     )
 mdl_sqrt__2 =    1.4142135623730951     
 mdl_sw__exp__2 =   0.23360984746131572     
 mdl_conjg__NN1x1 =  ( 0.98636440000000003     , -0.0000000000000000     )
 mdl_conjg__NN1x2 =  ( -5.3110360000000002E-002, -0.0000000000000000     )
 mdl_conjg__NN1x3 =  ( 0.14643400000000001     , -0.0000000000000000     )
 mdl_conjg__NN1x4 =  ( -5.3118609999999997E-002, -0.0000000000000000     )
 mdl_conjg__NN2x1 =  (  9.9350540000000001E-002, -0.0000000000000000     )
 mdl_conjg__NN2x2 =  ( 0.94494929999999999     , -0.0000000000000000     )
 mdl_conjg__NN2x3 =  (-0.26984669999999999     , -0.0000000000000000     )
 mdl_conjg__NN2x4 =  ( 0.15615070000000000     , -0.0000000000000000     )
 mdl_conjg__NN3x1 =  ( -6.0338799999999998E-002, -0.0000000000000000     )
 mdl_conjg__NN3x2 =  (  8.7700490000000006E-002, -0.0000000000000000     )
 mdl_conjg__NN3x3 =  ( 0.69587750000000004     , -0.0000000000000000     )
 mdl_conjg__NN3x4 =  ( 0.71022700000000005     , -0.0000000000000000     )
 mdl_conjg__NN4x1 =  (-0.11650710000000000     , -0.0000000000000000     )
 mdl_conjg__NN4x2 =  ( 0.31073899999999999     , -0.0000000000000000     )
 mdl_conjg__NN4x3 =  ( 0.64922599999999997     , -0.0000000000000000     )
 mdl_conjg__NN4x4 =  (-0.68437780000000004     , -0.0000000000000000     )
 mdl_conjg__UU1x1 =  ( 0.91683490000000001     , -0.0000000000000000     )
 mdl_conjg__UU1x2 =  (-0.39926660000000003     , -0.0000000000000000     )
 mdl_conjg__UU2x1 =  ( 0.39926660000000003     , -0.0000000000000000     )
 mdl_conjg__UU2x2 =  ( 0.91683490000000001     , -0.0000000000000000     )
 mdl_conjg__VV1x1 =  ( 0.97255780000000003     , -0.0000000000000000     )
 mdl_conjg__VV1x2 =  (-0.23266120000000001     , -0.0000000000000000     )
 mdl_conjg__VV2x1 =  ( 0.23266120000000001     , -0.0000000000000000     )
 mdl_conjg__VV2x2 =  ( 0.97255780000000003     , -0.0000000000000000     )
 mdl_cos__alp =   0.99352890317340192     
 mdl_sin__alp =  -0.11357956928539981     
 mdl_conjg__MUH =  (  357.68099999999998     , -0.0000000000000000     )
 mdl_ee =   0.31340934559420641     
 mdl_gp =   0.35800326275255401     
 mdl_gw =   0.64843488257574999     
 mdl_vev =    246.22059098023431     
 mdl_vd =    25.125116508081707     
 mdl_vu =    244.93531379348130     
 mdl_ee__exp__2 =    9.8225417905788703E-002
  Internal Params evaluated point by point
  ----------------------------------------
  
 mdl_sqrt__aS =   0.34351128074635334     
 mdl_G__exp__2 =  (  1.4828317324943823     ,  0.0000000000000000     )
  Couplings of mssm
  ---------------------------------
  
         GC_6 =  -0.12177E+01   0.00000E+00
         GC_7 =   0.00000E+00   0.12177E+01
         GC_8 =   0.12177E+01   0.00000E+00
        GC_18 =   0.00000E+00   0.14828E+01
        GC_21 =   0.00000E+00   0.00000E+00
        GC_33 =   0.00000E+00   0.14828E+01
        GC_71 =  -0.00000E+00  -0.12177E+01
        GC_73 =   0.00000E+00   0.00000E+00
        GC_79 =   0.00000E+00   0.00000E+00
        GC_81 =  -0.00000E+00  -0.12177E+01
        GC_96 =   0.00000E+00   0.14828E+01
       GC_108 =  -0.00000E+00  -0.16166E+01
       GC_513 =   0.00000E+00   0.59349E+00
       GC_518 =   0.00000E+00   0.17221E+01
       GC_528 =  -0.00000E+00   0.59349E+00
       GC_533 =   0.00000E+00   0.16166E+01
       GC_587 =  -0.00000E+00  -0.17221E+01

 Collider parameters:
 --------------------

 Running at P P   machine @    13000.000000000000       GeV
 PDF set = nn23lo1
 alpha_s(Mz)= 0.1300 running at 2 loops.
 alpha_s(Mz)= 0.1300 running at 2 loops.
 Renormalization scale set on event-by-event basis
 Factorization   scale set on event-by-event basis


 getting user params
Enter number of events and max and min iterations: 
 Number of events and iterations         2000           8           3
Enter desired fractional accuracy: 
 Desired fractional accuracy:    1.0000000000000000E-002
Enter 0 for fixed, 2 for adjustable grid: 
Suppress amplitude (0 no, 1 yes)? 
 Using suppressed amplitude.
Exact helicity sum (0 yes, n = number/event)? 
 Explicitly summing over helicities
Enter Configuration Number: 
Running Configuration Number:    4
 Not subdividing B.W.
 Attempting mappinvarients           1           6
 Completed mapping           6
 about to integrate           10        2000           8           3          10           1
 Using non-zero grid deformation.
 10 dimensions   2000 events 10 invarients  8 iterations  1 config(s),  (0.99)
 Using h-tuple random number sequence.
 fail to read data
 Error opening grid
 Using Uniform Grid!          24
 Using uniform alpha   1.0000000000000000     
 Grid defined OK
 Set CM energy to      13000.00
 Mapping Graph           4  to config           4
Setting grid   1    0.22746E-04   1
Setting grid   2    0.22746E-04   1
Setting grid   3    0.83210E-03   1
 Transforming s_hat 1/s            9   4.5199763313609476E-003   15376.000000000000        168999999.99999997     
 Masses: 0.000E+00 0.489E+01 0.375E+03 0.375E+03 0.000E+00 0.489E+01
   4   1   2   3   4   5   6   7   8   9  10
Using random seed offsets     4 :     11
  with seed                   24
 Ranmar initialization seeds       31062        9408
 
 ********************************************
 * You are using the DiscreteSampler module *
 *      part of the MG5_aMC framework       *
 *         Author: Valentin Hirschi         *
 ********************************************
 
  Particle       3       4       5       6
      Et >     0.0     0.0    62.0    62.0
       E >     0.0     0.0     0.0     0.0
     Eta <    -1.0    -1.0     5.0     5.0
   xqcut:      0.0     0.0    62.0    61.8
d R # 3  >    -0.0     0.0     0.0     0.0
d R # 4  >    -0.0    -0.0     0.0     0.0
d R # 5  >    -0.0    -0.0    -0.0     0.0
s min # 3>     0.0     0.0     0.0     0.0
s min # 4>     0.0     0.0     0.0     0.0
s min # 5>     0.0     0.0     0.0  3844.0
xqcutij # 3>     0.0     0.0     0.0     0.0
xqcutij # 4>     0.0     0.0     0.0     0.0
xqcutij # 5>     0.0     0.0     0.0     0.0
 alpha_s for scale    382.51922710456296       is   0.10500065312587592     
 Added good helicity            3   3.8461931897009442E-004  in event            1 local:           1
 Added good helicity            4   7.5665079178800232       in event            1 local:           1
 Added good helicity            7  0.43177528515207392       in event            1 local:           1
 Added good helicity            8   1.3749196092711342E-003  in event            1 local:           1
 Added good helicity            9   1.3748606227302017E-003  in event            1 local:           1
 Added good helicity           10  0.43176809402716687       in event            1 local:           1
 Added good helicity           13   7.5664296889661200       in event            1 local:           1
 Added good helicity           14   3.8461442364495047E-004  in event            1 local:           1
 Added good helicity            3   3.8461931897009513E-004  in event            1 local:           1
 Added good helicity            4   7.5665079178800223       in event            1 local:           1
 Added good helicity            7  0.43177528515207464       in event            1 local:           1
 Added good helicity            8   1.3749196092711347E-003  in event            1 local:           1
 Added good helicity            9   1.3748606227302028E-003  in event            1 local:           1
 Added good helicity           10  0.43176809402716726       in event            1 local:           1
 Added good helicity           13   7.5664296889661209       in event            1 local:           1
 Added good helicity           14   3.8461442364495112E-004  in event            1 local:           1
 RESET CUMULATIVE VARIABLE
 RESET CUMULATIVE VARIABLE
 RESET CUMULATIVE VARIABLE
 Iteration  1   Mean: 0.9681E-09 Abs mean: 0.9681E-09   Fluctuation:  0.104E-09   0.127E-06     6.4%
  1    0.9681E-09 0.9681E-09 +- 0.1041E-09      4.81
 Writing out events   9.4481835625952133E-013   4.8091830667995534     
 Relative summed weights:
  0.9678E-01  0.1187E+00  0.0000E+00  0.0000E+00  0.3702E-02  0.6166E-02  0.0000E+00  0.0000E+00  0.1108E+00  0.5213E-01  0.0000E+00  0.0000E+00  0.8611E-03  0.2759E-02  0.0000E+00  0.0000E+00  0.1146E-02  0.3015E-02  0.0000E+00  0.0000E+00  0.1060E-02  0.9529E-04  0.0000E+00  0.0000E+00  0.2898E-02  0.2007E-01  0.0000E+00  0.0000E+00  0.1215E-02  0.6167E-02  0.0000E+00  0.0000E+00
  0.0000E+00  0.0000E+00  0.1767E+00  0.1916E+00  0.0000E+00  0.0000E+00  0.3117E-03  0.3918E-02  0.0000E+00  0.0000E+00  0.9484E-01  0.3501E-01  0.0000E+00  0.0000E+00  0.5380E-02  0.1411E-02  0.0000E+00  0.0000E+00  0.1128E-02  0.1084E-01  0.0000E+00  0.0000E+00  0.3617E-02  0.1471E-01  0.0000E+00  0.0000E+00  0.5720E-02  0.7669E-02  0.0000E+00  0.0000E+00  0.1957E-01  0.3763E-04
 Relative number of events:
  0.1326E+00  0.1406E+00  0.0000E+00  0.0000E+00  0.5003E-02  0.5003E-02  0.0000E+00  0.0000E+00  0.6303E-01  0.7104E-01  0.0000E+00  0.0000E+00  0.5003E-02  0.8504E-02  0.0000E+00  0.0000E+00  0.1251E-01  0.1051E-01  0.0000E+00  0.0000E+00  0.5003E-02  0.4502E-02  0.0000E+00  0.0000E+00  0.9505E-02  0.1301E-01  0.0000E+00  0.0000E+00  0.1151E-01  0.5503E-02  0.0000E+00  0.0000E+00
  0.0000E+00  0.0000E+00  0.1316E+00  0.1501E+00  0.0000E+00  0.0000E+00  0.5003E-02  0.5503E-02  0.0000E+00  0.0000E+00  0.6653E-01  0.5203E-01  0.0000E+00  0.0000E+00  0.8004E-02  0.7504E-02  0.0000E+00  0.0000E+00  0.1301E-01  0.9005E-02  0.0000E+00  0.0000E+00  0.6003E-02  0.4502E-02  0.0000E+00  0.0000E+00  0.1101E-01  0.1451E-01  0.0000E+00  0.0000E+00  0.9005E-02  0.4002E-02
 Events:
         265         281           0           0          10          10           0           0         126         142           0           0          10          17           0           0          25          21           0           0          10           9           0           0          19          26           0           0          23          11           0           0
           0           0         263         300           0           0          10          11           0           0         133         104           0           0          16          15           0           0          26          18           0           0          12           9           0           0          22          29           0           0          18           8
 Iteration  2   Mean: 0.1188E-08 Abs mean: 0.1188E-08   Fluctuation:  0.675E-10   0.121E-06    21.5%
  2    0.1188E-08 0.1188E-08 +- 0.6753E-10      3.59
 Relative summed weights:
  0.1675E+00  0.1791E+00  0.0000E+00  0.0000E+00  0.2446E-02  0.1279E-02  0.0000E+00  0.0000E+00  0.5018E-01  0.6186E-01  0.0000E+00  0.0000E+00  0.2650E-02  0.2602E-02  0.0000E+00  0.0000E+00  0.5958E-02  0.7011E-02  0.0000E+00  0.0000E+00  0.1657E-02  0.1450E-02  0.0000E+00  0.0000E+00  0.6675E-02  0.9122E-02  0.0000E+00  0.0000E+00  0.6048E-02  0.8099E-02  0.0000E+00  0.0000E+00
  0.0000E+00  0.0000E+00  0.1476E+00  0.1898E+00  0.0000E+00  0.0000E+00  0.6853E-02  0.1647E-02  0.0000E+00  0.0000E+00  0.4227E-01  0.5367E-01  0.0000E+00  0.0000E+00  0.1987E-02  0.3957E-02  0.0000E+00  0.0000E+00  0.9104E-02  0.1314E-02  0.0000E+00  0.0000E+00  0.9071E-03  0.3185E-02  0.0000E+00  0.0000E+00  0.6706E-02  0.8393E-02  0.0000E+00  0.0000E+00  0.6470E-02  0.2486E-02
 Relative number of events:
  0.1411E+00  0.1614E+00  0.0000E+00  0.0000E+00  0.3753E-02  0.2752E-02  0.0000E+00  0.0000E+00  0.6105E-01  0.5954E-01  0.0000E+00  0.0000E+00  0.5754E-02  0.6005E-02  0.0000E+00  0.0000E+00  0.9257E-02  0.8757E-02  0.0000E+00  0.0000E+00  0.2752E-02  0.4503E-02  0.0000E+00  0.0000E+00  0.1076E-01  0.1101E-01  0.0000E+00  0.0000E+00  0.7005E-02  0.6505E-02  0.0000E+00  0.0000E+00
  0.0000E+00  0.0000E+00  0.1499E+00  0.1491E+00  0.0000E+00  0.0000E+00  0.3753E-02  0.3503E-02  0.0000E+00  0.0000E+00  0.6230E-01  0.5704E-01  0.0000E+00  0.0000E+00  0.4754E-02  0.6005E-02  0.0000E+00  0.0000E+00  0.8506E-02  0.8256E-02  0.0000E+00  0.0000E+00  0.4003E-02  0.4754E-02  0.0000E+00  0.0000E+00  0.1301E-01  0.1051E-01  0.0000E+00  0.0000E+00  0.7255E-02  0.5504E-02
 Events:
         564         645           0           0          15          11           0           0         244         238           0           0          23          24           0           0          37          35           0           0          11          18           0           0          43          44           0           0          28          26           0           0
           0           0         599         596           0           0          15          14           0           0         249         228           0           0          19          24           0           0          34          33           0           0          16          19           0           0          52          42           0           0          29          22
 Iteration  3   Mean: 0.1175E-08 Abs mean: 0.1175E-08   Fluctuation:  0.475E-10   0.181E-06    28.8%
  3    0.1175E-08 0.1175E-08 +- 0.4751E-10      3.62
 Relative summed weights:
  0.1612E+00  0.1521E+00  0.0000E+00  0.0000E+00  0.2694E-02  0.3098E-02  0.0000E+00  0.0000E+00  0.5057E-01  0.6397E-01  0.0000E+00  0.0000E+00  0.4960E-02  0.4961E-02  0.0000E+00  0.0000E+00  0.5077E-02  0.4886E-02  0.0000E+00  0.0000E+00  0.1807E-02  0.3494E-02  0.0000E+00  0.0000E+00  0.1113E-01  0.5159E-02  0.0000E+00  0.0000E+00  0.3978E-02  0.1370E-02  0.0000E+00  0.0000E+00
  0.0000E+00  0.0000E+00  0.1676E+00  0.1686E+00  0.0000E+00  0.0000E+00  0.3692E-02  0.2658E-02  0.0000E+00  0.0000E+00  0.6477E-01  0.6825E-01  0.0000E+00  0.0000E+00  0.4975E-02  0.4836E-02  0.0000E+00  0.0000E+00  0.8021E-02  0.3852E-02  0.0000E+00  0.0000E+00  0.1770E-02  0.2773E-02  0.0000E+00  0.0000E+00  0.5524E-02  0.5462E-02  0.0000E+00  0.0000E+00  0.3456E-02  0.3229E-02
 Relative number of events:
  0.1510E+00  0.1545E+00  0.0000E+00  0.0000E+00  0.3875E-02  0.4375E-02  0.0000E+00  0.0000E+00  0.6000E-01  0.6450E-01  0.0000E+00  0.0000E+00  0.6500E-02  0.3750E-02  0.0000E+00  0.0000E+00  0.6625E-02  0.6500E-02  0.0000E+00  0.0000E+00  0.2750E-02  0.3500E-02  0.0000E+00  0.0000E+00  0.1025E-01  0.8375E-02  0.0000E+00  0.0000E+00  0.6000E-02  0.4000E-02  0.0000E+00  0.0000E+00
  0.0000E+00  0.0000E+00  0.1555E+00  0.1510E+00  0.0000E+00  0.0000E+00  0.3875E-02  0.4125E-02  0.0000E+00  0.0000E+00  0.6112E-01  0.6538E-01  0.0000E+00  0.0000E+00  0.5375E-02  0.5625E-02  0.0000E+00  0.0000E+00  0.7125E-02  0.7250E-02  0.0000E+00  0.0000E+00  0.3750E-02  0.3750E-02  0.0000E+00  0.0000E+00  0.1013E-01  0.9875E-02  0.0000E+00  0.0000E+00  0.4875E-02  0.4750E-02
 Events:
        1208        1236           0           0          31          35           0           0         480         516           0           0          52          30           0           0          53          52           0           0          22          28           0           0          82          67           0           0          48          32           0           0
           0           0        1244        1208           0           0          31          33           0           0         489         523           0           0          43          45           0           0          57          58           0           0          30          30           0           0          81          79           0           0          39          38
 Accuracy:    0.036   0.010   0.031   1.322
 Found         1870  events.
 Wrote           82  events.
 Actual xsec    1.1613184821223485E-009
 Correct abs xsec    1.1613184825634103E-009
 Event xsec    1.1613184825634101E-009
 Events wgts > 1:            2
 % Cross section > 1:    1.0658672538971538E-011  0.91780787949265719     
 Iteration  4   Mean: 0.1170E-08 Abs mean: 0.1170E-08   Fluctuation:  0.283E-10   0.192E-06    31.2%
  4    0.1170E-08 0.1170E-08 +- 0.2830E-10      3.06
 Relative summed weights:
  0.1631E+00  0.1540E+00  0.0000E+00  0.0000E+00  0.2493E-02  0.4064E-02  0.0000E+00  0.0000E+00  0.5193E-01  0.6663E-01  0.0000E+00  0.0000E+00  0.3185E-02  0.3243E-02  0.0000E+00  0.0000E+00  0.3807E-02  0.5078E-02  0.0000E+00  0.0000E+00  0.1766E-02  0.1883E-02  0.0000E+00  0.0000E+00  0.6533E-02  0.7950E-02  0.0000E+00  0.0000E+00  0.4110E-02  0.5141E-02  0.0000E+00  0.0000E+00
  0.0000E+00  0.0000E+00  0.1685E+00  0.1619E+00  0.0000E+00  0.0000E+00  0.1304E-02  0.6677E-02  0.0000E+00  0.0000E+00  0.6287E-01  0.6395E-01  0.0000E+00  0.0000E+00  0.4352E-02  0.2717E-02  0.0000E+00  0.0000E+00  0.4069E-02  0.7355E-02  0.0000E+00  0.0000E+00  0.1856E-02  0.2503E-02  0.0000E+00  0.0000E+00  0.6669E-02  0.9548E-02  0.0000E+00  0.0000E+00  0.4573E-02  0.6150E-02
 Relative number of events:
  0.1495E+00  0.1562E+00  0.0000E+00  0.0000E+00  0.4251E-02  0.3251E-02  0.0000E+00  0.0000E+00  0.6183E-01  0.6377E-01  0.0000E+00  0.0000E+00  0.4689E-02  0.4564E-02  0.0000E+00  0.0000E+00  0.6314E-02  0.7377E-02  0.0000E+00  0.0000E+00  0.2501E-02  0.3376E-02  0.0000E+00  0.0000E+00  0.7627E-02  0.9252E-02  0.0000E+00  0.0000E+00  0.4689E-02  0.4564E-02  0.0000E+00  0.0000E+00
  0.0000E+00  0.0000E+00  0.1544E+00  0.1563E+00  0.0000E+00  0.0000E+00  0.2688E-02  0.2563E-02  0.0000E+00  0.0000E+00  0.6639E-01  0.6402E-01  0.0000E+00  0.0000E+00  0.5689E-02  0.3876E-02  0.0000E+00  0.0000E+00  0.6314E-02  0.7939E-02  0.0000E+00  0.0000E+00  0.3126E-02  0.3063E-02  0.0000E+00  0.0000E+00  0.8565E-02  0.1107E-01  0.0000E+00  0.0000E+00  0.4439E-02  0.5876E-02
 Events:
        2391        2498           0           0          68          52           0           0         989        1020           0           0          75          73           0           0         101         118           0           0          40          54           0           0         122         148           0           0          75          73           0           0
           0           0        2470        2500           0           0          43          41           0           0        1062        1024           0           0          91          62           0           0         101         127           0           0          50          49           0           0         137         177           0           0          71          94
 Accuracy:    0.018   0.010   0.019   0.885
 Found         3857  events.
 Wrote          168  events.
 Actual xsec    1.1735532094456179E-009
 Correct abs xsec    1.1735532094557493E-009
 Event xsec    1.1735532094557505E-009
 Events wgts > 1:            2
 % Cross section > 1:    6.9231339628245299E-012  0.58992927692091757     
 Iteration  5   Mean: 0.1158E-08 Abs mean: 0.1158E-08   Fluctuation:  0.182E-10   0.298E-06    31.8%
  5    0.1158E-08 0.1158E-08 +- 0.1819E-10      2.81
 Relative summed weights:
  0.1517E+00  0.1527E+00  0.0000E+00  0.0000E+00  0.2094E-02  0.2904E-02  0.0000E+00  0.0000E+00  0.6064E-01  0.6650E-01  0.0000E+00  0.0000E+00  0.4359E-02  0.3862E-02  0.0000E+00  0.0000E+00  0.8671E-02  0.5043E-02  0.0000E+00  0.0000E+00  0.2397E-02  0.2566E-02  0.0000E+00  0.0000E+00  0.6556E-02  0.6269E-02  0.0000E+00  0.0000E+00  0.3731E-02  0.5143E-02  0.0000E+00  0.0000E+00
  0.0000E+00  0.0000E+00  0.1590E+00  0.1640E+00  0.0000E+00  0.0000E+00  0.3201E-02  0.3736E-02  0.0000E+00  0.0000E+00  0.7252E-01  0.5921E-01  0.0000E+00  0.0000E+00  0.4606E-02  0.4863E-02  0.0000E+00  0.0000E+00  0.5606E-02  0.5990E-02  0.0000E+00  0.0000E+00  0.2369E-02  0.3440E-02  0.0000E+00  0.0000E+00  0.8101E-02  0.8769E-02  0.0000E+00  0.0000E+00  0.4852E-02  0.4561E-02
 Relative number of events:
  0.1525E+00  0.1539E+00  0.0000E+00  0.0000E+00  0.2813E-02  0.2688E-02  0.0000E+00  0.0000E+00  0.6332E-01  0.6598E-01  0.0000E+00  0.0000E+00  0.5407E-02  0.4157E-02  0.0000E+00  0.0000E+00  0.6908E-02  0.6595E-02  0.0000E+00  0.0000E+00  0.3094E-02  0.3157E-02  0.0000E+00  0.0000E+00  0.8595E-02  0.7658E-02  0.0000E+00  0.0000E+00  0.4970E-02  0.5063E-02  0.0000E+00  0.0000E+00
  0.0000E+00  0.0000E+00  0.1568E+00  0.1587E+00  0.0000E+00  0.0000E+00  0.3376E-02  0.3001E-02  0.0000E+00  0.0000E+00  0.6439E-01  0.6114E-01  0.0000E+00  0.0000E+00  0.4907E-02  0.4782E-02  0.0000E+00  0.0000E+00  0.5907E-02  0.6720E-02  0.0000E+00  0.0000E+00  0.3001E-02  0.3751E-02  0.0000E+00  0.0000E+00  0.8314E-02  0.9033E-02  0.0000E+00  0.0000E+00  0.4876E-02  0.4376E-02
 Events:
        4879        4925           0           0          90          86           0           0        2026        2111           0           0         173         133           0           0         221         211           0           0          99         101           0           0         275         245           0           0         159         162           0           0
           0           0        5018        5079           0           0         108          96           0           0        2060        1956           0           0         157         153           0           0         189         215           0           0          96         120           0           0         266         289           0           0         156         140
 Accuracy:    0.010   0.010   0.012   0.696
 Found         7945  events.
 Wrote          651  events.
 Actual xsec    1.1628634858756449E-009
 Correct abs xsec    1.1628634858796941E-009
 Event xsec    1.1628634858796972E-009
 Events wgts > 1:            6
 % Cross section > 1:    1.1600173456588843E-011  0.99755247262006874     
 Iteration  6   Mean: 0.1141E-08 Abs mean: 0.1141E-08   Fluctuation:  0.984E-11   0.107E-06    31.3%
  6    0.1141E-08 0.1141E-08 +- 0.9844E-11      2.18
 Relative summed weights:
  0.1552E+00  0.1543E+00  0.0000E+00  0.0000E+00  0.2418E-02  0.2236E-02  0.0000E+00  0.0000E+00  0.6418E-01  0.6170E-01  0.0000E+00  0.0000E+00  0.4669E-02  0.4485E-02  0.0000E+00  0.0000E+00  0.5987E-02  0.6534E-02  0.0000E+00  0.0000E+00  0.2636E-02  0.3184E-02  0.0000E+00  0.0000E+00  0.6896E-02  0.8559E-02  0.0000E+00  0.0000E+00  0.4483E-02  0.5329E-02  0.0000E+00  0.0000E+00
  0.0000E+00  0.0000E+00  0.1601E+00  0.1674E+00  0.0000E+00  0.0000E+00  0.3102E-02  0.3050E-02  0.0000E+00  0.0000E+00  0.6191E-01  0.6281E-01  0.0000E+00  0.0000E+00  0.3944E-02  0.4734E-02  0.0000E+00  0.0000E+00  0.5650E-02  0.5822E-02  0.0000E+00  0.0000E+00  0.2923E-02  0.2722E-02  0.0000E+00  0.0000E+00  0.6857E-02  0.7515E-02  0.0000E+00  0.0000E+00  0.3797E-02  0.4925E-02
 Relative number of events:
  0.1510E+00  0.1532E+00  0.0000E+00  0.0000E+00  0.2797E-02  0.2954E-02  0.0000E+00  0.0000E+00  0.6554E-01  0.6275E-01  0.0000E+00  0.0000E+00  0.4985E-02  0.4735E-02  0.0000E+00  0.0000E+00  0.6595E-02  0.6783E-02  0.0000E+00  0.0000E+00  0.3251E-02  0.2969E-02  0.0000E+00  0.0000E+00  0.8002E-02  0.8423E-02  0.0000E+00  0.0000E+00  0.4985E-02  0.4563E-02  0.0000E+00  0.0000E+00
  0.0000E+00  0.0000E+00  0.1589E+00  0.1604E+00  0.0000E+00  0.0000E+00  0.3219E-02  0.3047E-02  0.0000E+00  0.0000E+00  0.6426E-01  0.6387E-01  0.0000E+00  0.0000E+00  0.4907E-02  0.4563E-02  0.0000E+00  0.0000E+00  0.5939E-02  0.6345E-02  0.0000E+00  0.0000E+00  0.2532E-02  0.3126E-02  0.0000E+00  0.0000E+00  0.8220E-02  0.7986E-02  0.0000E+00  0.0000E+00  0.4845E-02  0.4235E-02
 Events:
        9661        9806           0           0         179         189           0           0        4194        4015           0           0         319         303           0           0         422         434           0           0         208         190           0           0         512         539           0           0         319         292           0           0
           0           0       10169       10265           0           0         206         195           0           0        4112        4087           0           0         314         292           0           0         380         406           0           0         162         200           0           0         526         511           0           0         310         271
 Accuracy:    0.007   0.010   0.007   0.856
 Finished due to accuracy    6.5094374551357996E-003   1.0000000000000000E-002

 -------------------------------------------------------------------------------
 Accumulated results:   Integral =  0.1148E-08
                        Std dev  =  0.8076E-11
                       Cross sec =  0.1148E-08
             Chi**2 per DoF.     =      0.8562
 -------------------------------------------------------------------------------
 Found        16571  events.
 Wrote         2365  events.
 Actual xsec    1.1472139668980830E-009
 Correct abs xsec    1.1472139669000024E-009
 Event xsec    1.1472139668999658E-009
 Events wgts > 1:           47
 % Cross section > 1:    1.1203709103645895E-011  0.97660152568756431     
-------------------------------------------------
---------------------------
 Results Last   3 iters: Integral =   0.1147E-08
                     Abs integral =   0.1147E-08
                          Std dev =   0.8280E-11
                  Chi**2 per DoF. =      0.7013
-------------------------------------------------
---------------------------
 Status   1.0000000000000000E-002           7           8

ls status:
events.lhe
ftn25
ftn26
input_app.txt
results.dat
run1_app.log
