 Process in group number            0
 A PDF is used, so alpha_s(MZ) is going to be modified
 Old value of alpha_s from param_card:   0.11799999999999999     
  ****************************************
 
       NNPDFDriver version 1.0.3
   Grid: NNPDF23_lo_as_0130_qed_mem0.grid
  ****************************************
 New value of alpha_s from PDF nn23lo1:  0.13000000000000000     
 Warning! ptj set to xqcut=   62.000000000000000       to improve integration efficiency
 Note that this might affect non-radiated jets,
 e.g. from decays. Use cut_decays=F in run_card.
 Warning! mmjj set to xqcut=   62.000000000000000       to improve integration efficiency
 Note that this might affect non-radiated jets,
 e.g. from decays. Use cut_decays=F in run_card.
 Define smin to   15376.000000000000     
 Define smin to   15376.000000000000     
 Define smin to   15376.000000000000     
 Define smin to   15376.000000000000     
 Define smin to   15376.000000000000     
 Define smin to   15376.000000000000     
 Define smin to   15376.000000000000     
 Define smin to   15376.000000000000     
 Define smin to   15376.000000000000     
 Define smin to   15376.000000000000     
 Define smin to   15376.000000000000     
 Define smin to   15376.000000000000     
 Define smin to   15376.000000000000     
 Define smin to   15376.000000000000     
 Define smin to   15376.000000000000     
 Define smin to   15376.000000000000     
 *****************************************************
 *               MadGraph/MadEvent                   *
 *        --------------------------------           *
 *          http://madgraph.hep.uiuc.edu             *
 *          http://madgraph.phys.ucl.ac.be           *
 *          http://madgraph.roma2.infn.it            *
 *        --------------------------------           *
 *                                                   *
 *          PARAMETER AND COUPLING VALUES            *
 *                                                   *
 *****************************************************

  External Params
  ---------------------------------
  
 mdl_RRd1x1 =    1.0000000000000000     
 mdl_RRd2x2 =    1.0000000000000000     
 mdl_RRd3x3 =   0.93873790000000001     
 mdl_RRd3x6 =   0.34463189999999999     
 mdl_RRd4x4 =    1.0000000000000000     
 mdl_RRd5x5 =    1.0000000000000000     
 mdl_RRd6x3 =  -0.34463189999999999     
 mdl_RRd6x6 =   0.93873790000000001     
 mdl_alp =  -0.11382520000000000     
 mdl_RMUH =    357.68099999999998     
 mdl_tb =    9.7486239999999995     
 mdl_MA2 =    166439.10000000001     
 mdl_RmD21x1 =    273684.70000000001     
 mdl_RmD23x3 =    270262.00000000000     
 mdl_RmE21x1 =    18630.639999999999     
 mdl_RmE23x3 =    17967.630000000001     
 mdl_RmL21x1 =    38155.680000000000     
 mdl_RmL23x3 =    37828.690000000002     
 mdl_RMx1 =    101.39650000000000     
 mdl_RMx2 =    191.50420000000000     
 mdl_RMx3 =    588.26300000000003     
 mdl_mHd2 =    32337.490000000002     
 mdl_mHu2 =   -128800.10000000001     
 mdl_RmQ21x1 =    299836.70000000001     
 mdl_RmQ23x3 =    248765.39999999999     
 mdl_RmU21x1 =    280382.09999999998     
 mdl_RmU23x3 =    179137.10000000001     
 mdl_RNN1x1 =   0.98636440000000003     
 mdl_RNN1x2 =   -5.3110360000000002E-002
 mdl_RNN1x3 =   0.14643400000000001     
 mdl_RNN1x4 =   -5.3118609999999997E-002
 mdl_RNN2x1 =    9.9350540000000001E-002
 mdl_RNN2x2 =   0.94494929999999999     
 mdl_RNN2x3 =  -0.26984669999999999     
 mdl_RNN2x4 =   0.15615070000000000     
 mdl_RNN3x1 =   -6.0338799999999998E-002
 mdl_RNN3x2 =    8.7700490000000006E-002
 mdl_RNN3x3 =   0.69587750000000004     
 mdl_RNN3x4 =   0.71022700000000005     
 mdl_RNN4x1 =  -0.11650710000000000     
 mdl_RNN4x2 =   0.31073899999999999     
 mdl_RNN4x3 =   0.64922599999999997     
 mdl_RNN4x4 =  -0.68437780000000004     
 mdl_RRl1x1 =    1.0000000000000000     
 mdl_RRl2x2 =    1.0000000000000000     
 mdl_RRl3x3 =   0.28248719999999999     
 mdl_RRl3x6 =   0.95927110000000004     
 mdl_RRl4x4 =    1.0000000000000000     
 mdl_RRl5x5 =    1.0000000000000000     
 mdl_RRl6x3 =   0.95927110000000004     
 mdl_RRl6x6 =  -0.28248719999999999     
 aEWM1 =    127.93400000000000     
 aS =   0.11799999999999999     
 mdl_RRn1x1 =    1.0000000000000000     
 mdl_RRn2x2 =    1.0000000000000000     
 mdl_RRn3x3 =    1.0000000000000000     
 mdl_Rtd3x3 =   -110.69370000000001     
 mdl_Rte3x3 =   -25.401969999999999     
 mdl_Rtu3x3 =   -444.75250000000000     
 mdl_RUU1x1 =   0.91683490000000001     
 mdl_RUU1x2 =  -0.39926660000000003     
 mdl_RUU2x1 =   0.39926660000000003     
 mdl_RUU2x2 =   0.91683490000000001     
 mdl_RMNS1x1 =    1.0000000000000000     
 mdl_RMNS2x2 =    1.0000000000000000     
 mdl_RMNS3x3 =    1.0000000000000000     
 mdl_RRu1x1 =    1.0000000000000000     
 mdl_RRu2x2 =    1.0000000000000000     
 mdl_RRu3x3 =   0.55364500000000005     
 mdl_RRu3x6 =   0.83275279999999996     
 mdl_RRu4x4 =    1.0000000000000000     
 mdl_RRu5x5 =    1.0000000000000000     
 mdl_RRu6x3 =   0.83275279999999996     
 mdl_RRu6x6 =  -0.55364500000000005     
 mdl_RCKM1x1 =    1.0000000000000000     
 mdl_RCKM2x2 =    1.0000000000000000     
 mdl_RCKM3x3 =    1.0000000000000000     
 mdl_RVV1x1 =   0.97255780000000003     
 mdl_RVV1x2 =  -0.23266120000000001     
 mdl_RVV2x1 =   0.23266120000000001     
 mdl_RVV2x2 =   0.97255780000000003     
 mdl_Ryd3x3 =   0.13884020000000000     
 mdl_Rye3x3 =   0.10089080000000000     
 mdl_Ryu3x3 =   0.89284450000000004     
 mdl_MZ =    91.187600000000003     
 mdl_MW =    79.829009999999997     
 mdl_Mneu1 =    100000.00000000000     
 mdl_Mneu2 =    100000.00000000000     
 mdl_Mneu3 =    100000.00000000000     
 mdl_Mneu4 =    100000.00000000000     
 mdl_Mch1 =    100000.00000000000     
 mdl_Mch2 =    100000.00000000000     
 mdl_Mgo =    100000.00000000000     
 mdl_MH01 =    110.89910000000000     
 mdl_MH02 =    399.96010000000001     
 mdl_MA0 =    399.58390000000003     
 mdl_MH =    407.87900000000002     
 mdl_Mta =    1.7769999999999999     
 mdl_MT =    175.00000000000000     
 mdl_MB =    4.8899169999999996     
 mdl_Msn1 =    100000.00000000000     
 mdl_Msn3 =    100000.00000000000     
 mdl_Msl1 =    100000.00000000000     
 mdl_Msl3 =    100000.00000000000     
 mdl_Msl4 =    100000.00000000000     
 mdl_Msl6 =    100000.00000000000     
 mdl_Msu1 =    100000.00000000000     
 mdl_Msu3 =    100000.00000000000     
 mdl_Msu4 =    100000.00000000000     
 mdl_Msu6 =    100000.00000000000     
 mdl_Msd1 =    100000.00000000000     
 mdl_Msd3 =    375.00000000000000     
 mdl_Msd4 =    100000.00000000000     
 mdl_Msd6 =    100000.00000000000     
 mdl_WZ =    2.4114330000000002     
 mdl_WW =    2.0028220000000001     
 mdl_Wneu2 =    0.0000000000000000     
 mdl_Wneu3 =    0.0000000000000000     
 mdl_Wneu4 =    0.0000000000000000     
 mdl_Wch1 =    0.0000000000000000     
 mdl_Wch2 =    0.0000000000000000     
 mdl_Wgo =    0.0000000000000000     
 mdl_WH01 =    1.9861079999999999E-003
 mdl_WH02 =   0.57480140000000002     
 mdl_WA0 =   0.63217849999999998     
 mdl_WH =   0.54696279999999997     
 mdl_WT =    1.5619499999999999     
 mdl_Wsn1 =    0.0000000000000000     
 mdl_Wsn2 =    0.0000000000000000     
 mdl_Wsn3 =    0.0000000000000000     
 mdl_Wsl1 =    0.0000000000000000     
 mdl_Wsl2 =    0.0000000000000000     
 mdl_Wsl3 =    0.0000000000000000     
 mdl_Wsl4 =    0.0000000000000000     
 mdl_Wsl5 =    0.0000000000000000     
 mdl_Wsl6 =    0.0000000000000000     
 mdl_Wsu1 =    0.0000000000000000     
 mdl_Wsu2 =    0.0000000000000000     
 mdl_Wsu3 =    0.0000000000000000     
 mdl_Wsu4 =    0.0000000000000000     
 mdl_Wsu5 =    0.0000000000000000     
 mdl_Wsu6 =    0.0000000000000000     
 mdl_Wsd1 =    0.0000000000000000     
 mdl_Wsd2 =    0.0000000000000000     
 mdl_Wsd3 =    0.0000000000000000     
 mdl_Wsd4 =    0.0000000000000000     
 mdl_Wsd5 =    0.0000000000000000     
 mdl_Wsd6 =    0.0000000000000000     
  Internal Params
  ---------------------------------
  
 mdl_Msu5 =    100000.00000000000     
 mdl_Msu2 =    100000.00000000000     
 mdl_RmD22x2 =    273684.70000000001     
 mdl_Msl2 =    100000.00000000000     
 mdl_Msl5 =    100000.00000000000     
 mdl_RmL22x2 =    38155.680000000000     
 mdl_Msd2 =    100000.00000000000     
 mdl_RmQ22x2 =    299836.70000000001     
 mdl_Msd5 =    100000.00000000000     
 mdl_RmU22x2 =    280382.09999999998     
 mdl_Msn2 =    100000.00000000000     
 mdl_RmE22x2 =    18630.639999999999     
 mdl_conjg__CKM3x3 =    1.0000000000000000     
 mdl_I93x22 =    1.0000000000000000     
 mdl_I97x11 =    1.0000000000000000     
 mdl_I43x22 =    1.0000000000000000     
 mdl_I51x11 =    1.0000000000000000     
 mdl_I75x55 =    1.0000000000000000     
 mdl_I92x22 =    1.0000000000000000     
 mdl_I96x11 =    1.0000000000000000     
 mdl_I5x11 =    1.0000000000000000     
 mdl_I100x44 =    1.0000000000000000     
 mdl_conjg__Rn3x3 =    1.0000000000000000     
 mdl_I45x11 =    1.0000000000000000     
 mdl_I75x44 =    1.0000000000000000     
 mdl_I25x22 =    1.0000000000000000     
 mdl_I52x44 =    1.0000000000000000     
 mdl_conjg__Ru1x1 =    1.0000000000000000     
 mdl_I32x44 =    1.0000000000000000     
 mdl_conjg__Ru4x4 =    1.0000000000000000     
 mdl_I6x44 =    1.0000000000000000     
 mdl_I53x11 =    1.0000000000000000     
 mdl_conjg__Rd5x5 =    1.0000000000000000     
 mdl_conjg__Rl1x1 =    1.0000000000000000     
 mdl_I5x22 =    1.0000000000000000     
 mdl_I101x55 =    1.0000000000000000     
 mdl_I102x44 =    1.0000000000000000     
 mdl_I52x55 =    1.0000000000000000     
 mdl_I26x44 =    1.0000000000000000     
 mdl_conjg__Ru2x2 =    1.0000000000000000     
 mdl_I26x55 =    1.0000000000000000     
 mdl_I96x22 =    1.0000000000000000     
 mdl_I13x44 =    1.0000000000000000     
 mdl_I51x22 =    1.0000000000000000     
 mdl_I89x11 =    1.0000000000000000     
 mdl_I98x11 =    1.0000000000000000     
 mdl_I100x55 =    1.0000000000000000     
 mdl_Ru5x5 =    1.0000000000000000     
 mdl_Rl1x1 =    1.0000000000000000     
 mdl_conjg__Rl4x4 =    1.0000000000000000     
 mdl_Ru2x2 =    1.0000000000000000     
 mdl_Ru4x4 =    1.0000000000000000     
 mdl_conjg__Rd4x4 =    1.0000000000000000     
 mdl_Rd1x1 =    1.0000000000000000     
 mdl_I7x22 =    1.0000000000000000     
 mdl_I25x11 =    1.0000000000000000     
 mdl_I6x55 =    1.0000000000000000     
 mdl_CKM3x3 =    1.0000000000000000     
 mdl_Rn3x3 =    1.0000000000000000     
 mdl_conjg__Rd1x1 =    1.0000000000000000     
 mdl_I85x22 =    1.0000000000000000     
 mdl_conjg__Rn2x2 =    1.0000000000000000     
 mdl_I39x11 =    1.0000000000000000     
 mdl_I101x44 =    1.0000000000000000     
 mdl_I102x55 =    1.0000000000000000     
 mdl_atan__tb =    1.4685752826790794     
 mdl_beta =    1.4685752826790794     
 mdl_cw =   0.87543712083660485     
 mdl_mD21x1 =  (  273684.70000000001     ,  0.0000000000000000     )
 mdl_mD22x2 =  (  273684.70000000001     ,  0.0000000000000000     )
 mdl_mD23x3 =  (  270262.00000000000     ,  0.0000000000000000     )
 mdl_mE21x1 =  (  18630.639999999999     ,  0.0000000000000000     )
 mdl_mE22x2 =  (  18630.639999999999     ,  0.0000000000000000     )
 mdl_mE23x3 =  (  17967.630000000001     ,  0.0000000000000000     )
 mdl_mL21x1 =  (  38155.680000000000     ,  0.0000000000000000     )
 mdl_mL22x2 =  (  38155.680000000000     ,  0.0000000000000000     )
 mdl_mL23x3 =  (  37828.690000000002     ,  0.0000000000000000     )
 mdl_mQ21x1 =  (  299836.70000000001     ,  0.0000000000000000     )
 mdl_mQ22x2 =  (  299836.70000000001     ,  0.0000000000000000     )
 mdl_mQ23x3 =  (  248765.39999999999     ,  0.0000000000000000     )
 mdl_mU21x1 =  (  280382.09999999998     ,  0.0000000000000000     )
 mdl_mU22x2 =  (  280382.09999999998     ,  0.0000000000000000     )
 mdl_mU23x3 =  (  179137.10000000001     ,  0.0000000000000000     )
 mdl_MUH =  (  357.68099999999998     ,  0.0000000000000000     )
 mdl_Mx1 =  (  101.39650000000000     ,  0.0000000000000000     )
 mdl_Mx2 =  (  191.50420000000000     ,  0.0000000000000000     )
 mdl_Mx3 =  (  588.26300000000003     ,  0.0000000000000000     )
 mdl_NN1x1 =  ( 0.98636440000000003     ,  0.0000000000000000     )
 mdl_NN1x2 =  ( -5.3110360000000002E-002,  0.0000000000000000     )
 mdl_NN1x3 =  ( 0.14643400000000001     ,  0.0000000000000000     )
 mdl_NN1x4 =  ( -5.3118609999999997E-002,  0.0000000000000000     )
 mdl_NN2x1 =  (  9.9350540000000001E-002,  0.0000000000000000     )
 mdl_NN2x2 =  ( 0.94494929999999999     ,  0.0000000000000000     )
 mdl_NN2x3 =  (-0.26984669999999999     ,  0.0000000000000000     )
 mdl_NN2x4 =  ( 0.15615070000000000     ,  0.0000000000000000     )
 mdl_NN3x1 =  ( -6.0338799999999998E-002,  0.0000000000000000     )
 mdl_NN3x2 =  (  8.7700490000000006E-002,  0.0000000000000000     )
 mdl_NN3x3 =  ( 0.69587750000000004     ,  0.0000000000000000     )
 mdl_NN3x4 =  ( 0.71022700000000005     ,  0.0000000000000000     )
 mdl_NN4x1 =  (-0.11650710000000000     ,  0.0000000000000000     )
 mdl_NN4x2 =  ( 0.31073899999999999     ,  0.0000000000000000     )
 mdl_NN4x3 =  ( 0.64922599999999997     ,  0.0000000000000000     )
 mdl_NN4x4 =  (-0.68437780000000004     ,  0.0000000000000000     )
 mdl_Rd3x3 =  ( 0.93873790000000001     ,  0.0000000000000000     )
 mdl_Rd3x6 =  ( 0.34463189999999999     ,  0.0000000000000000     )
 mdl_Rd6x3 =  (-0.34463189999999999     ,  0.0000000000000000     )
 mdl_Rd6x6 =  ( 0.93873790000000001     ,  0.0000000000000000     )
 mdl_Rl3x3 =  ( 0.28248719999999999     ,  0.0000000000000000     )
 mdl_Rl3x6 =  ( 0.95927110000000004     ,  0.0000000000000000     )
 mdl_Rl6x3 =  ( 0.95927110000000004     ,  0.0000000000000000     )
 mdl_Rl6x6 =  (-0.28248719999999999     ,  0.0000000000000000     )
 mdl_Ru3x3 =  ( 0.55364500000000005     ,  0.0000000000000000     )
 mdl_Ru3x6 =  ( 0.83275279999999996     ,  0.0000000000000000     )
 mdl_Ru6x3 =  ( 0.83275279999999996     ,  0.0000000000000000     )
 mdl_Ru6x6 =  (-0.55364500000000005     ,  0.0000000000000000     )
 mdl_UU1x1 =  ( 0.91683490000000001     ,  0.0000000000000000     )
 mdl_UU1x2 =  (-0.39926660000000003     ,  0.0000000000000000     )
 mdl_UU2x1 =  ( 0.39926660000000003     ,  0.0000000000000000     )
 mdl_UU2x2 =  ( 0.91683490000000001     ,  0.0000000000000000     )
 mdl_VV1x1 =  ( 0.97255780000000003     ,  0.0000000000000000     )
 mdl_VV1x2 =  (-0.23266120000000001     ,  0.0000000000000000     )
 mdl_VV2x1 =  ( 0.23266120000000001     ,  0.0000000000000000     )
 mdl_VV2x2 =  ( 0.97255780000000003     ,  0.0000000000000000     )
 mdl_td3x3 =  ( -110.69370000000001     ,  0.0000000000000000     )
 mdl_te3x3 =  ( -25.401969999999999     ,  0.0000000000000000     )
 mdl_tu3x3 =  ( -444.75250000000000     ,  0.0000000000000000     )
 mdl_yd3x3 =  ( 0.13884020000000000     ,  0.0000000000000000     )
 mdl_ye3x3 =  ( 0.10089080000000000     ,  0.0000000000000000     )
 mdl_yu3x3 =  ( 0.89284450000000004     ,  0.0000000000000000     )
 mdl_MZ__exp__2 =    8315.1783937600012     
 mdl_bb =  (  15860.964102273132     ,  0.0000000000000000     )
 mdl_cw__exp__2 =   0.76639015253868426     
 mdl_sw =   0.48333202610763931     
 mdl_cos__beta =   0.10204311673550755     
 mdl_sin__beta =   0.99477997684256969     
 mdl_conjg__yu3x3 =  ( 0.89284450000000004     , -0.0000000000000000     )
 mdl_I1x33 =  ( 0.89284450000000004     ,  0.0000000000000000     )
 mdl_conjg__yd3x3 =  ( 0.13884020000000000     , -0.0000000000000000     )
 mdl_I10x33 =  ( 0.13033455778358000     ,  0.0000000000000000     )
 mdl_I10x36 =  ( -4.7848761922379995E-002,  0.0000000000000000     )
 mdl_conjg__Rd3x6 =  ( 0.34463189999999999     , -0.0000000000000000     )
 mdl_I100x33 =  ( 0.11877114649760999     ,  0.0000000000000000     )
 mdl_I100x36 =  ( 0.32351902607901001     ,  0.0000000000000000     )
 mdl_conjg__Rd6x6 =  ( 0.93873790000000001     , -0.0000000000000000     )
 mdl_I100x63 =  ( 0.32351902607901001     ,  0.0000000000000000     )
 mdl_I100x66 =  ( 0.88122884489641007     ,  0.0000000000000000     )
 mdl_conjg__Rl3x6 =  ( 0.95927110000000004     , -0.0000000000000000     )
 mdl_I101x33 =  ( 0.92020104329521013     ,  0.0000000000000000     )
 mdl_I101x36 =  (-0.27098180707992003     ,  0.0000000000000000     )
 mdl_conjg__Rl6x6 =  (-0.28248719999999999     , -0.0000000000000000     )
 mdl_I101x63 =  (-0.27098180707992003     , -0.0000000000000000     )
 mdl_I101x66 =  (  7.9799018163839996E-002,  0.0000000000000000     )
 mdl_conjg__Ru3x6 =  ( 0.83275279999999996     , -0.0000000000000000     )
 mdl_I102x33 =  ( 0.69347722590783989     ,  0.0000000000000000     )
 mdl_I102x36 =  (-0.46104942395600002     ,  0.0000000000000000     )
 mdl_conjg__Ru6x6 =  (-0.55364500000000005     , -0.0000000000000000     )
 mdl_I102x63 =  (-0.46104942395600002     , -0.0000000000000000     )
 mdl_I102x66 =  ( 0.30652278602500005     ,  0.0000000000000000     )
 mdl_I11x33 =  (  4.7848761922379995E-002,  0.0000000000000000     )
 mdl_I11x36 =  ( 0.13033455778358000     ,  0.0000000000000000     )
 mdl_conjg__Rd3x3 =  ( 0.93873790000000001     , -0.0000000000000000     )
 mdl_I12x33 =  ( 0.88122884489641007     ,  0.0000000000000000     )
 mdl_I12x36 =  (-0.32351902607901001     ,  0.0000000000000000     )
 mdl_conjg__Rd6x3 =  (-0.34463189999999999     , -0.0000000000000000     )
 mdl_I12x63 =  (-0.32351902607901001     , -0.0000000000000000     )
 mdl_I12x66 =  ( 0.11877114649760999     ,  0.0000000000000000     )
 mdl_I13x33 =  ( 0.11877114649760999     ,  0.0000000000000000     )
 mdl_I13x36 =  ( 0.32351902607901001     ,  0.0000000000000000     )
 mdl_I13x63 =  ( 0.32351902607901001     ,  0.0000000000000000     )
 mdl_I13x66 =  ( 0.88122884489641007     ,  0.0000000000000000     )
 mdl_conjg__td3x3 =  ( -110.69370000000001     , -0.0000000000000000     )
 mdl_I14x33 =  ( -35.811518017082115     , -0.0000000000000000     )
 mdl_I14x36 =  (  13.147217659062491     ,  0.0000000000000000     )
 mdl_I14x63 =  ( -97.546481388309758     , -0.0000000000000000     )
 mdl_I14x66 =  (  35.811518017082115     ,  0.0000000000000000     )
 mdl_I15x33 =  (  4.4917446284614963E-002,  0.0000000000000000     )
 mdl_I15x36 =  ( -1.6490209733957470E-002,  0.0000000000000000     )
 mdl_I15x63 =  ( 0.12234998907118655     ,  0.0000000000000000     )
 mdl_I15x66 =  ( -4.4917446284614963E-002,  0.0000000000000000     )
 mdl_I16x33 =  ( -35.811518017082115     ,  0.0000000000000000     )
 mdl_I16x36 =  ( -97.546481388309758     ,  0.0000000000000000     )
 mdl_I16x63 =  (  13.147217659062493     ,  0.0000000000000000     )
 mdl_I16x66 =  (  35.811518017082115     ,  0.0000000000000000     )
 mdl_I17x33 =  (  1.6987096952641351E-002,  0.0000000000000000     )
 mdl_I17x36 =  ( -6.2363472256451984E-003,  0.0000000000000000     )
 mdl_I17x63 =  ( -6.2363472256451984E-003,  0.0000000000000000     )
 mdl_I17x66 =  (  2.2895040175046019E-003,  0.0000000000000000     )
 mdl_I18x33 =  (  4.4917446284614963E-002,  0.0000000000000000     )
 mdl_I18x36 =  ( 0.12234998907118654     ,  0.0000000000000000     )
 mdl_I18x63 =  ( -1.6490209733957470E-002, -0.0000000000000000     )
 mdl_I18x66 =  ( -4.4917446284614963E-002, -0.0000000000000000     )
 mdl_I19x33 =  (  2.2895040175046019E-003,  0.0000000000000000     )
 mdl_I19x36 =  (  6.2363472256451984E-003,  0.0000000000000000     )
 mdl_I19x63 =  (  6.2363472256451984E-003,  0.0000000000000000     )
 mdl_I19x66 =  (  1.6987096952641351E-002,  0.0000000000000000     )
 mdl_I2x33 =  ( 0.13884020000000000     ,  0.0000000000000000     )
 mdl_I20x33 =  ( 0.13884020000000000     ,  0.0000000000000000     )
 mdl_I21x33 =  ( 0.89284450000000004     ,  0.0000000000000000     )
 mdl_conjg__ye3x3 =  ( 0.10089080000000000     , -0.0000000000000000     )
 mdl_I22x33 =  ( 0.10089080000000000     , -0.0000000000000000     )
 mdl_I23x33 =  (  9.6781628695880001E-002, -0.0000000000000000     )
 mdl_I23x36 =  ( -2.8500359597760001E-002,  0.0000000000000000     )
 mdl_conjg__Rl3x3 =  ( 0.28248719999999999     , -0.0000000000000000     )
 mdl_I24x33 =  (  2.8500359597760001E-002,  0.0000000000000000     )
 mdl_conjg__Rl6x3 =  ( 0.95927110000000004     , -0.0000000000000000     )
 mdl_I24x36 =  (  9.6781628695880001E-002,  0.0000000000000000     )
 mdl_I25x33 =  (  7.9799018163839996E-002,  0.0000000000000000     )
 mdl_I25x36 =  ( 0.27098180707992003     ,  0.0000000000000000     )
 mdl_I25x63 =  ( 0.27098180707992003     ,  0.0000000000000000     )
 mdl_I25x66 =  ( 0.92020104329521013     ,  0.0000000000000000     )
 mdl_I26x33 =  ( 0.92020104329521013     ,  0.0000000000000000     )
 mdl_I26x36 =  (-0.27098180707992003     ,  0.0000000000000000     )
 mdl_I26x63 =  (-0.27098180707992003     , -0.0000000000000000     )
 mdl_I26x66 =  (  7.9799018163839996E-002,  0.0000000000000000     )
 mdl_I27x33 =  (  2.8500359597760001E-002,  0.0000000000000000     )
 mdl_I27x36 =  (  9.6781628695880001E-002,  0.0000000000000000     )
 mdl_I28x33 =  (  9.6781628695880001E-002,  0.0000000000000000     )
 mdl_I28x36 =  ( -2.8500359597760001E-002,  0.0000000000000000     )
 mdl_I29x33 =  ( 0.28248719999999999     ,  0.0000000000000000     )
 mdl_I29x36 =  ( 0.95927110000000004     ,  0.0000000000000000     )
 mdl_I3x33 =  (  4.7848761922379995E-002, -0.0000000000000000     )
 mdl_I3x36 =  ( 0.13033455778358000     , -0.0000000000000000     )
 mdl_I30x33 =  (  9.6781628695880001E-002,  0.0000000000000000     )
 mdl_I30x36 =  ( -2.8500359597760001E-002,  0.0000000000000000     )
 mdl_I31x33 =  (  7.9799018163839996E-002,  0.0000000000000000     )
 mdl_I31x36 =  ( 0.27098180707992003     ,  0.0000000000000000     )
 mdl_I31x63 =  ( 0.27098180707992003     ,  0.0000000000000000     )
 mdl_I31x66 =  ( 0.92020104329521013     ,  0.0000000000000000     )
 mdl_I32x33 =  ( 0.92020104329521013     ,  0.0000000000000000     )
 mdl_I32x36 =  (-0.27098180707992003     ,  0.0000000000000000     )
 mdl_I32x63 =  (-0.27098180707992003     , -0.0000000000000000     )
 mdl_I32x66 =  (  7.9799018163839996E-002,  0.0000000000000000     )
 mdl_conjg__te3x3 =  ( -25.401969999999999     , -0.0000000000000000     )
 mdl_I33x33 =  ( -6.8834717339899161     , -0.0000000000000000     )
 mdl_I33x36 =  ( -23.374919295753628     , -0.0000000000000000     )
 mdl_I33x63 =  (  2.0270522654273186     ,  0.0000000000000000     )
 mdl_I33x66 =  (  6.8834717339899161     ,  0.0000000000000000     )
 mdl_I34x33 =  (  2.7339571301738797E-002,  0.0000000000000000     )
 mdl_I34x36 =  (  9.2839819418888386E-002,  0.0000000000000000     )
 mdl_I34x63 =  ( -8.0509867817643490E-003,  0.0000000000000000     )
 mdl_I34x66 =  ( -2.7339571301738797E-002,  0.0000000000000000     )
 mdl_I35x33 =  ( -6.8834717339899152     ,  0.0000000000000000     )
 mdl_I35x36 =  (  2.0270522654273186     , -0.0000000000000000     )
 mdl_I35x63 =  ( -23.374919295753628     ,  0.0000000000000000     )
 mdl_I35x66 =  (  6.8834717339899152     , -0.0000000000000000     )
 mdl_I36x33 =  (  8.1227049720163059E-004,  0.0000000000000000     )
 mdl_I36x36 =  (  2.7583112202894684E-003,  0.0000000000000000     )
 mdl_I36x63 =  (  2.7583112202894684E-003,  0.0000000000000000     )
 mdl_I36x66 =  (  9.3666836530271833E-003,  0.0000000000000000     )
 mdl_I37x33 =  (  2.7339571301738794E-002,  0.0000000000000000     )
 mdl_I37x36 =  ( -8.0509867817643490E-003,  0.0000000000000000     )
 mdl_I37x63 =  (  9.2839819418888372E-002,  0.0000000000000000     )
 mdl_I37x66 =  ( -2.7339571301738794E-002,  0.0000000000000000     )
 mdl_I38x33 =  (  9.3666836530271833E-003,  0.0000000000000000     )
 mdl_I38x36 =  ( -2.7583112202894684E-003,  0.0000000000000000     )
 mdl_I38x63 =  ( -2.7583112202894684E-003,  0.0000000000000000     )
 mdl_I38x66 =  (  8.1227049720163059E-004,  0.0000000000000000     )
 mdl_I39x33 =  ( 0.28248719999999999     ,  0.0000000000000000     )
 mdl_I39x36 =  ( 0.95927110000000004     ,  0.0000000000000000     )
 mdl_I4x33 =  ( 0.13033455778358000     ,  0.0000000000000000     )
 mdl_I4x36 =  ( -4.7848761922379995E-002, -0.0000000000000000     )
 mdl_I40x33 =  ( -24.367375704067001     ,  0.0000000000000000     )
 mdl_I40x36 =  (  7.1757313797839997     ,  0.0000000000000000     )
 mdl_I41x33 =  (  2.8754240801056848E-003,  0.0000000000000000     )
 mdl_I41x36 =  (  9.7643759444302897E-003,  0.0000000000000000     )
 mdl_I42x33 =  (  9.6781628695880001E-002,  0.0000000000000000     )
 mdl_I42x36 =  ( -2.8500359597760001E-002,  0.0000000000000000     )
 mdl_I44x33 =  ( 0.10089080000000000     ,  0.0000000000000000     )
 mdl_I45x33 =  ( 0.28248719999999999     ,  0.0000000000000000     )
 mdl_I45x36 =  ( 0.95927110000000004     ,  0.0000000000000000     )
 mdl_I46x33 =  (  9.6781628695880001E-002,  0.0000000000000000     )
 mdl_I46x36 =  ( -2.8500359597760001E-002,  0.0000000000000000     )
 mdl_I47x33 =  ( -24.367375704067001     , -0.0000000000000000     )
 mdl_I47x36 =  (  7.1757313797839997     ,  0.0000000000000000     )
 mdl_I48x33 =  (  2.8754240801056848E-003,  0.0000000000000000     )
 mdl_I48x36 =  (  9.7643759444302897E-003,  0.0000000000000000     )
 mdl_I49x33 =  ( 0.74351875733960004     , -0.0000000000000000     )
 mdl_I49x36 =  (-0.49431889320250005     ,  0.0000000000000000     )
 mdl_I5x33 =  ( 0.88122884489641007     ,  0.0000000000000000     )
 mdl_I5x36 =  (-0.32351902607901001     ,  0.0000000000000000     )
 mdl_I5x63 =  (-0.32351902607901001     , -0.0000000000000000     )
 mdl_I5x66 =  ( 0.11877114649760999     ,  0.0000000000000000     )
 mdl_conjg__Ru3x3 =  ( 0.55364500000000005     , -0.0000000000000000     )
 mdl_I50x33 =  ( 0.49431889320250005     ,  0.0000000000000000     )
 mdl_conjg__Ru6x3 =  ( 0.83275279999999996     , -0.0000000000000000     )
 mdl_I50x36 =  ( 0.74351875733960004     ,  0.0000000000000000     )
 mdl_I51x33 =  ( 0.30652278602500005     ,  0.0000000000000000     )
 mdl_I51x36 =  ( 0.46104942395600002     ,  0.0000000000000000     )
 mdl_I51x63 =  ( 0.46104942395600002     ,  0.0000000000000000     )
 mdl_I51x66 =  ( 0.69347722590783989     ,  0.0000000000000000     )
 mdl_I52x33 =  ( 0.69347722590783989     ,  0.0000000000000000     )
 mdl_I52x36 =  (-0.46104942395600002     ,  0.0000000000000000     )
 mdl_I52x63 =  (-0.46104942395600002     , -0.0000000000000000     )
 mdl_I52x66 =  ( 0.30652278602500005     ,  0.0000000000000000     )
 mdl_I53x33 =  ( 0.51972754464550008     ,  0.0000000000000000     )
 mdl_I53x36 =  ( 0.78173661469111999     ,  0.0000000000000000     )
 mdl_I53x63 =  (-0.19080372827550002     ,  0.0000000000000000     )
 mdl_I53x66 =  (-0.28699317969431998     ,  0.0000000000000000     )
 mdl_conjg__tu3x3 =  ( -444.75250000000000     , -0.0000000000000000     )
 mdl_I54x33 =  ( -347.67931372541233     , -0.0000000000000000     )
 mdl_I54x36 =  (  231.15012479994778     ,  0.0000000000000000     )
 mdl_I54x63 =  (  127.64093415199804     ,  0.0000000000000000     )
 mdl_I54x66 =  ( -84.860435159849317     , -0.0000000000000000     )
 mdl_I55x33 =  ( 0.69796923687558576     ,  0.0000000000000000     )
 mdl_I55x36 =  (-0.46403587973523924     ,  0.0000000000000000     )
 mdl_I55x63 =  (-0.25624028202758531     ,  0.0000000000000000     )
 mdl_I55x66 =  ( 0.17035805937027468     ,  0.0000000000000000     )
 mdl_I56x33 =  ( -21.120770656609718     ,  0.0000000000000000     )
 mdl_I56x36 =  ( -31.768336935129152     ,  0.0000000000000000     )
 mdl_I56x63 =  ( -57.530564908725594     ,  0.0000000000000000     )
 mdl_I56x66 =  ( -86.533318305634438     ,  0.0000000000000000     )
 mdl_I57x33 =  (  2.6491227794516074E-002,  0.0000000000000000     )
 mdl_I57x36 =  (  3.9846190467395320E-002,  0.0000000000000000     )
 mdl_I57x63 =  (  7.2159076244090153E-002,  0.0000000000000000     )
 mdl_I57x66 =  ( 0.10853646793103804     ,  0.0000000000000000     )
 mdl_I58x33 =  (  1.0018580577544725E-002,  0.0000000000000000     )
 mdl_I58x36 =  (  1.5069224914838907E-002,  0.0000000000000000     )
 mdl_I58x63 =  ( -3.6780473652361706E-003,  0.0000000000000000     )
 mdl_I58x66 =  ( -5.5322530537312599E-003,  0.0000000000000000     )
 mdl_I59x33 =  (  3.5576452004766342E-002,  0.0000000000000000     )
 mdl_I59x36 =  ( -2.3652547034580806E-002,  0.0000000000000000     )
 mdl_I59x63 =  (  9.6906188441653690E-002,  0.0000000000000000     )
 mdl_I59x66 =  ( -6.4426834349616560E-002,  0.0000000000000000     )
 mdl_I6x33 =  ( 0.11877114649760999     ,  0.0000000000000000     )
 mdl_I6x36 =  ( 0.32351902607901001     ,  0.0000000000000000     )
 mdl_I6x63 =  ( 0.32351902607901001     ,  0.0000000000000000     )
 mdl_I6x66 =  ( 0.88122884489641007     ,  0.0000000000000000     )
 mdl_I60x33 =  ( 0.41431188302426980     ,  0.0000000000000000     )
 mdl_I60x36 =  ( 0.62317799431356391     ,  0.0000000000000000     )
 mdl_I60x63 =  (-0.15210325633942320     ,  0.0000000000000000     )
 mdl_I60x66 =  (-0.22878272648677841     ,  0.0000000000000000     )
 mdl_I61x33 =  ( 0.49431889320250005     ,  0.0000000000000000     )
 mdl_I61x36 =  ( 0.74351875733960004     ,  0.0000000000000000     )
 mdl_I62x33 =  ( 0.74351875733960004     ,  0.0000000000000000     )
 mdl_I62x36 =  (-0.49431889320250005     ,  0.0000000000000000     )
 mdl_I63x33 =  ( 0.55364500000000005     ,  0.0000000000000000     )
 mdl_I63x36 =  ( 0.83275279999999996     ,  0.0000000000000000     )
 mdl_I64x33 =  (  7.6868182529000004E-002,  0.0000000000000000     )
 mdl_I64x36 =  ( 0.11561956530256000     ,  0.0000000000000000     )
 mdl_I65x33 =  ( 0.74351875733960004     ,  0.0000000000000000     )
 mdl_I65x36 =  (-0.49431889320250005     ,  0.0000000000000000     )
 mdl_I66x33 =  ( 0.51972754464550008     ,  0.0000000000000000     )
 mdl_I66x36 =  ( 0.78173661469111999     ,  0.0000000000000000     )
 mdl_I66x63 =  (-0.19080372827550002     , -0.0000000000000000     )
 mdl_I66x66 =  (-0.28699317969431998     , -0.0000000000000000     )
 mdl_I67x33 =  (  2.6491227794516077E-002,  0.0000000000000000     )
 mdl_I67x36 =  (  3.9846190467395320E-002,  0.0000000000000000     )
 mdl_I67x63 =  (  7.2159076244090153E-002,  0.0000000000000000     )
 mdl_I67x66 =  ( 0.10853646793103804     ,  0.0000000000000000     )
 mdl_I68x33 =  ( -21.120770656609718     , -0.0000000000000000     )
 mdl_I68x36 =  ( -31.768336935129149     , -0.0000000000000000     )
 mdl_I68x63 =  ( -57.530564908725594     , -0.0000000000000000     )
 mdl_I68x66 =  ( -86.533318305634438     , -0.0000000000000000     )
 mdl_I69x33 =  ( -347.67931372541233     ,  0.0000000000000000     )
 mdl_I69x36 =  (  231.15012479994778     , -0.0000000000000000     )
 mdl_I69x63 =  (  127.64093415199804     ,  0.0000000000000000     )
 mdl_I69x66 =  ( -84.860435159849317     ,  0.0000000000000000     )
 mdl_I7x33 =  ( 0.93873790000000001     ,  0.0000000000000000     )
 mdl_I7x36 =  (-0.34463189999999999     ,  0.0000000000000000     )
 mdl_I70x33 =  (  1.0018580577544725E-002,  0.0000000000000000     )
 mdl_I70x36 =  (  1.5069224914838907E-002,  0.0000000000000000     )
 mdl_I70x63 =  ( -3.6780473652361710E-003,  0.0000000000000000     )
 mdl_I70x66 =  ( -5.5322530537312608E-003,  0.0000000000000000     )
 mdl_I71x33 =  ( 0.41431188302426980     ,  0.0000000000000000     )
 mdl_I71x36 =  ( 0.62317799431356391     ,  0.0000000000000000     )
 mdl_I71x63 =  (-0.15210325633942320     ,  0.0000000000000000     )
 mdl_I71x66 =  (-0.22878272648677841     ,  0.0000000000000000     )
 mdl_I72x33 =  ( 0.69796923687558576     ,  0.0000000000000000     )
 mdl_I72x36 =  (-0.46403587973523919     ,  0.0000000000000000     )
 mdl_I72x63 =  (-0.25624028202758531     , -0.0000000000000000     )
 mdl_I72x66 =  ( 0.17035805937027468     ,  0.0000000000000000     )
 mdl_I73x33 =  (  3.5576452004766349E-002,  0.0000000000000000     )
 mdl_I73x36 =  ( -2.3652547034580810E-002,  0.0000000000000000     )
 mdl_I73x63 =  (  9.6906188441653704E-002,  0.0000000000000000     )
 mdl_I73x66 =  ( -6.4426834349616560E-002,  0.0000000000000000     )
 mdl_I74x33 =  ( 0.30652278602500005     ,  0.0000000000000000     )
 mdl_I74x36 =  ( 0.46104942395600002     ,  0.0000000000000000     )
 mdl_I74x63 =  ( 0.46104942395600002     ,  0.0000000000000000     )
 mdl_I74x66 =  ( 0.69347722590783989     ,  0.0000000000000000     )
 mdl_I75x33 =  ( 0.69347722590783989     ,  0.0000000000000000     )
 mdl_I75x36 =  (-0.46104942395600002     ,  0.0000000000000000     )
 mdl_I75x63 =  (-0.46104942395600002     , -0.0000000000000000     )
 mdl_I75x66 =  ( 0.30652278602500005     ,  0.0000000000000000     )
 mdl_I76x33 =  ( 0.41164544240728285     ,  0.0000000000000000     )
 mdl_I76x36 =  ( 0.61916732702707233     ,  0.0000000000000000     )
 mdl_I76x63 =  (-0.27367718362709814     ,  0.0000000000000000     )
 mdl_I76x66 =  (-0.41164544240728285     ,  0.0000000000000000     )
 mdl_I77x33 =  ( -205.05288392799091     , -0.0000000000000000     )
 mdl_I77x36 =  ( -308.42572991557654     , -0.0000000000000000     )
 mdl_I77x63 =  (  136.32677539158382     ,  0.0000000000000000     )
 mdl_I77x66 =  (  205.05288392799091     ,  0.0000000000000000     )
 mdl_I78x33 =  ( -205.05288392799091     ,  0.0000000000000000     )
 mdl_I78x36 =  (  136.32677539158385     , -0.0000000000000000     )
 mdl_I78x63 =  ( -308.42572991557660     ,  0.0000000000000000     )
 mdl_I78x66 =  (  205.05288392799091     , -0.0000000000000000     )
 mdl_I79x33 =  ( 0.41164544240728290     ,  0.0000000000000000     )
 mdl_I79x36 =  (-0.27367718362709814     ,  0.0000000000000000     )
 mdl_I79x63 =  ( 0.61916732702707244     ,  0.0000000000000000     )
 mdl_I79x66 =  (-0.41164544240728285     ,  0.0000000000000000     )
 mdl_I8x33 =  ( 0.83814697095655000     ,  0.0000000000000000     )
 mdl_I8x36 =  (-0.30770269643955001     ,  0.0000000000000000     )
 mdl_I80x33 =  ( 0.24435116817694463     ,  0.0000000000000000     )
 mdl_I80x36 =  ( 0.36753536920340929     ,  0.0000000000000000     )
 mdl_I80x63 =  ( 0.36753536920340929     ,  0.0000000000000000     )
 mdl_I80x66 =  ( 0.55282014251582301     ,  0.0000000000000000     )
 mdl_I81x33 =  ( 0.55282014251582301     ,  0.0000000000000000     )
 mdl_I81x36 =  (-0.36753536920340929     ,  0.0000000000000000     )
 mdl_I81x63 =  (-0.36753536920340929     ,  0.0000000000000000     )
 mdl_I81x66 =  ( 0.24435116817694463     ,  0.0000000000000000     )
 mdl_I82x33 =  ( 0.93873790000000001     ,  0.0000000000000000     )
 mdl_I82x36 =  (-0.34463189999999999     , -0.0000000000000000     )
 mdl_I83x33 =  (  4.7848761922379995E-002,  0.0000000000000000     )
 mdl_I83x36 =  ( 0.13033455778358000     ,  0.0000000000000000     )
 mdl_I84x33 =  ( 0.83814697095655000     ,  0.0000000000000000     )
 mdl_I84x36 =  (-0.30770269643955001     , -0.0000000000000000     )
 mdl_I85x33 =  ( 0.28248719999999999     , -0.0000000000000000     )
 mdl_I85x36 =  ( 0.95927110000000004     , -0.0000000000000000     )
 mdl_I86x33 =  (  9.6781628695880001E-002, -0.0000000000000000     )
 mdl_I86x36 =  ( -2.8500359597760001E-002,  0.0000000000000000     )
 mdl_I88x33 =  ( 0.10089080000000000     ,  0.0000000000000000     )
 mdl_I89x33 =  ( 0.55364500000000005     ,  0.0000000000000000     )
 mdl_I89x36 =  ( 0.83275279999999996     ,  0.0000000000000000     )
 mdl_I9x33 =  (  4.7848761922379995E-002,  0.0000000000000000     )
 mdl_I9x36 =  ( 0.13033455778358000     ,  0.0000000000000000     )
 mdl_I90x33 =  ( 0.74351875733960004     ,  0.0000000000000000     )
 mdl_I90x36 =  (-0.49431889320250005     ,  0.0000000000000000     )
 mdl_I91x33 =  (  7.6868182529000004E-002,  0.0000000000000000     )
 mdl_I91x36 =  ( 0.11561956530256000     ,  0.0000000000000000     )
 mdl_I92x33 =  ( 0.51972754464550008     ,  0.0000000000000000     )
 mdl_I92x36 =  ( 0.78173661469111999     ,  0.0000000000000000     )
 mdl_I92x63 =  (-0.19080372827550002     , -0.0000000000000000     )
 mdl_I92x66 =  (-0.28699317969431998     , -0.0000000000000000     )
 mdl_I93x33 =  ( 0.28248719999999999     ,  0.0000000000000000     )
 mdl_I93x36 =  ( 0.95927110000000004     ,  0.0000000000000000     )
 mdl_I94x33 =  ( 0.51972754464550008     ,  0.0000000000000000     )
 mdl_I94x36 =  ( 0.78173661469111999     ,  0.0000000000000000     )
 mdl_I94x63 =  (-0.19080372827550002     ,  0.0000000000000000     )
 mdl_I94x66 =  (-0.28699317969431998     ,  0.0000000000000000     )
 mdl_I95x33 =  ( 0.28248719999999999     ,  0.0000000000000000     )
 mdl_I95x36 =  ( 0.95927110000000004     ,  0.0000000000000000     )
 mdl_I96x33 =  ( 0.88122884489641007     ,  0.0000000000000000     )
 mdl_I96x36 =  (-0.32351902607901001     ,  0.0000000000000000     )
 mdl_I96x63 =  (-0.32351902607901001     , -0.0000000000000000     )
 mdl_I96x66 =  ( 0.11877114649760999     ,  0.0000000000000000     )
 mdl_I97x33 =  (  7.9799018163839996E-002,  0.0000000000000000     )
 mdl_I97x36 =  ( 0.27098180707992003     ,  0.0000000000000000     )
 mdl_I97x63 =  ( 0.27098180707992003     ,  0.0000000000000000     )
 mdl_I97x66 =  ( 0.92020104329521013     ,  0.0000000000000000     )
 mdl_I98x33 =  ( 0.30652278602500005     ,  0.0000000000000000     )
 mdl_I98x36 =  ( 0.46104942395600002     ,  0.0000000000000000     )
 mdl_I98x63 =  ( 0.46104942395600002     ,  0.0000000000000000     )
 mdl_I98x66 =  ( 0.69347722590783989     ,  0.0000000000000000     )
 mdl_I99x33 =  ( 0.10089080000000000     ,  0.0000000000000000     )
 mdl_complexi =  (  0.0000000000000000     ,  1.0000000000000000     )
 mdl_sqrt__2 =    1.4142135623730951     
 mdl_sw__exp__2 =   0.23360984746131572     
 mdl_conjg__NN1x1 =  ( 0.98636440000000003     , -0.0000000000000000     )
 mdl_conjg__NN1x2 =  ( -5.3110360000000002E-002, -0.0000000000000000     )
 mdl_conjg__NN1x3 =  ( 0.14643400000000001     , -0.0000000000000000     )
 mdl_conjg__NN1x4 =  ( -5.3118609999999997E-002, -0.0000000000000000     )
 mdl_conjg__NN2x1 =  (  9.9350540000000001E-002, -0.0000000000000000     )
 mdl_conjg__NN2x2 =  ( 0.94494929999999999     , -0.0000000000000000     )
 mdl_conjg__NN2x3 =  (-0.26984669999999999     , -0.0000000000000000     )
 mdl_conjg__NN2x4 =  ( 0.15615070000000000     , -0.0000000000000000     )
 mdl_conjg__NN3x1 =  ( -6.0338799999999998E-002, -0.0000000000000000     )
 mdl_conjg__NN3x2 =  (  8.7700490000000006E-002, -0.0000000000000000     )
 mdl_conjg__NN3x3 =  ( 0.69587750000000004     , -0.0000000000000000     )
 mdl_conjg__NN3x4 =  ( 0.71022700000000005     , -0.0000000000000000     )
 mdl_conjg__NN4x1 =  (-0.11650710000000000     , -0.0000000000000000     )
 mdl_conjg__NN4x2 =  ( 0.31073899999999999     , -0.0000000000000000     )
 mdl_conjg__NN4x3 =  ( 0.64922599999999997     , -0.0000000000000000     )
 mdl_conjg__NN4x4 =  (-0.68437780000000004     , -0.0000000000000000     )
 mdl_conjg__UU1x1 =  ( 0.91683490000000001     , -0.0000000000000000     )
 mdl_conjg__UU1x2 =  (-0.39926660000000003     , -0.0000000000000000     )
 mdl_conjg__UU2x1 =  ( 0.39926660000000003     , -0.0000000000000000     )
 mdl_conjg__UU2x2 =  ( 0.91683490000000001     , -0.0000000000000000     )
 mdl_conjg__VV1x1 =  ( 0.97255780000000003     , -0.0000000000000000     )
 mdl_conjg__VV1x2 =  (-0.23266120000000001     , -0.0000000000000000     )
 mdl_conjg__VV2x1 =  ( 0.23266120000000001     , -0.0000000000000000     )
 mdl_conjg__VV2x2 =  ( 0.97255780000000003     , -0.0000000000000000     )
 mdl_cos__alp =   0.99352890317340192     
 mdl_sin__alp =  -0.11357956928539981     
 mdl_conjg__MUH =  (  357.68099999999998     , -0.0000000000000000     )
 mdl_ee =   0.31340934559420641     
 mdl_gp =   0.35800326275255401     
 mdl_gw =   0.64843488257574999     
 mdl_vev =    246.22059098023431     
 mdl_vd =    25.125116508081707     
 mdl_vu =    244.93531379348130     
 mdl_ee__exp__2 =    9.8225417905788703E-002
  Internal Params evaluated point by point
  ----------------------------------------
  
 mdl_sqrt__aS =   0.34351128074635334     
 mdl_G__exp__2 =  (  1.4828317324943823     ,  0.0000000000000000     )
  Couplings of mssm
  ---------------------------------
  
         GC_6 =  -0.12177E+01   0.00000E+00
         GC_7 =   0.00000E+00   0.12177E+01
         GC_8 =   0.12177E+01   0.00000E+00
        GC_18 =   0.00000E+00   0.14828E+01
        GC_21 =   0.00000E+00   0.00000E+00
        GC_33 =   0.00000E+00   0.14828E+01
        GC_71 =  -0.00000E+00  -0.12177E+01
        GC_73 =   0.00000E+00   0.00000E+00
        GC_79 =   0.00000E+00   0.00000E+00
        GC_81 =  -0.00000E+00  -0.12177E+01
        GC_96 =   0.00000E+00   0.14828E+01
       GC_108 =  -0.00000E+00  -0.16166E+01
       GC_513 =   0.00000E+00   0.59349E+00
       GC_518 =   0.00000E+00   0.17221E+01
       GC_528 =  -0.00000E+00   0.59349E+00
       GC_533 =   0.00000E+00   0.16166E+01
       GC_587 =  -0.00000E+00  -0.17221E+01

 Collider parameters:
 --------------------

 Running at P P   machine @    13000.000000000000       GeV
 PDF set = nn23lo1
 alpha_s(Mz)= 0.1300 running at 2 loops.
 alpha_s(Mz)= 0.1300 running at 2 loops.
 Renormalization scale set on event-by-event basis
 Factorization   scale set on event-by-event basis


 getting user params
Enter number of events and max and min iterations: 
 Number of events and iterations         2000           8           3
Enter desired fractional accuracy: 
 Desired fractional accuracy:    1.0000000000000000E-002
Enter 0 for fixed, 2 for adjustable grid: 
Suppress amplitude (0 no, 1 yes)? 
 Using suppressed amplitude.
Exact helicity sum (0 yes, n = number/event)? 
 Explicitly summing over helicities
Enter Configuration Number: 
Running Configuration Number:    7
 Not subdividing B.W.
 Attempting mappinvarients           1           6
 Completed mapping           6
 about to integrate           10        2000           8           3          10           1
 Using non-zero grid deformation.
 10 dimensions   2000 events 10 invarients  8 iterations  1 config(s),  (0.99)
 Using h-tuple random number sequence.
 fail to read data
 Error opening grid
 Using Uniform Grid!          24
 Using uniform alpha   1.0000000000000000     
 Grid defined OK
 Set CM energy to      13000.00
 Mapping Graph           7  to config           7
Setting grid   1    0.85394E-03   1
Setting grid   2    0.22746E-04   1
Setting grid   3    0.83210E-03   1
 Transforming s_hat 1/s            9   4.5199763313609476E-003   15376.000000000000        168999999.99999997     
 Masses: 0.000E+00 0.489E+01 0.375E+03 0.375E+03 0.000E+00 0.489E+01
   7   1   2   3   4   5   6   7   8   9  10
Using random seed offsets     7 :     11
  with seed                   24
 Ranmar initialization seeds       31065        9408
 
 ********************************************
 * You are using the DiscreteSampler module *
 *      part of the MG5_aMC framework       *
 *         Author: Valentin Hirschi         *
 ********************************************
 
  Particle       3       4       5       6
      Et >     0.0     0.0    62.0    62.0
       E >     0.0     0.0     0.0     0.0
     Eta <    -1.0    -1.0     5.0     5.0
   xqcut:      0.0     0.0    62.0    61.8
d R # 3  >    -0.0     0.0     0.0     0.0
d R # 4  >    -0.0    -0.0     0.0     0.0
d R # 5  >    -0.0    -0.0    -0.0     0.0
s min # 3>     0.0     0.0     0.0     0.0
s min # 4>     0.0     0.0     0.0     0.0
s min # 5>     0.0     0.0     0.0  3844.0
xqcutij # 3>     0.0     0.0     0.0     0.0
xqcutij # 4>     0.0     0.0     0.0     0.0
xqcutij # 5>     0.0     0.0     0.0     0.0
 alpha_s for scale    591.83194786096749       is    9.9224983913776002E-002
 Added good helicity            3   1.1053651451689175E-003  in event            1 local:           1
 Added good helicity            4   6.1785704556313723       in event            1 local:           1
 Added good helicity            7   1.8200356019978747       in event            1 local:           1
 Added good helicity            8   3.0334318357942616E-004  in event            1 local:           1
 Added good helicity            9   3.0334560054112345E-004  in event            1 local:           1
 Added good helicity           10   1.8200480177687266       in event            1 local:           1
 Added good helicity           13   6.1785285205352540       in event            1 local:           1
 Added good helicity           14   1.1053501374846890E-003  in event            1 local:           1
 Added good helicity            3   1.1053651451689149E-003  in event            1 local:           1
 Added good helicity            4   6.1785704556313714       in event            1 local:           1
 Added good helicity            7   1.8200356019978723       in event            1 local:           1
 Added good helicity            8   3.0334318357942518E-004  in event            1 local:           1
 Added good helicity            9   3.0334560054112248E-004  in event            1 local:           1
 Added good helicity           10   1.8200480177687228       in event            1 local:           1
 Added good helicity           13   6.1785285205352602       in event            1 local:           1
 Added good helicity           14   1.1053501374846859E-003  in event            1 local:           1
 RESET CUMULATIVE VARIABLE
 RESET CUMULATIVE VARIABLE
 RESET CUMULATIVE VARIABLE
 Iteration  1   Mean: 0.7415E-12 Abs mean: 0.7415E-12   Fluctuation:  0.876E-13   0.823E-10    19.0%
  1    0.7415E-12 0.7415E-12 +- 0.8761E-13      5.28
 Writing out events   2.4408976310691357E-016   5.2839347728579558     
 Relative summed weights:
  0.1960E+00  0.1575E+00  0.0000E+00  0.0000E+00  0.1297E-02  0.2330E-02  0.0000E+00  0.0000E+00  0.2694E-01  0.2503E-01  0.0000E+00  0.0000E+00  0.4665E-02  0.3082E-02  0.0000E+00  0.0000E+00  0.4954E-02  0.1360E-02  0.0000E+00  0.0000E+00  0.1315E-02  0.3470E-03  0.0000E+00  0.0000E+00  0.2644E-02  0.7022E-02  0.0000E+00  0.0000E+00  0.2178E-01  0.3353E-02  0.0000E+00  0.0000E+00
  0.0000E+00  0.0000E+00  0.1314E+00  0.1965E+00  0.0000E+00  0.0000E+00  0.1811E-02  0.2807E-03  0.0000E+00  0.0000E+00  0.1163E+00  0.6193E-01  0.0000E+00  0.0000E+00  0.2667E-03  0.2015E-02  0.0000E+00  0.0000E+00  0.6396E-02  0.4615E-02  0.0000E+00  0.0000E+00  0.2143E-03  0.2123E-02  0.0000E+00  0.0000E+00  0.2207E-02  0.4731E-02  0.0000E+00  0.0000E+00  0.1318E-02  0.8217E-02
 Relative number of events:
  0.1555E+00  0.1275E+00  0.0000E+00  0.0000E+00  0.1050E-01  0.6500E-02  0.0000E+00  0.0000E+00  0.4950E-01  0.4650E-01  0.0000E+00  0.0000E+00  0.8000E-02  0.6500E-02  0.0000E+00  0.0000E+00  0.1850E-01  0.1100E-01  0.0000E+00  0.0000E+00  0.7000E-02  0.8000E-02  0.0000E+00  0.0000E+00  0.1550E-01  0.1150E-01  0.0000E+00  0.0000E+00  0.4500E-02  0.9500E-02  0.0000E+00  0.0000E+00
  0.0000E+00  0.0000E+00  0.1390E+00  0.1460E+00  0.0000E+00  0.0000E+00  0.9500E-02  0.5500E-02  0.0000E+00  0.0000E+00  0.6450E-01  0.4600E-01  0.0000E+00  0.0000E+00  0.5000E-02  0.9500E-02  0.0000E+00  0.0000E+00  0.1200E-01  0.1450E-01  0.0000E+00  0.0000E+00  0.3500E-02  0.5000E-02  0.0000E+00  0.0000E+00  0.1200E-01  0.1400E-01  0.0000E+00  0.0000E+00  0.8000E-02  0.1000E-01
 Events:
         311         255           0           0          21          13           0           0          99          93           0           0          16          13           0           0          37          22           0           0          14          16           0           0          31          23           0           0           9          19           0           0
           0           0         278         292           0           0          19          11           0           0         129          92           0           0          10          19           0           0          24          29           0           0           7          10           0           0          24          28           0           0          16          20
 Iteration  2   Mean: 0.6242E-12 Abs mean: 0.6242E-12   Fluctuation:  0.302E-13   0.582E-10    34.9%
  2    0.6242E-12 0.6242E-12 +- 0.3022E-13      3.06
 Relative summed weights:
  0.1888E+00  0.1516E+00  0.0000E+00  0.0000E+00  0.2103E-02  0.1411E-02  0.0000E+00  0.0000E+00  0.5192E-01  0.5441E-01  0.0000E+00  0.0000E+00  0.3370E-02  0.2701E-02  0.0000E+00  0.0000E+00  0.5961E-02  0.7120E-02  0.0000E+00  0.0000E+00  0.2366E-02  0.6753E-02  0.0000E+00  0.0000E+00  0.4885E-02  0.1155E-01  0.0000E+00  0.0000E+00  0.2376E-02  0.7765E-02  0.0000E+00  0.0000E+00
  0.0000E+00  0.0000E+00  0.1621E+00  0.1580E+00  0.0000E+00  0.0000E+00  0.1602E-02  0.6382E-03  0.0000E+00  0.0000E+00  0.7232E-01  0.6102E-01  0.0000E+00  0.0000E+00  0.3521E-02  0.1910E-02  0.0000E+00  0.0000E+00  0.4082E-02  0.5114E-02  0.0000E+00  0.0000E+00  0.5092E-03  0.1499E-02  0.0000E+00  0.0000E+00  0.2164E-02  0.1453E-01  0.0000E+00  0.0000E+00  0.2167E-02  0.3697E-02
 Relative number of events:
  0.1611E+00  0.1473E+00  0.0000E+00  0.0000E+00  0.4252E-02  0.2501E-02  0.0000E+00  0.0000E+00  0.5903E-01  0.5353E-01  0.0000E+00  0.0000E+00  0.6003E-02  0.5003E-02  0.0000E+00  0.0000E+00  0.8504E-02  0.9505E-02  0.0000E+00  0.0000E+00  0.4502E-02  0.4002E-02  0.0000E+00  0.0000E+00  0.8254E-02  0.1201E-01  0.0000E+00  0.0000E+00  0.6003E-02  0.6253E-02  0.0000E+00  0.0000E+00
  0.0000E+00  0.0000E+00  0.1543E+00  0.1551E+00  0.0000E+00  0.0000E+00  0.2751E-02  0.3002E-02  0.0000E+00  0.0000E+00  0.6478E-01  0.6028E-01  0.0000E+00  0.0000E+00  0.6253E-02  0.4752E-02  0.0000E+00  0.0000E+00  0.7754E-02  0.8504E-02  0.0000E+00  0.0000E+00  0.1501E-02  0.4502E-02  0.0000E+00  0.0000E+00  0.8754E-02  0.8754E-02  0.0000E+00  0.0000E+00  0.3752E-02  0.7504E-02
 Events:
         644         589           0           0          17          10           0           0         236         214           0           0          24          20           0           0          34          38           0           0          18          16           0           0          33          48           0           0          24          25           0           0
           0           0         617         620           0           0          11          12           0           0         259         241           0           0          25          19           0           0          31          34           0           0           6          18           0           0          35          35           0           0          15          30
 Iteration  3   Mean: 0.7853E-12 Abs mean: 0.7853E-12   Fluctuation:  0.284E-13   0.130E-09    40.3%
  3    0.7853E-12 0.7853E-12 +- 0.2840E-13      3.23
 Relative summed weights:
  0.1640E+00  0.1615E+00  0.0000E+00  0.0000E+00  0.2777E-02  0.1007E-02  0.0000E+00  0.0000E+00  0.6318E-01  0.7554E-01  0.0000E+00  0.0000E+00  0.3885E-02  0.2880E-02  0.0000E+00  0.0000E+00  0.8201E-02  0.6101E-02  0.0000E+00  0.0000E+00  0.1336E-02  0.2651E-02  0.0000E+00  0.0000E+00  0.5992E-02  0.6782E-02  0.0000E+00  0.0000E+00  0.5631E-02  0.3105E-02  0.0000E+00  0.0000E+00
  0.0000E+00  0.0000E+00  0.1522E+00  0.1547E+00  0.0000E+00  0.0000E+00  0.3071E-02  0.2702E-02  0.0000E+00  0.0000E+00  0.6756E-01  0.5913E-01  0.0000E+00  0.0000E+00  0.3439E-02  0.5706E-02  0.0000E+00  0.0000E+00  0.7271E-02  0.3595E-02  0.0000E+00  0.0000E+00  0.1175E-02  0.1210E-02  0.0000E+00  0.0000E+00  0.6235E-02  0.9327E-02  0.0000E+00  0.0000E+00  0.1927E-02  0.6144E-02
 Relative number of events:
  0.1585E+00  0.1580E+00  0.0000E+00  0.0000E+00  0.3125E-02  0.1875E-02  0.0000E+00  0.0000E+00  0.6138E-01  0.6651E-01  0.0000E+00  0.0000E+00  0.5001E-02  0.3250E-02  0.0000E+00  0.0000E+00  0.7251E-02  0.8626E-02  0.0000E+00  0.0000E+00  0.2500E-02  0.2500E-02  0.0000E+00  0.0000E+00  0.9001E-02  0.7876E-02  0.0000E+00  0.0000E+00  0.4001E-02  0.4626E-02  0.0000E+00  0.0000E+00
  0.0000E+00  0.0000E+00  0.1516E+00  0.1588E+00  0.0000E+00  0.0000E+00  0.2750E-02  0.4001E-02  0.0000E+00  0.0000E+00  0.6738E-01  0.5701E-01  0.0000E+00  0.0000E+00  0.3000E-02  0.5501E-02  0.0000E+00  0.0000E+00  0.5501E-02  0.7501E-02  0.0000E+00  0.0000E+00  0.2625E-02  0.3375E-02  0.0000E+00  0.0000E+00  0.8626E-02  0.1013E-01  0.0000E+00  0.0000E+00  0.3250E-02  0.4876E-02
 Events:
        1268        1264           0           0          25          15           0           0         491         532           0           0          40          26           0           0          58          69           0           0          20          20           0           0          72          63           0           0          32          37           0           0
           0           0        1213        1270           0           0          22          32           0           0         539         456           0           0          24          44           0           0          44          60           0           0          21          27           0           0          69          81           0           0          26          39
 Accuracy:    0.073   0.010   0.028   6.713
 Found         1642  events.
 Wrote           45  events.
 Actual xsec    7.2841070768642451E-013
 Correct abs xsec    7.2841070768683406E-013
 Event xsec    7.2841070768683436E-013
 Events wgts > 1:            0
 % Cross section > 1:    0.0000000000000000        0.0000000000000000     
 Iteration  4   Mean: 0.7690E-12 Abs mean: 0.7690E-12   Fluctuation:  0.174E-13   0.895E-10    42.6%
  4    0.7690E-12 0.7690E-12 +- 0.1743E-13      2.87
 Relative summed weights:
  0.1626E+00  0.1661E+00  0.0000E+00  0.0000E+00  0.2679E-02  0.1316E-02  0.0000E+00  0.0000E+00  0.6702E-01  0.6653E-01  0.0000E+00  0.0000E+00  0.2370E-02  0.3007E-02  0.0000E+00  0.0000E+00  0.4979E-02  0.3521E-02  0.0000E+00  0.0000E+00  0.1335E-02  0.3152E-02  0.0000E+00  0.0000E+00  0.5469E-02  0.6062E-02  0.0000E+00  0.0000E+00  0.2818E-02  0.1717E-02  0.0000E+00  0.0000E+00
  0.0000E+00  0.0000E+00  0.1667E+00  0.1598E+00  0.0000E+00  0.0000E+00  0.3783E-02  0.2986E-02  0.0000E+00  0.0000E+00  0.6437E-01  0.5470E-01  0.0000E+00  0.0000E+00  0.4093E-02  0.2214E-02  0.0000E+00  0.0000E+00  0.6878E-02  0.4507E-02  0.0000E+00  0.0000E+00  0.3000E-02  0.2632E-02  0.0000E+00  0.0000E+00  0.1047E-01  0.8167E-02  0.0000E+00  0.0000E+00  0.3336E-02  0.1625E-02
 Relative number of events:
  0.1547E+00  0.1584E+00  0.0000E+00  0.0000E+00  0.3250E-02  0.2188E-02  0.0000E+00  0.0000E+00  0.5813E-01  0.6144E-01  0.0000E+00  0.0000E+00  0.4250E-02  0.4125E-02  0.0000E+00  0.0000E+00  0.7125E-02  0.5250E-02  0.0000E+00  0.0000E+00  0.2375E-02  0.3187E-02  0.0000E+00  0.0000E+00  0.9250E-02  0.7812E-02  0.0000E+00  0.0000E+00  0.4125E-02  0.4125E-02  0.0000E+00  0.0000E+00
  0.0000E+00  0.0000E+00  0.1653E+00  0.1585E+00  0.0000E+00  0.0000E+00  0.3750E-02  0.2750E-02  0.0000E+00  0.0000E+00  0.6588E-01  0.6269E-01  0.0000E+00  0.0000E+00  0.4250E-02  0.4875E-02  0.0000E+00  0.0000E+00  0.6313E-02  0.6125E-02  0.0000E+00  0.0000E+00  0.3125E-02  0.2875E-02  0.0000E+00  0.0000E+00  0.7625E-02  0.8625E-02  0.0000E+00  0.0000E+00  0.3938E-02  0.3750E-02
 Events:
        2475        2534           0           0          52          35           0           0         930         983           0           0          68          66           0           0         114          84           0           0          38          51           0           0         148         125           0           0          66          66           0           0
           0           0        2644        2536           0           0          60          44           0           0        1054        1003           0           0          68          78           0           0         101          98           0           0          50          46           0           0         122         138           0           0          63          60
 Accuracy:    0.039   0.010   0.018   4.929
 Found         2906  events.
 Wrote          332  events.
 Actual xsec    7.5328584445232525E-013
 Correct abs xsec    7.5328584445238745E-013
 Event xsec    7.5328584445237887E-013
 Events wgts > 1:            9
 % Cross section > 1:    6.9815229147565056E-015  0.92680925390704905     
 Iteration  5   Mean: 0.7674E-12 Abs mean: 0.7674E-12   Fluctuation:  0.102E-13   0.741E-10    43.4%
  5    0.7674E-12 0.7674E-12 +- 0.1024E-13      2.39
 Relative summed weights:
  0.1580E+00  0.1710E+00  0.0000E+00  0.0000E+00  0.2664E-02  0.4411E-02  0.0000E+00  0.0000E+00  0.6149E-01  0.6193E-01  0.0000E+00  0.0000E+00  0.3308E-02  0.3428E-02  0.0000E+00  0.0000E+00  0.5075E-02  0.5605E-02  0.0000E+00  0.0000E+00  0.1967E-02  0.1916E-02  0.0000E+00  0.0000E+00  0.4669E-02  0.5401E-02  0.0000E+00  0.0000E+00  0.3630E-02  0.3781E-02  0.0000E+00  0.0000E+00
  0.0000E+00  0.0000E+00  0.1632E+00  0.1656E+00  0.0000E+00  0.0000E+00  0.2328E-02  0.2254E-02  0.0000E+00  0.0000E+00  0.6366E-01  0.6229E-01  0.0000E+00  0.0000E+00  0.2858E-02  0.3120E-02  0.0000E+00  0.0000E+00  0.5873E-02  0.5115E-02  0.0000E+00  0.0000E+00  0.2771E-02  0.1851E-02  0.0000E+00  0.0000E+00  0.6390E-02  0.7544E-02  0.0000E+00  0.0000E+00  0.2920E-02  0.3920E-02
 Relative number of events:
  0.1574E+00  0.1551E+00  0.0000E+00  0.0000E+00  0.2501E-02  0.2845E-02  0.0000E+00  0.0000E+00  0.6040E-01  0.6218E-01  0.0000E+00  0.0000E+00  0.4189E-02  0.4095E-02  0.0000E+00  0.0000E+00  0.5846E-02  0.6252E-02  0.0000E+00  0.0000E+00  0.2814E-02  0.2907E-02  0.0000E+00  0.0000E+00  0.7003E-02  0.8253E-02  0.0000E+00  0.0000E+00  0.4345E-02  0.4064E-02  0.0000E+00  0.0000E+00
  0.0000E+00  0.0000E+00  0.1642E+00  0.1623E+00  0.0000E+00  0.0000E+00  0.3189E-02  0.3126E-02  0.0000E+00  0.0000E+00  0.6668E-01  0.6302E-01  0.0000E+00  0.0000E+00  0.3564E-02  0.4064E-02  0.0000E+00  0.0000E+00  0.5408E-02  0.5752E-02  0.0000E+00  0.0000E+00  0.2876E-02  0.2595E-02  0.0000E+00  0.0000E+00  0.7597E-02  0.7503E-02  0.0000E+00  0.0000E+00  0.3814E-02  0.4127E-02
 Events:
        5035        4961           0           0          80          91           0           0        1932        1989           0           0         134         131           0           0         187         200           0           0          90          93           0           0         224         264           0           0         139         130           0           0
           0           0        5251        5193           0           0         102         100           0           0        2133        2016           0           0         114         130           0           0         173         184           0           0          92          83           0           0         243         240           0           0         122         132
 Accuracy:    0.021   0.010   0.011   3.791
 Found         6103  events.
 Wrote         1136  events.
 Actual xsec    7.6944764264219834E-013
 Correct abs xsec    7.6944764264273259E-013
 Event xsec    7.6944764264273683E-013
 Events wgts > 1:           21
 % Cross section > 1:    7.4092457366913346E-015  0.96293046155078421     
 Iteration  6   Mean: 0.7704E-12 Abs mean: 0.7704E-12   Fluctuation:  0.100E-13   0.465E-09    43.8%
  6    0.7704E-12 0.7704E-12 +- 0.1003E-13      3.29
 Relative summed weights:
  0.1570E+00  0.1640E+00  0.0000E+00  0.0000E+00  0.2870E-02  0.2793E-02  0.0000E+00  0.0000E+00  0.6279E-01  0.7139E-01  0.0000E+00  0.0000E+00  0.3891E-02  0.4409E-02  0.0000E+00  0.0000E+00  0.5881E-02  0.5073E-02  0.0000E+00  0.0000E+00  0.2611E-02  0.2452E-02  0.0000E+00  0.0000E+00  0.6505E-02  0.6642E-02  0.0000E+00  0.0000E+00  0.2942E-02  0.3668E-02  0.0000E+00  0.0000E+00
  0.0000E+00  0.0000E+00  0.1593E+00  0.1591E+00  0.0000E+00  0.0000E+00  0.2411E-02  0.2080E-02  0.0000E+00  0.0000E+00  0.6293E-01  0.6629E-01  0.0000E+00  0.0000E+00  0.3799E-02  0.3309E-02  0.0000E+00  0.0000E+00  0.4699E-02  0.5105E-02  0.0000E+00  0.0000E+00  0.2573E-02  0.2418E-02  0.0000E+00  0.0000E+00  0.7254E-02  0.6548E-02  0.0000E+00  0.0000E+00  0.3255E-02  0.3990E-02
 Relative number of events:
  0.1586E+00  0.1581E+00  0.0000E+00  0.0000E+00  0.2938E-02  0.2516E-02  0.0000E+00  0.0000E+00  0.6179E-01  0.5935E-01  0.0000E+00  0.0000E+00  0.4079E-02  0.4329E-02  0.0000E+00  0.0000E+00  0.5923E-02  0.6017E-02  0.0000E+00  0.0000E+00  0.2750E-02  0.2454E-02  0.0000E+00  0.0000E+00  0.6986E-02  0.7032E-02  0.0000E+00  0.0000E+00  0.3751E-02  0.4282E-02  0.0000E+00  0.0000E+00
  0.0000E+00  0.0000E+00  0.1649E+00  0.1636E+00  0.0000E+00  0.0000E+00  0.2844E-02  0.2657E-02  0.0000E+00  0.0000E+00  0.6460E-01  0.6412E-01  0.0000E+00  0.0000E+00  0.4188E-02  0.4423E-02  0.0000E+00  0.0000E+00  0.5548E-02  0.5829E-02  0.0000E+00  0.0000E+00  0.2375E-02  0.2313E-02  0.0000E+00  0.0000E+00  0.6923E-02  0.6986E-02  0.0000E+00  0.0000E+00  0.3673E-02  0.4110E-02
 Events:
       10146       10118           0           0         188         161           0           0        3954        3798           0           0         261         277           0           0         379         385           0           0         176         157           0           0         447         450           0           0         240         274           0           0
           0           0       10551       10471           0           0         182         170           0           0        4134        4103           0           0         268         283           0           0         355         373           0           0         152         148           0           0         443         447           0           0         235         263
 Accuracy:    0.014   0.010   0.008   3.088
 Found        12262  events.
 Wrote          765  events.
 Actual xsec    7.6895644656427095E-013
 Correct abs xsec    7.6895644656498807E-013
 Event xsec    7.6895644656498595E-013
 Events wgts > 1:            5
 % Cross section > 1:    7.4771030370839467E-015  0.97237016094799622     
 Iteration  7   Mean: 0.7635E-12 Abs mean: 0.7635E-12   Fluctuation:  0.474E-14   0.104E-09    44.1%
  7    0.7635E-12 0.7635E-12 +- 0.4741E-14      2.22
 Relative summed weights:
  0.1580E+00  0.1609E+00  0.0000E+00  0.0000E+00  0.2842E-02  0.2524E-02  0.0000E+00  0.0000E+00  0.6322E-01  0.6286E-01  0.0000E+00  0.0000E+00  0.4279E-02  0.4140E-02  0.0000E+00  0.0000E+00  0.5409E-02  0.5704E-02  0.0000E+00  0.0000E+00  0.2454E-02  0.2328E-02  0.0000E+00  0.0000E+00  0.7608E-02  0.7184E-02  0.0000E+00  0.0000E+00  0.4011E-02  0.3877E-02  0.0000E+00  0.0000E+00
  0.0000E+00  0.0000E+00  0.1604E+00  0.1625E+00  0.0000E+00  0.0000E+00  0.2471E-02  0.2596E-02  0.0000E+00  0.0000E+00  0.6253E-01  0.6602E-01  0.0000E+00  0.0000E+00  0.3742E-02  0.3890E-02  0.0000E+00  0.0000E+00  0.6358E-02  0.5362E-02  0.0000E+00  0.0000E+00  0.2878E-02  0.2523E-02  0.0000E+00  0.0000E+00  0.6687E-02  0.6675E-02  0.0000E+00  0.0000E+00  0.4304E-02  0.3757E-02
 Relative number of events:
  0.1576E+00  0.1575E+00  0.0000E+00  0.0000E+00  0.2633E-02  0.2860E-02  0.0000E+00  0.0000E+00  0.6172E-01  0.6124E-01  0.0000E+00  0.0000E+00  0.3860E-02  0.4212E-02  0.0000E+00  0.0000E+00  0.5876E-02  0.6142E-02  0.0000E+00  0.0000E+00  0.2665E-02  0.2626E-02  0.0000E+00  0.0000E+00  0.7408E-02  0.7134E-02  0.0000E+00  0.0000E+00  0.4243E-02  0.4024E-02  0.0000E+00  0.0000E+00
  0.0000E+00  0.0000E+00  0.1642E+00  0.1622E+00  0.0000E+00  0.0000E+00  0.2829E-02  0.2844E-02  0.0000E+00  0.0000E+00  0.6379E-01  0.6531E-01  0.0000E+00  0.0000E+00  0.4446E-02  0.3938E-02  0.0000E+00  0.0000E+00  0.6173E-02  0.5868E-02  0.0000E+00  0.0000E+00  0.2579E-02  0.2665E-02  0.0000E+00  0.0000E+00  0.6955E-02  0.6908E-02  0.0000E+00  0.0000E+00  0.3962E-02  0.3696E-02
 Events:
       20167       20150           0           0         337         366           0           0        7899        7837           0           0         494         539           0           0         752         786           0           0         341         336           0           0         948         913           0           0         543         515           0           0
           0           0       21008       20755           0           0         362         364           0           0        8163        8358           0           0         569         504           0           0         790         751           0           0         330         341           0           0         890         884           0           0         507         473
 Accuracy:    0.008   0.010   0.005   2.592
 Finished due to accuracy    7.9831907222461685E-003   1.0000000000000000E-002

 -------------------------------------------------------------------------------
 Accumulated results:   Integral =  0.7642E-12
                        Std dev  =  0.3790E-14
                       Cross sec =  0.7642E-12
             Chi**2 per DoF.     =      2.5919
 -------------------------------------------------------------------------------
 Found        24777  events.
 Wrote         5280  events.
 Actual xsec    7.6518870393492105E-013
 Correct abs xsec    7.6518870394171025E-013
 Event xsec    7.6518870394171923E-013
 Events wgts > 1:           91
 % Cross section > 1:    7.4209159696639080E-015  0.96981514905232113     
-------------------------------------------------
---------------------------
 Results Last   3 iters: Integral =   0.7652E-12
                     Abs integral =   0.7652E-12
                          Std dev =   0.3953E-14
                  Chi**2 per DoF. =      0.2206
-------------------------------------------------
---------------------------
 Status   1.0000000000000000E-002           8           8

ls status:
events.lhe
ftn25
ftn26
input_app.txt
results.dat
run1_app.log
